#
# There is insufficient memory for the Java Runtime Environment to continue.
# Native memory allocation (mmap) failed to map 195035136 bytes for Failed to commit area from 0x00000000d0900000 to 0x00000000dc300000 of length 195035136.
# Possible reasons:
#   The system is out of physical RAM or swap space
#   The process is running with CompressedOops enabled, and the Java Heap may be blocking the growth of the native heap
# Possible solutions:
#   Reduce memory load on the system
#   Increase physical memory or swap space
#   Check if swap backing store is full
#   Decrease Java heap size (-Xmx/-Xms)
#   Decrease number of Java threads
#   Decrease Java thread stack sizes (-Xss)
#   Set larger code cache with -XX:ReservedCodeCacheSize=
#   JVM is running with Unscaled Compressed Oops mode in which the Java heap is
#     placed in the first 4GB address space. The Java Heap base address is the
#     maximum limit for the native heap growth. Please use -XX:HeapBaseMinAddress
#     to set the Java Heap base and to place the Java Heap above 4GB virtual address.
# This output file may be truncated or incomplete.
#
#  Out of Memory Error (./src/hotspot/os/windows/os_windows.cpp:3386), pid=15348, tid=15896
#
# JRE version: OpenJDK Runtime Environment Microsoft-40648 (11.0.16.1+1) (build 11.0.16.1+1-LTS)
# Java VM: OpenJDK 64-Bit Server VM Microsoft-40648 (11.0.16.1+1-LTS, mixed mode, tiered, compressed oops, g1 gc, windows-amd64)
# No core dump will be written. Minidumps are not enabled by default on client versions of Windows
#

---------------  S U M M A R Y ------------

Command Line: -Xmx1G com.android.tools.r8.D8 --debug --min-api 21 --output obj\Debug\110\android\bin\ --lib C:\Android\android-sdk\platforms\android-30\android.jar obj\Debug\110\android\bin\classes.zip D:\Visual Studio 2022\Common7\IDE\ReferenceAssemblies\Microsoft\Framework\MonoAndroid\v11.0\mono.android.jar D:\Visual Studio 2022\MSBuild\Xamarin\Android\java_runtime_fastdev.jar C:\Users\osmin\.nuget\packages\xamarin.google.guava.listenablefuture\1.0.0.2\buildTransitive\monoandroid50\guava-listenablefuture.jar C:\Users\osmin\.nuget\packages\xamarin.androidx.annotation\1.2.0.1\buildTransitive\monoandroid90\..\..\jar\androidx.annotation.annotation.jar C:\Users\osmin\.nuget\packages\xamarin.androidx.collection\1.1.0.8\buildTransitive\monoandroid90\..\..\jar\androidx.collection.collection.jar C:\Users\osmin\.nuget\packages\xamarin.androidx.lifecycle.common\2.3.1.1\buildTransitive\monoandroid90\..\..\jar\androidx.lifecycle.lifecycle-common.jar C:\Users\osmin\.nuget\packages\xamarin.androidx.arch.core.common\2.1.0.9\buildTransitive\monoandroid90\..\..\jar\androidx.arch.core.core-common.jar C:\Users\osmin\.nuget\packages\xamarin.androidx.constraintlayout.core\1.0.0\buildTransitive\monoandroid90\..\..\jar\androidx.constraintlayout.constraintlayout-core.jar C:\Users\osmin\.nuget\packages\xamarin.androidx.concurrent.futures\1.1.0.3\buildTransitive\monoandroid90\..\..\jar\androidx.concurrent.concurrent-futures.jar obj\Debug\110\lp\0\jl\formsviewgroup.jar obj\Debug\110\lp\100\jl\classes.jar obj\Debug\110\lp\101\jl\classes.jar obj\Debug\110\lp\102\jl\classes.jar obj\Debug\110\lp\103\jl\classes.jar obj\Debug\110\lp\105\jl\classes.jar obj\Debug\110\lp\60\jl\classes.jar obj\Debug\110\lp\61\jl\classes.jar obj\Debug\110\lp\62\jl\classes.jar obj\Debug\110\lp\63\jl\classes.jar obj\Debug\110\lp\64\jl\classes.jar obj\Debug\110\lp\65\jl\classes.jar obj\Debug\110\lp\66\jl\classes.jar obj\Debug\110\lp\67\jl\classes.jar obj\Debug\110\lp\68\jl\classes.jar obj\Debug\110\lp\69\jl\classes.jar obj\Debug\110\lp\70\jl\classes.jar obj\Debug\110\lp\71\jl\classes.jar obj\Debug\110\lp\72\jl\classes.jar obj\Debug\110\lp\73\jl\classes.jar obj\Debug\110\lp\74\jl\classes.jar obj\Debug\110\lp\75\jl\classes.jar obj\Debug\110\lp\76\jl\classes.jar obj\Debug\110\lp\77\jl\classes.jar obj\Debug\110\lp\78\jl\classes.jar obj\Debug\110\lp\79\jl\classes.jar obj\Debug\110\lp\80\jl\classes.jar obj\Debug\110\lp\81\jl\classes.jar obj\Debug\110\lp\82\jl\classes.jar obj\Debug\110\lp\83\jl\classes.jar obj\Debug\110\lp\84\jl\classes.jar obj\Debug\110\lp\85\jl\classes.jar obj\Debug\110\lp\86\jl\classes.jar obj\Debug\110\lp\87\jl\classes.jar obj\Debug\110\lp\88\jl\classes.jar obj\Debug\110\lp\89\jl\classes.jar obj\Debug\110\lp\90\jl\classes.jar obj\Debug\110\lp\91\jl\classes.jar obj\Debug\110\lp\92\jl\classes.jar obj\Debug\110\lp\93\jl\classes.jar obj\Debug\110\lp\94\jl\classes.jar obj\Debug\110\lp\95\jl\classes.jar obj\Debug\110\lp\96\jl\classes.jar obj\Debug\110\lp\97\jl\classes.jar obj\Debug\110\lp\98\jl\classes.jar obj\Debug\110\lp\99\jl\classes.jar

Host: AMD Ryzen 3 3250U with Radeon Graphics         , 4 cores, 5G,  Windows 10 , 64 bit Build 19041 (10.0.19041.2913)
Time: Thu May 25 19:57:58 2023  Windows 10 , 64 bit Build 19041 (10.0.19041.2913) elapsed time: 3.535855 seconds (0d 0h 0m 3s)

---------------  T H R E A D  ---------------

Current thread (0x000001de69a86000):  VMThread "VM Thread" [stack: 0x0000004ec9b00000,0x0000004ec9c00000] [id=15896]

Stack: [0x0000004ec9b00000,0x0000004ec9c00000]
[error occurred during error reporting (printing stack bounds), id 0xc0000005, EXCEPTION_ACCESS_VIOLATION (0xc0000005) at pc=0x000001de55fe112d]

Native frames: (J=compiled Java code, j=interpreted, Vv=VM code, C=native code)
V  [jvm.dll+0x62652a]
V  [jvm.dll+0x7b3249]
V  [jvm.dll+0x7b4938]
V  [jvm.dll+0x7b4f75]
V  [jvm.dll+0x7b4f2b]
V  [jvm.dll+0x6258b7]
V  [jvm.dll+0x625fc8]
C  [ntdll.dll+0xa23df]
C  [ntdll.dll+0x514a4]
C  [ntdll.dll+0xa0f0e]
C  0x000001de55fe112d

VM_Operation (0x0000004ecaafdb00): G1CollectForAllocation, mode: safepoint, requested by thread 0x000001de6aed7800


---------------  P R O C E S S  ---------------

Threads class SMR info:
_java_thread_list=0x000001de6b1639e0, length=13, elements={
0x000001de4d881000, 0x000001de69a8b800, 0x000001de69a94800, 0x000001de69aea000,
0x000001de69aed000, 0x000001de69aee000, 0x000001de69af4000, 0x000001de69afd800,
0x000001de69b02000, 0x000001de6a571000, 0x000001de6a666000, 0x000001de6aed7800,
0x000001de6aed8800
}

Java Threads: ( => current thread )
  0x000001de4d881000 JavaThread "main" [_thread_blocked, id=17308, stack(0x0000004ec9500000,0x0000004ec9600000)]
  0x000001de69a8b800 JavaThread "Reference Handler" daemon [_thread_blocked, id=19392, stack(0x0000004ec9c00000,0x0000004ec9d00000)]
  0x000001de69a94800 JavaThread "Finalizer" daemon [_thread_blocked, id=12844, stack(0x0000004ec9d00000,0x0000004ec9e00000)]
  0x000001de69aea000 JavaThread "Signal Dispatcher" daemon [_thread_blocked, id=9920, stack(0x0000004ec9e00000,0x0000004ec9f00000)]
  0x000001de69aed000 JavaThread "Attach Listener" daemon [_thread_blocked, id=9176, stack(0x0000004ec9f00000,0x0000004eca000000)]
  0x000001de69aee000 JavaThread "Service Thread" daemon [_thread_blocked, id=18844, stack(0x0000004eca000000,0x0000004eca100000)]
  0x000001de69af4000 JavaThread "C2 CompilerThread0" daemon [_thread_blocked, id=19520, stack(0x0000004eca100000,0x0000004eca200000)]
  0x000001de69afd800 JavaThread "C1 CompilerThread0" daemon [_thread_blocked, id=9568, stack(0x0000004eca200000,0x0000004eca300000)]
  0x000001de69b02000 JavaThread "Sweeper thread" daemon [_thread_blocked, id=18364, stack(0x0000004eca300000,0x0000004eca400000)]
  0x000001de6a571000 JavaThread "Common-Cleaner" daemon [_thread_blocked, id=2696, stack(0x0000004eca500000,0x0000004eca600000)]
  0x000001de6a666000 JavaThread "C2 CompilerThread1" daemon [_thread_in_native, id=18752, stack(0x0000004eca600000,0x0000004eca700000)]
  0x000001de6aed7800 JavaThread "ForkJoinPool-1-worker-3" daemon [_thread_blocked, id=19164, stack(0x0000004ecaa00000,0x0000004ecab00000)]
  0x000001de6aed8800 JavaThread "ForkJoinPool-1-worker-1" daemon [_thread_blocked, id=7824, stack(0x0000004ecab00000,0x0000004ecac00000)]

Other Threads:
=>0x000001de69a86000 VMThread "VM Thread" [stack: 0x0000004ec9b00000,0x0000004ec9c00000] [id=15896]
  0x000001de6a568800 WatcherThread [stack: 0x0000004eca400000,0x0000004eca500000] [id=11676]
  0x000001de4d89a800 GCTaskThread "GC Thread#0" [stack: 0x0000004ec9600000,0x0000004ec9700000] [id=19816]
  0x000001de6ad09800 GCTaskThread "GC Thread#1" [stack: 0x0000004eca700000,0x0000004eca800000] [id=8744]
  0x000001de6cbeb000 GCTaskThread "GC Thread#2" [stack: 0x0000004ecad00000,0x0000004ecae00000] [id=12620]
  0x000001de6b645800 GCTaskThread "GC Thread#3" [stack: 0x0000004ecae00000,0x0000004ecaf00000] [id=7548]
  0x000001de4d8b4000 ConcurrentGCThread "G1 Main Marker" [stack: 0x0000004ec9700000,0x0000004ec9800000] [id=14200]
  0x000001de4d8b6800 ConcurrentGCThread "G1 Conc#0" [stack: 0x0000004ec9800000,0x0000004ec9900000] [id=14976]
  0x000001de4d928800 ConcurrentGCThread "G1 Refine#0" [stack: 0x0000004ec9900000,0x0000004ec9a00000] [id=9056]
  0x000001de6a667000 ConcurrentGCThread "G1 Refine#1" [stack: 0x0000004eca800000,0x0000004eca900000] [id=18268]
  0x000001de6a932000 ConcurrentGCThread "G1 Refine#2" [stack: 0x0000004eca900000,0x0000004ecaa00000] [id=20256]
  0x000001de6b964000 ConcurrentGCThread "G1 Refine#3" [stack: 0x0000004ecac00000,0x0000004ecad00000] [id=3932]
  0x000001de4d929800 ConcurrentGCThread "G1 Young RemSet Sampling" [stack: 0x0000004ec9a00000,0x0000004ec9b00000] [id=8660]

Threads with active compile tasks:
C2 CompilerThread0     3550 2064       4       java.util.Objects::equals (23 bytes)
C2 CompilerThread1     3550 2044 %     4       com.android.tools.r8.internal.Pa::a @ 3095 (4413 bytes)

VM state:at safepoint (normal execution)

VM Mutex/Monitor currently owned by a thread:  ([mutex/lock_event])
[0x000001de4d87e470] Threads_lock - owner thread: 0x000001de69a86000
[0x000001de4d87e740] Heap_lock - owner thread: 0x000001de6aed7800

Heap address: 0x00000000c0000000, size: 1024 MB, Compressed Oops mode: 32-bit
Narrow klass base: 0x0000000000000000, Narrow klass shift: 3
Compressed class space size: 1073741824 Address: 0x0000000100000000

Heap:
 garbage-first heap   total 461824K, used 105919K [0x00000000c0000000, 0x0000000100000000)
  region size 1024K, 11 young (11264K), 11 survivors (11264K)
 Metaspace       used 16823K, capacity 17133K, committed 17280K, reserved 1064960K
  class space    used 1712K, capacity 1863K, committed 1920K, reserved 1048576K
Heap Regions: E=young(eden), S=young(survivor), O=old, HS=humongous(starts), HC=humongous(continues), CS=collection set, F=free, A=archive, TAMS=top-at-mark-start (previous, next)
|   0|0x00000000c0000000, 0x00000000c0100000, 0x00000000c0100000|100%|HS|  |TAMS 0x00000000c0000000, 0x00000000c0000000| Complete 
|   1|0x00000000c0100000, 0x00000000c0200000, 0x00000000c0200000|100%|HC|  |TAMS 0x00000000c0100000, 0x00000000c0100000| Complete 
|   2|0x00000000c0200000, 0x00000000c0300000, 0x00000000c0300000|100%| O|  |TAMS 0x00000000c0200000, 0x00000000c0200000| Untracked 
|   3|0x00000000c0300000, 0x00000000c0400000, 0x00000000c0400000|100%| O|  |TAMS 0x00000000c0300000, 0x00000000c0300000| Untracked 
|   4|0x00000000c0400000, 0x00000000c0500000, 0x00000000c0500000|100%| O|  |TAMS 0x00000000c0400000, 0x00000000c0400000| Untracked 
|   5|0x00000000c0500000, 0x00000000c0600000, 0x00000000c0600000|100%| O|  |TAMS 0x00000000c0500000, 0x00000000c0500000| Untracked 
|   6|0x00000000c0600000, 0x00000000c0700000, 0x00000000c0700000|100%| O|  |TAMS 0x00000000c0600000, 0x00000000c0600000| Untracked 
|   7|0x00000000c0700000, 0x00000000c0800000, 0x00000000c0800000|100%| O|  |TAMS 0x00000000c0700000, 0x00000000c0700000| Untracked 
|   8|0x00000000c0800000, 0x00000000c0900000, 0x00000000c0900000|100%| O|  |TAMS 0x00000000c0800000, 0x00000000c0800000| Untracked 
|   9|0x00000000c0900000, 0x00000000c0a00000, 0x00000000c0a00000|100%| O|  |TAMS 0x00000000c0900000, 0x00000000c0900000| Untracked 
|  10|0x00000000c0a00000, 0x00000000c0b00000, 0x00000000c0b00000|100%| O|  |TAMS 0x00000000c0a00000, 0x00000000c0a00000| Untracked 
|  11|0x00000000c0b00000, 0x00000000c0c00000, 0x00000000c0c00000|100%| O|  |TAMS 0x00000000c0b00000, 0x00000000c0b00000| Untracked 
|  12|0x00000000c0c00000, 0x00000000c0d00000, 0x00000000c0d00000|100%| O|  |TAMS 0x00000000c0c00000, 0x00000000c0c00000| Untracked 
|  13|0x00000000c0d00000, 0x00000000c0e00000, 0x00000000c0e00000|100%| O|  |TAMS 0x00000000c0d00000, 0x00000000c0d00000| Untracked 
|  14|0x00000000c0e00000, 0x00000000c0f00000, 0x00000000c0f00000|100%| O|  |TAMS 0x00000000c0e00000, 0x00000000c0e00000| Untracked 
|  15|0x00000000c0f00000, 0x00000000c1000000, 0x00000000c1000000|100%| O|  |TAMS 0x00000000c0f00000, 0x00000000c0f00000| Untracked 
|  16|0x00000000c1000000, 0x00000000c1100000, 0x00000000c1100000|100%| O|  |TAMS 0x00000000c1000000, 0x00000000c1000000| Untracked 
|  17|0x00000000c1100000, 0x00000000c1200000, 0x00000000c1200000|100%| O|  |TAMS 0x00000000c1100000, 0x00000000c1100000| Untracked 
|  18|0x00000000c1200000, 0x00000000c1300000, 0x00000000c1300000|100%| O|  |TAMS 0x00000000c1200000, 0x00000000c1200000| Untracked 
|  19|0x00000000c1300000, 0x00000000c1400000, 0x00000000c1400000|100%| O|  |TAMS 0x00000000c1300000, 0x00000000c1300000| Untracked 
|  20|0x00000000c1400000, 0x00000000c1500000, 0x00000000c1500000|100%| O|  |TAMS 0x00000000c1400000, 0x00000000c1400000| Untracked 
|  21|0x00000000c1500000, 0x00000000c1600000, 0x00000000c1600000|100%| O|  |TAMS 0x00000000c1500000, 0x00000000c1500000| Untracked 
|  22|0x00000000c1600000, 0x00000000c1700000, 0x00000000c1700000|100%| O|  |TAMS 0x00000000c1600000, 0x00000000c1600000| Untracked 
|  23|0x00000000c1700000, 0x00000000c1800000, 0x00000000c1800000|100%| O|  |TAMS 0x00000000c1700000, 0x00000000c1700000| Untracked 
|  24|0x00000000c1800000, 0x00000000c1900000, 0x00000000c1900000|100%| O|  |TAMS 0x00000000c1800000, 0x00000000c1800000| Untracked 
|  25|0x00000000c1900000, 0x00000000c1a00000, 0x00000000c1a00000|100%| O|  |TAMS 0x00000000c1900000, 0x00000000c1900000| Untracked 
|  26|0x00000000c1a00000, 0x00000000c1b00000, 0x00000000c1b00000|100%| O|  |TAMS 0x00000000c1a00000, 0x00000000c1a00000| Untracked 
|  27|0x00000000c1b00000, 0x00000000c1c00000, 0x00000000c1c00000|100%| O|  |TAMS 0x00000000c1b00000, 0x00000000c1b00000| Untracked 
|  28|0x00000000c1c00000, 0x00000000c1d00000, 0x00000000c1d00000|100%| O|  |TAMS 0x00000000c1c00000, 0x00000000c1c00000| Untracked 
|  29|0x00000000c1d00000, 0x00000000c1e00000, 0x00000000c1e00000|100%| O|  |TAMS 0x00000000c1d00000, 0x00000000c1d00000| Untracked 
|  30|0x00000000c1e00000, 0x00000000c1f00000, 0x00000000c1f00000|100%| O|  |TAMS 0x00000000c1e00000, 0x00000000c1e00000| Untracked 
|  31|0x00000000c1f00000, 0x00000000c2000000, 0x00000000c2000000|100%| O|  |TAMS 0x00000000c1f00000, 0x00000000c1f00000| Untracked 
|  32|0x00000000c2000000, 0x00000000c2100000, 0x00000000c2100000|100%| O|  |TAMS 0x00000000c2000000, 0x00000000c2000000| Untracked 
|  33|0x00000000c2100000, 0x00000000c2200000, 0x00000000c2200000|100%| O|  |TAMS 0x00000000c2100000, 0x00000000c2100000| Untracked 
|  34|0x00000000c2200000, 0x00000000c2300000, 0x00000000c2300000|100%| O|  |TAMS 0x00000000c2200000, 0x00000000c2200000| Untracked 
|  35|0x00000000c2300000, 0x00000000c2400000, 0x00000000c2400000|100%| O|  |TAMS 0x00000000c2300000, 0x00000000c2300000| Untracked 
|  36|0x00000000c2400000, 0x00000000c2500000, 0x00000000c2500000|100%| O|  |TAMS 0x00000000c2400000, 0x00000000c2400000| Untracked 
|  37|0x00000000c2500000, 0x00000000c2600000, 0x00000000c2600000|100%| O|  |TAMS 0x00000000c2500000, 0x00000000c2500000| Untracked 
|  38|0x00000000c2600000, 0x00000000c2700000, 0x00000000c2700000|100%| O|  |TAMS 0x00000000c2600000, 0x00000000c2600000| Untracked 
|  39|0x00000000c2700000, 0x00000000c2800000, 0x00000000c2800000|100%| O|  |TAMS 0x00000000c2700000, 0x00000000c2700000| Untracked 
|  40|0x00000000c2800000, 0x00000000c2900000, 0x00000000c2900000|100%| O|  |TAMS 0x00000000c2800000, 0x00000000c2800000| Untracked 
|  41|0x00000000c2900000, 0x00000000c2a00000, 0x00000000c2a00000|100%| O|  |TAMS 0x00000000c2900000, 0x00000000c2900000| Untracked 
|  42|0x00000000c2a00000, 0x00000000c2b00000, 0x00000000c2b00000|100%| O|  |TAMS 0x00000000c2a00000, 0x00000000c2a00000| Untracked 
|  43|0x00000000c2b00000, 0x00000000c2c00000, 0x00000000c2c00000|100%| O|  |TAMS 0x00000000c2b00000, 0x00000000c2b00000| Untracked 
|  44|0x00000000c2c00000, 0x00000000c2d00000, 0x00000000c2d00000|100%| O|  |TAMS 0x00000000c2c00000, 0x00000000c2c00000| Untracked 
|  45|0x00000000c2d00000, 0x00000000c2e00000, 0x00000000c2e00000|100%| O|  |TAMS 0x00000000c2d00000, 0x00000000c2d00000| Untracked 
|  46|0x00000000c2e00000, 0x00000000c2f00000, 0x00000000c2f00000|100%| O|  |TAMS 0x00000000c2e00000, 0x00000000c2e00000| Untracked 
|  47|0x00000000c2f00000, 0x00000000c3000000, 0x00000000c3000000|100%| O|  |TAMS 0x00000000c2f00000, 0x00000000c2f00000| Untracked 
|  48|0x00000000c3000000, 0x00000000c3100000, 0x00000000c3100000|100%| O|  |TAMS 0x00000000c3000000, 0x00000000c3000000| Untracked 
|  49|0x00000000c3100000, 0x00000000c3200000, 0x00000000c3200000|100%| O|  |TAMS 0x00000000c3100000, 0x00000000c3100000| Untracked 
|  50|0x00000000c3200000, 0x00000000c3300000, 0x00000000c3300000|100%| O|  |TAMS 0x00000000c3200000, 0x00000000c3200000| Untracked 
|  51|0x00000000c3300000, 0x00000000c3400000, 0x00000000c3400000|100%| O|  |TAMS 0x00000000c3300000, 0x00000000c3300000| Untracked 
|  52|0x00000000c3400000, 0x00000000c3500000, 0x00000000c3500000|100%| O|  |TAMS 0x00000000c3400000, 0x00000000c3400000| Untracked 
|  53|0x00000000c3500000, 0x00000000c3600000, 0x00000000c3600000|100%| O|  |TAMS 0x00000000c3500000, 0x00000000c3500000| Untracked 
|  54|0x00000000c3600000, 0x00000000c3700000, 0x00000000c3700000|100%| O|  |TAMS 0x00000000c3600000, 0x00000000c3600000| Untracked 
|  55|0x00000000c3700000, 0x00000000c3800000, 0x00000000c3800000|100%| O|  |TAMS 0x00000000c3700000, 0x00000000c3700000| Untracked 
|  56|0x00000000c3800000, 0x00000000c3900000, 0x00000000c3900000|100%| O|  |TAMS 0x00000000c3800000, 0x00000000c3800000| Untracked 
|  57|0x00000000c3900000, 0x00000000c3a00000, 0x00000000c3a00000|100%| O|  |TAMS 0x00000000c3900000, 0x00000000c3900000| Untracked 
|  58|0x00000000c3a00000, 0x00000000c3b00000, 0x00000000c3b00000|100%| O|  |TAMS 0x00000000c3a00000, 0x00000000c3a00000| Untracked 
|  59|0x00000000c3b00000, 0x00000000c3c00000, 0x00000000c3c00000|100%| O|  |TAMS 0x00000000c3b00000, 0x00000000c3b00000| Untracked 
|  60|0x00000000c3c00000, 0x00000000c3d00000, 0x00000000c3d00000|100%| O|  |TAMS 0x00000000c3c00000, 0x00000000c3c00000| Untracked 
|  61|0x00000000c3d00000, 0x00000000c3e00000, 0x00000000c3e00000|100%| O|  |TAMS 0x00000000c3d00000, 0x00000000c3d00000| Untracked 
|  62|0x00000000c3e00000, 0x00000000c3f00000, 0x00000000c3f00000|100%| O|  |TAMS 0x00000000c3e00000, 0x00000000c3e00000| Untracked 
|  63|0x00000000c3f00000, 0x00000000c4000000, 0x00000000c4000000|100%| O|  |TAMS 0x00000000c3f00000, 0x00000000c3f00000| Untracked 
|  64|0x00000000c4000000, 0x00000000c4100000, 0x00000000c4100000|100%| O|  |TAMS 0x00000000c4000000, 0x00000000c4000000| Untracked 
|  65|0x00000000c4100000, 0x00000000c4200000, 0x00000000c4200000|100%| O|  |TAMS 0x00000000c4100000, 0x00000000c4100000| Untracked 
|  66|0x00000000c4200000, 0x00000000c4300000, 0x00000000c4300000|100%| O|  |TAMS 0x00000000c4200000, 0x00000000c4200000| Untracked 
|  67|0x00000000c4300000, 0x00000000c4400000, 0x00000000c4400000|100%| O|  |TAMS 0x00000000c4300000, 0x00000000c4300000| Untracked 
|  68|0x00000000c4400000, 0x00000000c4500000, 0x00000000c4500000|100%| O|  |TAMS 0x00000000c4400000, 0x00000000c4400000| Untracked 
|  69|0x00000000c4500000, 0x00000000c4600000, 0x00000000c4600000|100%| O|  |TAMS 0x00000000c4500000, 0x00000000c4500000| Untracked 
|  70|0x00000000c4600000, 0x00000000c4700000, 0x00000000c4700000|100%| O|  |TAMS 0x00000000c4600000, 0x00000000c4600000| Untracked 
|  71|0x00000000c4700000, 0x00000000c4800000, 0x00000000c4800000|100%| O|  |TAMS 0x00000000c4700000, 0x00000000c4700000| Untracked 
|  72|0x00000000c4800000, 0x00000000c4900000, 0x00000000c4900000|100%| O|  |TAMS 0x00000000c4800000, 0x00000000c4800000| Untracked 
|  73|0x00000000c4900000, 0x00000000c4a00000, 0x00000000c4a00000|100%| O|  |TAMS 0x00000000c4900000, 0x00000000c4900000| Untracked 
|  74|0x00000000c4a00000, 0x00000000c4b00000, 0x00000000c4b00000|100%| O|  |TAMS 0x00000000c4a00000, 0x00000000c4a00000| Untracked 
|  75|0x00000000c4b00000, 0x00000000c4c00000, 0x00000000c4c00000|100%| O|  |TAMS 0x00000000c4b00000, 0x00000000c4b00000| Untracked 
|  76|0x00000000c4c00000, 0x00000000c4d00000, 0x00000000c4d00000|100%| O|  |TAMS 0x00000000c4c00000, 0x00000000c4c00000| Untracked 
|  77|0x00000000c4d00000, 0x00000000c4e00000, 0x00000000c4e00000|100%| O|  |TAMS 0x00000000c4d00000, 0x00000000c4d00000| Untracked 
|  78|0x00000000c4e00000, 0x00000000c4f00000, 0x00000000c4f00000|100%| O|  |TAMS 0x00000000c4e00000, 0x00000000c4e00000| Untracked 
|  79|0x00000000c4f00000, 0x00000000c5000000, 0x00000000c5000000|100%| O|  |TAMS 0x00000000c4f00000, 0x00000000c4f00000| Untracked 
|  80|0x00000000c5000000, 0x00000000c5100000, 0x00000000c5100000|100%| O|  |TAMS 0x00000000c5000000, 0x00000000c5000000| Untracked 
|  81|0x00000000c5100000, 0x00000000c5200000, 0x00000000c5200000|100%| O|  |TAMS 0x00000000c5100000, 0x00000000c5100000| Untracked 
|  82|0x00000000c5200000, 0x00000000c5300000, 0x00000000c5300000|100%| O|  |TAMS 0x00000000c5200000, 0x00000000c5200000| Untracked 
|  83|0x00000000c5300000, 0x00000000c5400000, 0x00000000c5400000|100%| O|  |TAMS 0x00000000c5300000, 0x00000000c5300000| Untracked 
|  84|0x00000000c5400000, 0x00000000c5500000, 0x00000000c5500000|100%| O|  |TAMS 0x00000000c5400000, 0x00000000c5400000| Untracked 
|  85|0x00000000c5500000, 0x00000000c5600000, 0x00000000c5600000|100%| O|  |TAMS 0x00000000c5500000, 0x00000000c5500000| Untracked 
|  86|0x00000000c5600000, 0x00000000c5700000, 0x00000000c5700000|100%| O|  |TAMS 0x00000000c5600000, 0x00000000c5600000| Untracked 
|  87|0x00000000c5700000, 0x00000000c5800000, 0x00000000c5800000|100%| O|  |TAMS 0x00000000c5700000, 0x00000000c5700000| Untracked 
|  88|0x00000000c5800000, 0x00000000c5900000, 0x00000000c5900000|100%| O|  |TAMS 0x00000000c5800000, 0x00000000c5800000| Untracked 
|  89|0x00000000c5900000, 0x00000000c5a00000, 0x00000000c5a00000|100%| O|  |TAMS 0x00000000c5900000, 0x00000000c5900000| Untracked 
|  90|0x00000000c5a00000, 0x00000000c5b00000, 0x00000000c5b00000|100%| O|  |TAMS 0x00000000c5a00000, 0x00000000c5a00000| Untracked 
|  91|0x00000000c5b00000, 0x00000000c5c00000, 0x00000000c5c00000|100%| O|  |TAMS 0x00000000c5b00000, 0x00000000c5b00000| Untracked 
|  92|0x00000000c5c00000, 0x00000000c5c6fe00, 0x00000000c5d00000| 43%| O|  |TAMS 0x00000000c5c00000, 0x00000000c5c00000| Untracked 
|  93|0x00000000c5d00000, 0x00000000c5d00000, 0x00000000c5e00000|  0%| F|  |TAMS 0x00000000c5d00000, 0x00000000c5d00000| Untracked 
|  94|0x00000000c5e00000, 0x00000000c5e00000, 0x00000000c5f00000|  0%| F|  |TAMS 0x00000000c5e00000, 0x00000000c5e00000| Untracked 
|  95|0x00000000c5f00000, 0x00000000c5f00000, 0x00000000c6000000|  0%| F|  |TAMS 0x00000000c5f00000, 0x00000000c5f00000| Untracked 
|  96|0x00000000c6000000, 0x00000000c6000000, 0x00000000c6100000|  0%| F|  |TAMS 0x00000000c6000000, 0x00000000c6000000| Untracked 
|  97|0x00000000c6100000, 0x00000000c6100000, 0x00000000c6200000|  0%| F|  |TAMS 0x00000000c6100000, 0x00000000c6100000| Untracked 
|  98|0x00000000c6200000, 0x00000000c6200000, 0x00000000c6300000|  0%| F|  |TAMS 0x00000000c6200000, 0x00000000c6200000| Untracked 
|  99|0x00000000c6300000, 0x00000000c6300000, 0x00000000c6400000|  0%| F|  |TAMS 0x00000000c6300000, 0x00000000c6300000| Untracked 
| 100|0x00000000c6400000, 0x00000000c6400000, 0x00000000c6500000|  0%| F|  |TAMS 0x00000000c6400000, 0x00000000c6400000| Untracked 
| 101|0x00000000c6500000, 0x00000000c6500000, 0x00000000c6600000|  0%| F|  |TAMS 0x00000000c6500000, 0x00000000c6500000| Untracked 
| 102|0x00000000c6600000, 0x00000000c6600000, 0x00000000c6700000|  0%| F|  |TAMS 0x00000000c6600000, 0x00000000c6600000| Untracked 
| 103|0x00000000c6700000, 0x00000000c6700000, 0x00000000c6800000|  0%| F|  |TAMS 0x00000000c6700000, 0x00000000c6700000| Untracked 
| 104|0x00000000c6800000, 0x00000000c6800000, 0x00000000c6900000|  0%| F|  |TAMS 0x00000000c6800000, 0x00000000c6800000| Untracked 
| 105|0x00000000c6900000, 0x00000000c6900000, 0x00000000c6a00000|  0%| F|  |TAMS 0x00000000c6900000, 0x00000000c6900000| Untracked 
| 106|0x00000000c6a00000, 0x00000000c6a00000, 0x00000000c6b00000|  0%| F|  |TAMS 0x00000000c6a00000, 0x00000000c6a00000| Untracked 
| 107|0x00000000c6b00000, 0x00000000c6b00000, 0x00000000c6c00000|  0%| F|  |TAMS 0x00000000c6b00000, 0x00000000c6b00000| Untracked 
| 108|0x00000000c6c00000, 0x00000000c6c00000, 0x00000000c6d00000|  0%| F|  |TAMS 0x00000000c6c00000, 0x00000000c6c00000| Untracked 
| 109|0x00000000c6d00000, 0x00000000c6d00000, 0x00000000c6e00000|  0%| F|  |TAMS 0x00000000c6d00000, 0x00000000c6d00000| Untracked 
| 110|0x00000000c6e00000, 0x00000000c6e00000, 0x00000000c6f00000|  0%| F|  |TAMS 0x00000000c6e00000, 0x00000000c6e00000| Untracked 
| 111|0x00000000c6f00000, 0x00000000c6f00000, 0x00000000c7000000|  0%| F|  |TAMS 0x00000000c6f00000, 0x00000000c6f00000| Untracked 
| 112|0x00000000c7000000, 0x00000000c7000000, 0x00000000c7100000|  0%| F|  |TAMS 0x00000000c7000000, 0x00000000c7000000| Untracked 
| 113|0x00000000c7100000, 0x00000000c7100000, 0x00000000c7200000|  0%| F|  |TAMS 0x00000000c7100000, 0x00000000c7100000| Untracked 
| 114|0x00000000c7200000, 0x00000000c7200000, 0x00000000c7300000|  0%| F|  |TAMS 0x00000000c7200000, 0x00000000c7200000| Untracked 
| 115|0x00000000c7300000, 0x00000000c7300000, 0x00000000c7400000|  0%| F|  |TAMS 0x00000000c7300000, 0x00000000c7300000| Untracked 
| 116|0x00000000c7400000, 0x00000000c7400000, 0x00000000c7500000|  0%| F|  |TAMS 0x00000000c7400000, 0x00000000c7400000| Untracked 
| 117|0x00000000c7500000, 0x00000000c7500000, 0x00000000c7600000|  0%| F|  |TAMS 0x00000000c7500000, 0x00000000c7500000| Untracked 
| 118|0x00000000c7600000, 0x00000000c7600000, 0x00000000c7700000|  0%| F|  |TAMS 0x00000000c7600000, 0x00000000c7600000| Untracked 
| 119|0x00000000c7700000, 0x00000000c7700000, 0x00000000c7800000|  0%| F|  |TAMS 0x00000000c7700000, 0x00000000c7700000| Untracked 
| 120|0x00000000c7800000, 0x00000000c7800000, 0x00000000c7900000|  0%| F|  |TAMS 0x00000000c7800000, 0x00000000c7800000| Untracked 
| 121|0x00000000c7900000, 0x00000000c7900000, 0x00000000c7a00000|  0%| F|  |TAMS 0x00000000c7900000, 0x00000000c7900000| Untracked 
| 122|0x00000000c7a00000, 0x00000000c7a00000, 0x00000000c7b00000|  0%| F|  |TAMS 0x00000000c7a00000, 0x00000000c7a00000| Untracked 
| 123|0x00000000c7b00000, 0x00000000c7b00000, 0x00000000c7c00000|  0%| F|  |TAMS 0x00000000c7b00000, 0x00000000c7b00000| Untracked 
| 124|0x00000000c7c00000, 0x00000000c7c00000, 0x00000000c7d00000|  0%| F|  |TAMS 0x00000000c7c00000, 0x00000000c7c00000| Untracked 
| 125|0x00000000c7d00000, 0x00000000c7d00000, 0x00000000c7e00000|  0%| F|  |TAMS 0x00000000c7d00000, 0x00000000c7d00000| Untracked 
| 126|0x00000000c7e00000, 0x00000000c7e00000, 0x00000000c7f00000|  0%| F|  |TAMS 0x00000000c7e00000, 0x00000000c7e00000| Untracked 
| 127|0x00000000c7f00000, 0x00000000c7f00000, 0x00000000c8000000|  0%| F|  |TAMS 0x00000000c7f00000, 0x00000000c7f00000| Untracked 
| 128|0x00000000c8000000, 0x00000000c8000000, 0x00000000c8100000|  0%| F|  |TAMS 0x00000000c8000000, 0x00000000c8000000| Untracked 
| 129|0x00000000c8100000, 0x00000000c8100000, 0x00000000c8200000|  0%| F|  |TAMS 0x00000000c8100000, 0x00000000c8100000| Untracked 
| 130|0x00000000c8200000, 0x00000000c8200000, 0x00000000c8300000|  0%| F|  |TAMS 0x00000000c8200000, 0x00000000c8200000| Untracked 
| 131|0x00000000c8300000, 0x00000000c8300000, 0x00000000c8400000|  0%| F|  |TAMS 0x00000000c8300000, 0x00000000c8300000| Untracked 
| 132|0x00000000c8400000, 0x00000000c8400000, 0x00000000c8500000|  0%| F|  |TAMS 0x00000000c8400000, 0x00000000c8400000| Untracked 
| 133|0x00000000c8500000, 0x00000000c8500000, 0x00000000c8600000|  0%| F|  |TAMS 0x00000000c8500000, 0x00000000c8500000| Untracked 
| 134|0x00000000c8600000, 0x00000000c8600000, 0x00000000c8700000|  0%| F|  |TAMS 0x00000000c8600000, 0x00000000c8600000| Untracked 
| 135|0x00000000c8700000, 0x00000000c8700000, 0x00000000c8800000|  0%| F|  |TAMS 0x00000000c8700000, 0x00000000c8700000| Untracked 
| 136|0x00000000c8800000, 0x00000000c8800000, 0x00000000c8900000|  0%| F|  |TAMS 0x00000000c8800000, 0x00000000c8800000| Untracked 
| 137|0x00000000c8900000, 0x00000000c8900000, 0x00000000c8a00000|  0%| F|  |TAMS 0x00000000c8900000, 0x00000000c8900000| Untracked 
| 138|0x00000000c8a00000, 0x00000000c8a00000, 0x00000000c8b00000|  0%| F|  |TAMS 0x00000000c8a00000, 0x00000000c8a00000| Untracked 
| 139|0x00000000c8b00000, 0x00000000c8b00000, 0x00000000c8c00000|  0%| F|  |TAMS 0x00000000c8b00000, 0x00000000c8b00000| Untracked 
| 140|0x00000000c8c00000, 0x00000000c8c00000, 0x00000000c8d00000|  0%| F|  |TAMS 0x00000000c8c00000, 0x00000000c8c00000| Untracked 
| 141|0x00000000c8d00000, 0x00000000c8d00000, 0x00000000c8e00000|  0%| F|  |TAMS 0x00000000c8d00000, 0x00000000c8d00000| Untracked 
| 142|0x00000000c8e00000, 0x00000000c8e00000, 0x00000000c8f00000|  0%| F|  |TAMS 0x00000000c8e00000, 0x00000000c8e00000| Untracked 
| 143|0x00000000c8f00000, 0x00000000c8f00000, 0x00000000c9000000|  0%| F|  |TAMS 0x00000000c8f00000, 0x00000000c8f00000| Untracked 
| 144|0x00000000c9000000, 0x00000000c9000000, 0x00000000c9100000|  0%| F|  |TAMS 0x00000000c9000000, 0x00000000c9000000| Untracked 
| 145|0x00000000c9100000, 0x00000000c9100000, 0x00000000c9200000|  0%| F|  |TAMS 0x00000000c9100000, 0x00000000c9100000| Untracked 
| 146|0x00000000c9200000, 0x00000000c9200000, 0x00000000c9300000|  0%| F|  |TAMS 0x00000000c9200000, 0x00000000c9200000| Untracked 
| 147|0x00000000c9300000, 0x00000000c9300000, 0x00000000c9400000|  0%| F|  |TAMS 0x00000000c9300000, 0x00000000c9300000| Untracked 
| 148|0x00000000c9400000, 0x00000000c9400000, 0x00000000c9500000|  0%| F|  |TAMS 0x00000000c9400000, 0x00000000c9400000| Untracked 
| 149|0x00000000c9500000, 0x00000000c9500000, 0x00000000c9600000|  0%| F|  |TAMS 0x00000000c9500000, 0x00000000c9500000| Untracked 
| 150|0x00000000c9600000, 0x00000000c9600000, 0x00000000c9700000|  0%| F|  |TAMS 0x00000000c9600000, 0x00000000c9600000| Untracked 
| 151|0x00000000c9700000, 0x00000000c9700000, 0x00000000c9800000|  0%| F|  |TAMS 0x00000000c9700000, 0x00000000c9700000| Untracked 
| 152|0x00000000c9800000, 0x00000000c9800000, 0x00000000c9900000|  0%| F|  |TAMS 0x00000000c9800000, 0x00000000c9800000| Untracked 
| 153|0x00000000c9900000, 0x00000000c9900000, 0x00000000c9a00000|  0%| F|  |TAMS 0x00000000c9900000, 0x00000000c9900000| Untracked 
| 154|0x00000000c9a00000, 0x00000000c9a00000, 0x00000000c9b00000|  0%| F|  |TAMS 0x00000000c9a00000, 0x00000000c9a00000| Untracked 
| 155|0x00000000c9b00000, 0x00000000c9b00000, 0x00000000c9c00000|  0%| F|  |TAMS 0x00000000c9b00000, 0x00000000c9b00000| Untracked 
| 156|0x00000000c9c00000, 0x00000000c9c00000, 0x00000000c9d00000|  0%| F|  |TAMS 0x00000000c9c00000, 0x00000000c9c00000| Untracked 
| 157|0x00000000c9d00000, 0x00000000c9d00000, 0x00000000c9e00000|  0%| F|  |TAMS 0x00000000c9d00000, 0x00000000c9d00000| Untracked 
| 158|0x00000000c9e00000, 0x00000000c9e00000, 0x00000000c9f00000|  0%| F|  |TAMS 0x00000000c9e00000, 0x00000000c9e00000| Untracked 
| 159|0x00000000c9f00000, 0x00000000c9f00000, 0x00000000ca000000|  0%| F|  |TAMS 0x00000000c9f00000, 0x00000000c9f00000| Untracked 
| 160|0x00000000ca000000, 0x00000000ca000000, 0x00000000ca100000|  0%| F|  |TAMS 0x00000000ca000000, 0x00000000ca000000| Untracked 
| 161|0x00000000ca100000, 0x00000000ca100000, 0x00000000ca200000|  0%| F|  |TAMS 0x00000000ca100000, 0x00000000ca100000| Untracked 
| 162|0x00000000ca200000, 0x00000000ca200000, 0x00000000ca300000|  0%| F|  |TAMS 0x00000000ca200000, 0x00000000ca200000| Untracked 
| 163|0x00000000ca300000, 0x00000000ca300000, 0x00000000ca400000|  0%| F|  |TAMS 0x00000000ca300000, 0x00000000ca300000| Untracked 
| 164|0x00000000ca400000, 0x00000000ca400000, 0x00000000ca500000|  0%| F|  |TAMS 0x00000000ca400000, 0x00000000ca400000| Untracked 
| 165|0x00000000ca500000, 0x00000000ca500000, 0x00000000ca600000|  0%| F|  |TAMS 0x00000000ca500000, 0x00000000ca500000| Untracked 
| 166|0x00000000ca600000, 0x00000000ca600000, 0x00000000ca700000|  0%| F|  |TAMS 0x00000000ca600000, 0x00000000ca600000| Untracked 
| 167|0x00000000ca700000, 0x00000000ca700000, 0x00000000ca800000|  0%| F|  |TAMS 0x00000000ca700000, 0x00000000ca700000| Untracked 
| 168|0x00000000ca800000, 0x00000000ca900000, 0x00000000ca900000|100%| S|CS|TAMS 0x00000000ca800000, 0x00000000ca800000| Complete 
| 169|0x00000000ca900000, 0x00000000caa00000, 0x00000000caa00000|100%| S|CS|TAMS 0x00000000ca900000, 0x00000000ca900000| Complete 
| 170|0x00000000caa00000, 0x00000000cab00000, 0x00000000cab00000|100%| S|CS|TAMS 0x00000000caa00000, 0x00000000caa00000| Complete 
| 171|0x00000000cab00000, 0x00000000cac00000, 0x00000000cac00000|100%| S|CS|TAMS 0x00000000cab00000, 0x00000000cab00000| Complete 
| 172|0x00000000cac00000, 0x00000000cad00000, 0x00000000cad00000|100%| S|CS|TAMS 0x00000000cac00000, 0x00000000cac00000| Complete 
| 173|0x00000000cad00000, 0x00000000cae00000, 0x00000000cae00000|100%| S|CS|TAMS 0x00000000cad00000, 0x00000000cad00000| Complete 
| 174|0x00000000cae00000, 0x00000000caf00000, 0x00000000caf00000|100%| S|CS|TAMS 0x00000000cae00000, 0x00000000cae00000| Complete 
| 175|0x00000000caf00000, 0x00000000cb000000, 0x00000000cb000000|100%| S|CS|TAMS 0x00000000caf00000, 0x00000000caf00000| Complete 
| 176|0x00000000cb000000, 0x00000000cb100000, 0x00000000cb100000|100%| S|CS|TAMS 0x00000000cb000000, 0x00000000cb000000| Complete 
| 177|0x00000000cb100000, 0x00000000cb200000, 0x00000000cb200000|100%| S|CS|TAMS 0x00000000cb100000, 0x00000000cb100000| Complete 
| 178|0x00000000cb200000, 0x00000000cb300000, 0x00000000cb300000|100%| S|CS|TAMS 0x00000000cb200000, 0x00000000cb200000| Complete 
| 179|0x00000000cb300000, 0x00000000cb300000, 0x00000000cb400000|  0%| F|  |TAMS 0x00000000cb300000, 0x00000000cb300000| Untracked 
| 180|0x00000000cb400000, 0x00000000cb400000, 0x00000000cb500000|  0%| F|  |TAMS 0x00000000cb400000, 0x00000000cb400000| Untracked 
| 181|0x00000000cb500000, 0x00000000cb500000, 0x00000000cb600000|  0%| F|  |TAMS 0x00000000cb500000, 0x00000000cb500000| Untracked 
| 182|0x00000000cb600000, 0x00000000cb600000, 0x00000000cb700000|  0%| F|  |TAMS 0x00000000cb600000, 0x00000000cb600000| Untracked 
| 183|0x00000000cb700000, 0x00000000cb700000, 0x00000000cb800000|  0%| F|  |TAMS 0x00000000cb700000, 0x00000000cb700000| Untracked 
| 184|0x00000000cb800000, 0x00000000cb800000, 0x00000000cb900000|  0%| F|  |TAMS 0x00000000cb800000, 0x00000000cb800000| Untracked 
| 185|0x00000000cb900000, 0x00000000cb900000, 0x00000000cba00000|  0%| F|  |TAMS 0x00000000cb900000, 0x00000000cb900000| Untracked 
| 186|0x00000000cba00000, 0x00000000cba00000, 0x00000000cbb00000|  0%| F|  |TAMS 0x00000000cba00000, 0x00000000cba00000| Untracked 
| 187|0x00000000cbb00000, 0x00000000cbb00000, 0x00000000cbc00000|  0%| F|  |TAMS 0x00000000cbb00000, 0x00000000cbb00000| Untracked 
| 188|0x00000000cbc00000, 0x00000000cbc00000, 0x00000000cbd00000|  0%| F|  |TAMS 0x00000000cbc00000, 0x00000000cbc00000| Untracked 
| 189|0x00000000cbd00000, 0x00000000cbd00000, 0x00000000cbe00000|  0%| F|  |TAMS 0x00000000cbd00000, 0x00000000cbd00000| Untracked 
| 190|0x00000000cbe00000, 0x00000000cbe00000, 0x00000000cbf00000|  0%| F|  |TAMS 0x00000000cbe00000, 0x00000000cbe00000| Untracked 
| 191|0x00000000cbf00000, 0x00000000cbf00000, 0x00000000cc000000|  0%| F|  |TAMS 0x00000000cbf00000, 0x00000000cbf00000| Untracked 
| 192|0x00000000cc000000, 0x00000000cc000000, 0x00000000cc100000|  0%| F|  |TAMS 0x00000000cc000000, 0x00000000cc000000| Untracked 
| 193|0x00000000cc100000, 0x00000000cc100000, 0x00000000cc200000|  0%| F|  |TAMS 0x00000000cc100000, 0x00000000cc100000| Untracked 
| 194|0x00000000cc200000, 0x00000000cc200000, 0x00000000cc300000|  0%| F|  |TAMS 0x00000000cc200000, 0x00000000cc200000| Untracked 
| 195|0x00000000cc300000, 0x00000000cc300000, 0x00000000cc400000|  0%| F|  |TAMS 0x00000000cc300000, 0x00000000cc300000| Untracked 
| 196|0x00000000cc400000, 0x00000000cc400000, 0x00000000cc500000|  0%| F|  |TAMS 0x00000000cc400000, 0x00000000cc400000| Untracked 
| 197|0x00000000cc500000, 0x00000000cc500000, 0x00000000cc600000|  0%| F|  |TAMS 0x00000000cc500000, 0x00000000cc500000| Untracked 
| 198|0x00000000cc600000, 0x00000000cc600000, 0x00000000cc700000|  0%| F|  |TAMS 0x00000000cc600000, 0x00000000cc600000| Untracked 
| 199|0x00000000cc700000, 0x00000000cc700000, 0x00000000cc800000|  0%| F|  |TAMS 0x00000000cc700000, 0x00000000cc700000| Untracked 
| 200|0x00000000cc800000, 0x00000000cc800000, 0x00000000cc900000|  0%| F|  |TAMS 0x00000000cc800000, 0x00000000cc800000| Untracked 
| 201|0x00000000cc900000, 0x00000000cc900000, 0x00000000cca00000|  0%| F|  |TAMS 0x00000000cc900000, 0x00000000cc900000| Untracked 
| 202|0x00000000cca00000, 0x00000000cca00000, 0x00000000ccb00000|  0%| F|  |TAMS 0x00000000cca00000, 0x00000000cca00000| Untracked 
| 203|0x00000000ccb00000, 0x00000000ccb00000, 0x00000000ccc00000|  0%| F|  |TAMS 0x00000000ccb00000, 0x00000000ccb00000| Untracked 
| 204|0x00000000ccc00000, 0x00000000ccc00000, 0x00000000ccd00000|  0%| F|  |TAMS 0x00000000ccc00000, 0x00000000ccc00000| Untracked 
| 205|0x00000000ccd00000, 0x00000000ccd00000, 0x00000000cce00000|  0%| F|  |TAMS 0x00000000ccd00000, 0x00000000ccd00000| Untracked 
| 206|0x00000000cce00000, 0x00000000cce00000, 0x00000000ccf00000|  0%| F|  |TAMS 0x00000000cce00000, 0x00000000cce00000| Untracked 
| 207|0x00000000ccf00000, 0x00000000ccf00000, 0x00000000cd000000|  0%| F|  |TAMS 0x00000000ccf00000, 0x00000000ccf00000| Untracked 
| 208|0x00000000cd000000, 0x00000000cd000000, 0x00000000cd100000|  0%| F|  |TAMS 0x00000000cd000000, 0x00000000cd000000| Untracked 
| 209|0x00000000cd100000, 0x00000000cd100000, 0x00000000cd200000|  0%| F|  |TAMS 0x00000000cd100000, 0x00000000cd100000| Untracked 
| 210|0x00000000cd200000, 0x00000000cd200000, 0x00000000cd300000|  0%| F|  |TAMS 0x00000000cd200000, 0x00000000cd200000| Untracked 
| 211|0x00000000cd300000, 0x00000000cd300000, 0x00000000cd400000|  0%| F|  |TAMS 0x00000000cd300000, 0x00000000cd300000| Untracked 
| 212|0x00000000cd400000, 0x00000000cd400000, 0x00000000cd500000|  0%| F|  |TAMS 0x00000000cd400000, 0x00000000cd400000| Untracked 
| 213|0x00000000cd500000, 0x00000000cd500000, 0x00000000cd600000|  0%| F|  |TAMS 0x00000000cd500000, 0x00000000cd500000| Untracked 
| 214|0x00000000cd600000, 0x00000000cd600000, 0x00000000cd700000|  0%| F|  |TAMS 0x00000000cd600000, 0x00000000cd600000| Untracked 
| 215|0x00000000cd700000, 0x00000000cd700000, 0x00000000cd800000|  0%| F|  |TAMS 0x00000000cd700000, 0x00000000cd700000| Untracked 
| 216|0x00000000cd800000, 0x00000000cd800000, 0x00000000cd900000|  0%| F|  |TAMS 0x00000000cd800000, 0x00000000cd800000| Untracked 
| 217|0x00000000cd900000, 0x00000000cd900000, 0x00000000cda00000|  0%| F|  |TAMS 0x00000000cd900000, 0x00000000cd900000| Untracked 
| 218|0x00000000cda00000, 0x00000000cda00000, 0x00000000cdb00000|  0%| F|  |TAMS 0x00000000cda00000, 0x00000000cda00000| Untracked 
| 219|0x00000000cdb00000, 0x00000000cdb00000, 0x00000000cdc00000|  0%| F|  |TAMS 0x00000000cdb00000, 0x00000000cdb00000| Untracked 
| 220|0x00000000cdc00000, 0x00000000cdc00000, 0x00000000cdd00000|  0%| F|  |TAMS 0x00000000cdc00000, 0x00000000cdc00000| Untracked 
| 221|0x00000000cdd00000, 0x00000000cdd00000, 0x00000000cde00000|  0%| F|  |TAMS 0x00000000cdd00000, 0x00000000cdd00000| Untracked 
| 222|0x00000000cde00000, 0x00000000cde00000, 0x00000000cdf00000|  0%| F|  |TAMS 0x00000000cde00000, 0x00000000cde00000| Untracked 
| 223|0x00000000cdf00000, 0x00000000cdf00000, 0x00000000ce000000|  0%| F|  |TAMS 0x00000000cdf00000, 0x00000000cdf00000| Untracked 
| 224|0x00000000ce000000, 0x00000000ce000000, 0x00000000ce100000|  0%| F|  |TAMS 0x00000000ce000000, 0x00000000ce000000| Untracked 
| 225|0x00000000ce100000, 0x00000000ce100000, 0x00000000ce200000|  0%| F|  |TAMS 0x00000000ce100000, 0x00000000ce100000| Untracked 
| 226|0x00000000ce200000, 0x00000000ce200000, 0x00000000ce300000|  0%| F|  |TAMS 0x00000000ce200000, 0x00000000ce200000| Untracked 
| 227|0x00000000ce300000, 0x00000000ce300000, 0x00000000ce400000|  0%| F|  |TAMS 0x00000000ce300000, 0x00000000ce300000| Untracked 
| 228|0x00000000ce400000, 0x00000000ce400000, 0x00000000ce500000|  0%| F|  |TAMS 0x00000000ce400000, 0x00000000ce400000| Untracked 
| 229|0x00000000ce500000, 0x00000000ce500000, 0x00000000ce600000|  0%| F|  |TAMS 0x00000000ce500000, 0x00000000ce500000| Untracked 
| 230|0x00000000ce600000, 0x00000000ce600000, 0x00000000ce700000|  0%| F|  |TAMS 0x00000000ce600000, 0x00000000ce600000| Untracked 
| 231|0x00000000ce700000, 0x00000000ce700000, 0x00000000ce800000|  0%| F|  |TAMS 0x00000000ce700000, 0x00000000ce700000| Untracked 
| 232|0x00000000ce800000, 0x00000000ce800000, 0x00000000ce900000|  0%| F|  |TAMS 0x00000000ce800000, 0x00000000ce800000| Untracked 
| 233|0x00000000ce900000, 0x00000000ce900000, 0x00000000cea00000|  0%| F|  |TAMS 0x00000000ce900000, 0x00000000ce900000| Untracked 
| 234|0x00000000cea00000, 0x00000000cea00000, 0x00000000ceb00000|  0%| F|  |TAMS 0x00000000cea00000, 0x00000000cea00000| Untracked 
| 235|0x00000000ceb00000, 0x00000000ceb00000, 0x00000000cec00000|  0%| F|  |TAMS 0x00000000ceb00000, 0x00000000ceb00000| Untracked 
| 236|0x00000000cec00000, 0x00000000cec00000, 0x00000000ced00000|  0%| F|  |TAMS 0x00000000cec00000, 0x00000000cec00000| Untracked 
| 237|0x00000000ced00000, 0x00000000ced00000, 0x00000000cee00000|  0%| F|  |TAMS 0x00000000ced00000, 0x00000000ced00000| Untracked 
| 238|0x00000000cee00000, 0x00000000cee00000, 0x00000000cef00000|  0%| F|  |TAMS 0x00000000cee00000, 0x00000000cee00000| Untracked 
| 239|0x00000000cef00000, 0x00000000cef00000, 0x00000000cf000000|  0%| F|  |TAMS 0x00000000cef00000, 0x00000000cef00000| Untracked 
| 240|0x00000000cf000000, 0x00000000cf000000, 0x00000000cf100000|  0%| F|  |TAMS 0x00000000cf000000, 0x00000000cf000000| Untracked 
| 241|0x00000000cf100000, 0x00000000cf100000, 0x00000000cf200000|  0%| F|  |TAMS 0x00000000cf100000, 0x00000000cf100000| Untracked 
| 242|0x00000000cf200000, 0x00000000cf200000, 0x00000000cf300000|  0%| F|  |TAMS 0x00000000cf200000, 0x00000000cf200000| Untracked 
| 243|0x00000000cf300000, 0x00000000cf300000, 0x00000000cf400000|  0%| F|  |TAMS 0x00000000cf300000, 0x00000000cf300000| Untracked 
| 244|0x00000000cf400000, 0x00000000cf400000, 0x00000000cf500000|  0%| F|  |TAMS 0x00000000cf400000, 0x00000000cf400000| Untracked 
| 245|0x00000000cf500000, 0x00000000cf500000, 0x00000000cf600000|  0%| F|  |TAMS 0x00000000cf500000, 0x00000000cf500000| Untracked 
| 246|0x00000000cf600000, 0x00000000cf600000, 0x00000000cf700000|  0%| F|  |TAMS 0x00000000cf600000, 0x00000000cf600000| Untracked 
| 247|0x00000000cf700000, 0x00000000cf700000, 0x00000000cf800000|  0%| F|  |TAMS 0x00000000cf700000, 0x00000000cf700000| Untracked 
| 248|0x00000000cf800000, 0x00000000cf800000, 0x00000000cf900000|  0%| F|  |TAMS 0x00000000cf800000, 0x00000000cf800000| Untracked 
| 249|0x00000000cf900000, 0x00000000cf900000, 0x00000000cfa00000|  0%| F|  |TAMS 0x00000000cf900000, 0x00000000cf900000| Untracked 
| 250|0x00000000cfa00000, 0x00000000cfa00000, 0x00000000cfb00000|  0%| F|  |TAMS 0x00000000cfa00000, 0x00000000cfa00000| Untracked 
| 251|0x00000000cfb00000, 0x00000000cfb00000, 0x00000000cfc00000|  0%| F|  |TAMS 0x00000000cfb00000, 0x00000000cfb00000| Untracked 
| 252|0x00000000cfc00000, 0x00000000cfc00000, 0x00000000cfd00000|  0%| F|  |TAMS 0x00000000cfc00000, 0x00000000cfc00000| Untracked 
| 253|0x00000000cfd00000, 0x00000000cfd00000, 0x00000000cfe00000|  0%| F|  |TAMS 0x00000000cfd00000, 0x00000000cfd00000| Untracked 
| 254|0x00000000cfe00000, 0x00000000cfe00000, 0x00000000cff00000|  0%| F|  |TAMS 0x00000000cfe00000, 0x00000000cfe00000| Untracked 
| 255|0x00000000cff00000, 0x00000000cff00000, 0x00000000d0000000|  0%| F|  |TAMS 0x00000000cff00000, 0x00000000cff00000| Untracked 
| 256|0x00000000d0000000, 0x00000000d0000000, 0x00000000d0100000|  0%| F|  |TAMS 0x00000000d0000000, 0x00000000d0000000| Untracked 
| 257|0x00000000d0100000, 0x00000000d0100000, 0x00000000d0200000|  0%| F|  |TAMS 0x00000000d0100000, 0x00000000d0100000| Untracked 
| 258|0x00000000d0200000, 0x00000000d0200000, 0x00000000d0300000|  0%| F|  |TAMS 0x00000000d0200000, 0x00000000d0200000| Untracked 
| 259|0x00000000d0300000, 0x00000000d0300000, 0x00000000d0400000|  0%| F|  |TAMS 0x00000000d0300000, 0x00000000d0300000| Untracked 
| 260|0x00000000d0400000, 0x00000000d0400000, 0x00000000d0500000|  0%| F|  |TAMS 0x00000000d0400000, 0x00000000d0400000| Untracked 
| 261|0x00000000d0500000, 0x00000000d0500000, 0x00000000d0600000|  0%| F|  |TAMS 0x00000000d0500000, 0x00000000d0500000| Untracked 
| 262|0x00000000d0600000, 0x00000000d0600000, 0x00000000d0700000|  0%| F|  |TAMS 0x00000000d0600000, 0x00000000d0600000| Untracked 
| 263|0x00000000d0700000, 0x00000000d0700000, 0x00000000d0800000|  0%| F|  |TAMS 0x00000000d0700000, 0x00000000d0700000| Untracked 
| 264|0x00000000d0800000, 0x00000000d0800000, 0x00000000d0900000|  0%| F|  |TAMS 0x00000000d0800000, 0x00000000d0800000| Untracked 

Card table byte_map: [0x000001de651e0000,0x000001de653e0000] _byte_map_base: 0x000001de64be0000

Marking Bits (Prev, Next): (CMBitMap*) 0x000001de4d8af3c8, (CMBitMap*) 0x000001de4d8af400
 Prev Bits: [0x000001de655e0000, 0x000001de665e0000)
 Next Bits: [0x000001de665e0000, 0x000001de675e0000)

Polling page: 0x000001de4b740000

Metaspace:

Usage:
  Non-class:     14.91 MB capacity,    14.76 MB ( 99%) used,   123.58 KB ( <1%) free+waste,    35.81 KB ( <1%) overhead. 
      Class:      1.82 MB capacity,     1.67 MB ( 92%) used,   132.06 KB (  7%) free+waste,    18.38 KB ( <1%) overhead. 
       Both:     16.73 MB capacity,    16.43 MB ( 98%) used,   255.64 KB (  1%) free+waste,    54.19 KB ( <1%) overhead. 

Virtual space:
  Non-class space:       16.00 MB reserved,      15.00 MB ( 94%) committed 
      Class space:        1.00 GB reserved,       1.88 MB ( <1%) committed 
             Both:        1.02 GB reserved,      16.88 MB (  2%) committed 

Chunk freelists:
   Non-Class:  26.00 KB
       Class:  0 bytes
        Both:  26.00 KB

MaxMetaspaceSize: 17179869184.00 GB
CompressedClassSpaceSize: 1.00 GB
Initial GC threshold: 20.80 MB
Current GC threshold: 20.80 MB
CDS: off

CodeHeap 'non-profiled nmethods': size=120064Kb used=1069Kb max_used=1069Kb free=118994Kb
 bounds [0x000001de5daa0000, 0x000001de5dd10000, 0x000001de64fe0000]
CodeHeap 'profiled nmethods': size=120000Kb used=4308Kb max_used=4308Kb free=115691Kb
 bounds [0x000001de56570000, 0x000001de569b0000, 0x000001de5daa0000]
CodeHeap 'non-nmethods': size=5696Kb used=1147Kb max_used=1209Kb free=4548Kb
 bounds [0x000001de55fe0000, 0x000001de56250000, 0x000001de56570000]
 total_blobs=2541 nmethods=2147 adapters=306
 compilation: enabled
              stopped_count=0, restarted_count=0
 full_count=0

Compilation events (20 events):
Event: 3.391 Thread 0x000001de69afd800 2206       2       java.lang.Long::valueOf (40 bytes)
Event: 3.392 Thread 0x000001de69afd800 nmethod 2206 0x000001de569a4710 code [0x000001de569a48c0, 0x000001de569a4a78]
Event: 3.410 Thread 0x000001de69afd800 2207       2       com.android.tools.r8.graph.N2::g (64 bytes)
Event: 3.411 Thread 0x000001de69afd800 nmethod 2207 0x000001de569a4b90 code [0x000001de569a4dc0, 0x000001de569a5148]
Event: 3.436 Thread 0x000001de69af4000 nmethod 2140 0x000001de5dba4110 code [0x000001de5dba4480, 0x000001de5dba65d8]
Event: 3.436 Thread 0x000001de69af4000 2205       4       java.util.ArrayList::forEach (74 bytes)
Event: 3.443 Thread 0x000001de69af4000 nmethod 2205 0x000001de5dba7810 code [0x000001de5dba79e0, 0x000001de5dba7d88]
Event: 3.443 Thread 0x000001de69af4000 2210       4       com.android.tools.r8.internal.eR::a (158 bytes)
Event: 3.456 Thread 0x000001de69af4000 nmethod 2210 0x000001de5dba8110 code [0x000001de5dba8320, 0x000001de5dba8938]
Event: 3.456 Thread 0x000001de69af4000 2211       4       java.util.ArrayList::forEach (74 bytes)
Event: 3.463 Thread 0x000001de69af4000 nmethod 2211 0x000001de5dba9090 code [0x000001de5dba9260, 0x000001de5dba9608]
Event: 3.463 Thread 0x000001de69af4000 2208       4       java.util.ArrayList::isEmpty (13 bytes)
Event: 3.463 Thread 0x000001de69af4000 nmethod 2208 0x000001de5dba9990 code [0x000001de5dba9b20, 0x000001de5dba9b98]
Event: 3.463 Thread 0x000001de69af4000 1729       4       com.android.tools.r8.internal.Zv::f (45 bytes)
Event: 3.471 Thread 0x000001de69af4000 nmethod 1729 0x000001de5dba9c90 code [0x000001de5dba9ea0, 0x000001de5dbaa590]
Event: 3.471 Thread 0x000001de69af4000 2156       4       java.util.AbstractCollection::<init> (5 bytes)
Event: 3.471 Thread 0x000001de69af4000 nmethod 2156 0x000001de5dbaaa10 code [0x000001de5dbaaba0, 0x000001de5dbaabf8]
Event: 3.472 Thread 0x000001de69af4000 2007       4       com.android.tools.r8.graph.c1::equals (37 bytes)
Event: 3.484 Thread 0x000001de69af4000 nmethod 2007 0x000001de5dbaad10 code [0x000001de5dbaaec0, 0x000001de5dbab238]
Event: 3.484 Thread 0x000001de69af4000 2064       4       java.util.Objects::equals (23 bytes)

GC Heap History (20 events):
Event: 0.917 GC heap after
{Heap after GC invocations=3 (full 0):
 garbage-first heap   total 98304K, used 11237K [0x00000000c0000000, 0x0000000100000000)
  region size 1024K, 3 young (3072K), 3 survivors (3072K)
 Metaspace       used 11640K, capacity 11739K, committed 11904K, reserved 1060864K
  class space    used 1104K, capacity 1146K, committed 1152K, reserved 1048576K
}
Event: 1.015 GC heap before
{Heap before GC invocations=3 (full 0):
 garbage-first heap   total 98304K, used 49125K [0x00000000c0000000, 0x0000000100000000)
  region size 1024K, 40 young (40960K), 3 survivors (3072K)
 Metaspace       used 11660K, capacity 11803K, committed 11904K, reserved 1060864K
  class space    used 1106K, capacity 1146K, committed 1152K, reserved 1048576K
}
Event: 1.024 GC heap after
{Heap after GC invocations=4 (full 0):
 garbage-first heap   total 98304K, used 18969K [0x00000000c0000000, 0x0000000100000000)
  region size 1024K, 5 young (5120K), 5 survivors (5120K)
 Metaspace       used 11660K, capacity 11803K, committed 11904K, reserved 1060864K
  class space    used 1106K, capacity 1146K, committed 1152K, reserved 1048576K
}
Event: 1.109 GC heap before
{Heap before GC invocations=4 (full 0):
 garbage-first heap   total 98304K, used 54809K [0x00000000c0000000, 0x0000000100000000)
  region size 1024K, 40 young (40960K), 5 survivors (5120K)
 Metaspace       used 11666K, capacity 11803K, committed 11904K, reserved 1060864K
  class space    used 1106K, capacity 1146K, committed 1152K, reserved 1048576K
}
Event: 1.117 GC heap after
{Heap after GC invocations=5 (full 0):
 garbage-first heap   total 122880K, used 27026K [0x00000000c0000000, 0x0000000100000000)
  region size 1024K, 5 young (5120K), 5 survivors (5120K)
 Metaspace       used 11666K, capacity 11803K, committed 11904K, reserved 1060864K
  class space    used 1106K, capacity 1146K, committed 1152K, reserved 1048576K
}
Event: 1.554 GC heap before
{Heap before GC invocations=5 (full 0):
 garbage-first heap   total 122880K, used 67986K [0x00000000c0000000, 0x0000000100000000)
  region size 1024K, 45 young (46080K), 5 survivors (5120K)
 Metaspace       used 13446K, capacity 13668K, committed 13696K, reserved 1060864K
  class space    used 1297K, capacity 1390K, committed 1408K, reserved 1048576K
}
Event: 1.587 GC heap after
{Heap after GC invocations=6 (full 0):
 garbage-first heap   total 122880K, used 37888K [0x00000000c0000000, 0x0000000100000000)
  region size 1024K, 6 young (6144K), 6 survivors (6144K)
 Metaspace       used 13446K, capacity 13668K, committed 13696K, reserved 1060864K
  class space    used 1297K, capacity 1390K, committed 1408K, reserved 1048576K
}
Event: 1.780 GC heap before
{Heap before GC invocations=6 (full 0):
 garbage-first heap   total 122880K, used 77824K [0x00000000c0000000, 0x0000000100000000)
  region size 1024K, 45 young (46080K), 6 survivors (6144K)
 Metaspace       used 13518K, capacity 13736K, committed 13952K, reserved 1062912K
  class space    used 1299K, capacity 1390K, committed 1408K, reserved 1048576K
}
Event: 1.833 GC heap after
{Heap after GC invocations=7 (full 0):
 garbage-first heap   total 122880K, used 48128K [0x00000000c0000000, 0x0000000100000000)
  region size 1024K, 6 young (6144K), 6 survivors (6144K)
 Metaspace       used 13518K, capacity 13736K, committed 13952K, reserved 1062912K
  class space    used 1299K, capacity 1390K, committed 1408K, reserved 1048576K
}
Event: 1.900 GC heap before
{Heap before GC invocations=7 (full 0):
 garbage-first heap   total 122880K, used 68608K [0x00000000c0000000, 0x0000000100000000)
  region size 1024K, 27 young (27648K), 6 survivors (6144K)
 Metaspace       used 13526K, capacity 13736K, committed 13952K, reserved 1062912K
  class space    used 1299K, capacity 1390K, committed 1408K, reserved 1048576K
}
Event: 1.951 GC heap after
{Heap after GC invocations=8 (full 0):
 garbage-first heap   total 122880K, used 53760K [0x00000000c0000000, 0x0000000100000000)
  region size 1024K, 4 young (4096K), 4 survivors (4096K)
 Metaspace       used 13526K, capacity 13736K, committed 13952K, reserved 1062912K
  class space    used 1299K, capacity 1390K, committed 1408K, reserved 1048576K
}
Event: 2.044 GC heap before
{Heap before GC invocations=8 (full 0):
 garbage-first heap   total 122880K, used 82432K [0x00000000c0000000, 0x0000000100000000)
  region size 1024K, 33 young (33792K), 4 survivors (4096K)
 Metaspace       used 13536K, capacity 13739K, committed 13952K, reserved 1062912K
  class space    used 1299K, capacity 1390K, committed 1408K, reserved 1048576K
}
Event: 2.084 GC heap after
{Heap after GC invocations=9 (full 0):
 garbage-first heap   total 271360K, used 60928K [0x00000000c0000000, 0x0000000100000000)
  region size 1024K, 5 young (5120K), 5 survivors (5120K)
 Metaspace       used 13536K, capacity 13739K, committed 13952K, reserved 1062912K
  class space    used 1299K, capacity 1390K, committed 1408K, reserved 1048576K
}
Event: 2.551 GC heap before
{Heap before GC invocations=9 (full 0):
 garbage-first heap   total 271360K, used 100864K [0x00000000c0000000, 0x0000000100000000)
  region size 1024K, 44 young (45056K), 5 survivors (5120K)
 Metaspace       used 15062K, capacity 15277K, committed 15488K, reserved 1062912K
  class space    used 1510K, capacity 1625K, committed 1664K, reserved 1048576K
}
Event: 2.622 GC heap after
{Heap after GC invocations=10 (full 0):
 garbage-first heap   total 271360K, used 68461K [0x00000000c0000000, 0x0000000100000000)
  region size 1024K, 6 young (6144K), 6 survivors (6144K)
 Metaspace       used 15062K, capacity 15277K, committed 15488K, reserved 1062912K
  class space    used 1510K, capacity 1625K, committed 1664K, reserved 1048576K
}
Event: 2.828 GC heap before
{Heap before GC invocations=10 (full 0):
 garbage-first heap   total 271360K, used 119661K [0x00000000c0000000, 0x0000000100000000)
  region size 1024K, 56 young (57344K), 6 survivors (6144K)
 Metaspace       used 15078K, capacity 15342K, committed 15488K, reserved 1062912K
  class space    used 1510K, capacity 1625K, committed 1664K, reserved 1048576K
}
Event: 2.859 GC heap after
{Heap after GC invocations=11 (full 0):
 garbage-first heap   total 271360K, used 78723K [0x00000000c0000000, 0x0000000100000000)
  region size 1024K, 7 young (7168K), 7 survivors (7168K)
 Metaspace       used 15078K, capacity 15342K, committed 15488K, reserved 1062912K
  class space    used 1510K, capacity 1625K, committed 1664K, reserved 1048576K
}
Event: 3.027 GC heap before
{Heap before GC invocations=11 (full 0):
 garbage-first heap   total 271360K, used 146307K [0x00000000c0000000, 0x0000000100000000)
  region size 1024K, 73 young (74752K), 7 survivors (7168K)
 Metaspace       used 15081K, capacity 15342K, committed 15488K, reserved 1062912K
  class space    used 1510K, capacity 1625K, committed 1664K, reserved 1048576K
}
Event: 3.067 GC heap after
{Heap after GC invocations=12 (full 0):
 garbage-first heap   total 271360K, used 91539K [0x00000000c0000000, 0x0000000100000000)
  region size 1024K, 10 young (10240K), 10 survivors (10240K)
 Metaspace       used 15081K, capacity 15342K, committed 15488K, reserved 1062912K
  class space    used 1510K, capacity 1625K, committed 1664K, reserved 1048576K
}
Event: 3.485 GC heap before
{Heap before GC invocations=12 (full 0):
 garbage-first heap   total 271360K, used 169363K [0x00000000c0000000, 0x0000000100000000)
  region size 1024K, 86 young (88064K), 10 survivors (10240K)
 Metaspace       used 16823K, capacity 17133K, committed 17280K, reserved 1064960K
  class space    used 1712K, capacity 1863K, committed 1920K, reserved 1048576K
}

Deoptimization events (20 events):
Event: 3.326 Thread 0x000001de6aed8800 DEOPT PACKING pc=0x000001de569941eb sp=0x0000004ecabfe9d0
Event: 3.326 Thread 0x000001de6aed8800 DEOPT UNPACKING pc=0x000001de5602a95e sp=0x0000004ecabfde98 mode 0
Event: 3.327 Thread 0x000001de6aed8800 DEOPT PACKING pc=0x000001de56995ae8 sp=0x0000004ecabfe870
Event: 3.327 Thread 0x000001de6aed8800 DEOPT UNPACKING pc=0x000001de5602a95e sp=0x0000004ecabfdda8 mode 0
Event: 3.443 Thread 0x000001de6aed8800 Uncommon trap: trap_request=0xffffffbe fr.pc=0x000001de5dba7cbc relative=0x00000000000002dc
Event: 3.444 Thread 0x000001de6aed8800 Uncommon trap: reason=profile_predicate action=maybe_recompile pc=0x000001de5dba7cbc method=java.util.ArrayList.forEach(Ljava/util/function/Consumer;)V @ 29 c2
Event: 3.444 Thread 0x000001de6aed8800 DEOPT PACKING pc=0x000001de5dba7cbc sp=0x0000004ecabfe950
Event: 3.444 Thread 0x000001de6aed8800 DEOPT UNPACKING pc=0x000001de5602a1af sp=0x0000004ecabfe8e8 mode 2
Event: 3.444 Thread 0x000001de6aed8800 Uncommon trap: trap_request=0xffffffbe fr.pc=0x000001de5dba7cbc relative=0x00000000000002dc
Event: 3.444 Thread 0x000001de6aed8800 Uncommon trap: reason=profile_predicate action=maybe_recompile pc=0x000001de5dba7cbc method=java.util.ArrayList.forEach(Ljava/util/function/Consumer;)V @ 29 c2
Event: 3.444 Thread 0x000001de6aed8800 DEOPT PACKING pc=0x000001de5dba7cbc sp=0x0000004ecabfe9e0
Event: 3.444 Thread 0x000001de6aed8800 DEOPT UNPACKING pc=0x000001de5602a1af sp=0x0000004ecabfe978 mode 2
Event: 3.444 Thread 0x000001de6aed8800 Uncommon trap: trap_request=0xffffffbe fr.pc=0x000001de5dba7cbc relative=0x00000000000002dc
Event: 3.444 Thread 0x000001de6aed8800 Uncommon trap: reason=profile_predicate action=maybe_recompile pc=0x000001de5dba7cbc method=java.util.ArrayList.forEach(Ljava/util/function/Consumer;)V @ 29 c2
Event: 3.444 Thread 0x000001de6aed8800 DEOPT PACKING pc=0x000001de5dba7cbc sp=0x0000004ecabfe9e0
Event: 3.444 Thread 0x000001de6aed8800 DEOPT UNPACKING pc=0x000001de5602a1af sp=0x0000004ecabfe978 mode 2
Event: 3.444 Thread 0x000001de6aed8800 Uncommon trap: trap_request=0xffffffbe fr.pc=0x000001de5dba7cbc relative=0x00000000000002dc
Event: 3.444 Thread 0x000001de6aed8800 Uncommon trap: reason=profile_predicate action=maybe_recompile pc=0x000001de5dba7cbc method=java.util.ArrayList.forEach(Ljava/util/function/Consumer;)V @ 29 c2
Event: 3.444 Thread 0x000001de6aed8800 DEOPT PACKING pc=0x000001de5dba7cbc sp=0x0000004ecabfe9e0
Event: 3.444 Thread 0x000001de6aed8800 DEOPT UNPACKING pc=0x000001de5602a1af sp=0x0000004ecabfe978 mode 2

Classes redefined (0 events):
No events

Internal exceptions (20 events):
Event: 1.171 Thread 0x000001de6aed7800 Exception <a 'java/lang/IncompatibleClassChangeError'{0x00000000c6f62000}: Found class java.lang.Object, but interface was expected> (0x00000000c6f62000) thrown at [./src/hotspot/share/interpreter/linkResolver.cpp, line 839]
Event: 1.171 Thread 0x000001de6aed8800 Exception <a 'java/lang/IncompatibleClassChangeError'{0x00000000c6f901a8}: Found class java.lang.Object, but interface was expected> (0x00000000c6f901a8) thrown at [./src/hotspot/share/interpreter/linkResolver.cpp, line 839]
Event: 1.179 Thread 0x000001de6aed8800 Exception <a 'java/lang/NoSuchMethodError'{0x00000000c6fad6b8}: 'java.lang.Object java.lang.invoke.DirectMethodHandle$Holder.invokeVirtual(java.lang.Object, java.lang.Object, java.lang.Object)'> (0x00000000c6fad6b8) thrown at [./src/hotspot/share/interpreter/linkResolver.cpp, line 773]
Event: 1.179 Thread 0x000001de6aed7800 Exception <a 'java/lang/NoSuchMethodError'{0x00000000c6fea510}: 'java.lang.Object java.lang.invoke.DirectMethodHandle$Holder.invokeVirtual(java.lang.Object, java.lang.Object, java.lang.Object)'> (0x00000000c6fea510) thrown at [./src/hotspot/share/interpreter/linkResolver.cpp, line 773]
Event: 1.222 Thread 0x000001de6aed8800 Exception <a 'java/lang/NoSuchMethodError'{0x00000000c6d754a0}: 'long java.lang.invoke.DirectMethodHandle$Holder.invokeStatic(java.lang.Object, java.lang.Object)'> (0x00000000c6d754a0) thrown at [./src/hotspot/share/interpreter/linkResolver.cpp, line 773]
Event: 1.222 Thread 0x000001de6aed7800 Exception <a 'java/lang/NoSuchMethodError'{0x00000000c6d41690}: 'long java.lang.invoke.DirectMethodHandle$Holder.invokeStatic(java.lang.Object, java.lang.Object)'> (0x00000000c6d41690) thrown at [./src/hotspot/share/interpreter/linkResolver.cpp, line 773]
Event: 1.223 Thread 0x000001de6aed8800 Exception <a 'java/lang/NoSuchMethodError'{0x00000000c6d782a8}: 'long java.lang.invoke.DirectMethodHandle$Holder.invokeStaticInit(java.lang.Object, java.lang.Object)'> (0x00000000c6d782a8) thrown at [./src/hotspot/share/interpreter/linkResolver.cpp, line 773]
Event: 1.223 Thread 0x000001de6aed7800 Exception <a 'java/lang/NoSuchMethodError'{0x00000000c6d44300}: 'long java.lang.invoke.DirectMethodHandle$Holder.invokeStaticInit(java.lang.Object, java.lang.Object)'> (0x00000000c6d44300) thrown at [./src/hotspot/share/interpreter/linkResolver.cpp, line 773]
Event: 1.534 Thread 0x000001de6aed8800 Exception <a 'java/lang/NoSuchMethodError'{0x00000000c502fac0}: 'void java.lang.invoke.DirectMethodHandle$Holder.invokeSpecial(java.lang.Object, java.lang.Object, java.lang.Object, java.lang.Object, java.lang.Object)'> (0x00000000c502fac0) thrown at [./src/hotspot/share/interpreter/linkResolver.cpp, line 773]
Event: 1.535 Thread 0x000001de6aed7800 Exception <a 'java/lang/NoSuchMethodError'{0x00000000c528f2f0}: 'void java.lang.invoke.DirectMethodHandle$Holder.invokeSpecial(java.lang.Object, java.lang.Object, java.lang.Object, java.lang.Object, java.lang.Object)'> (0x00000000c528f2f0) thrown at [./src/hotspot/share/interpreter/linkResolver.cpp, line 773]
Event: 1.872 Thread 0x000001de6aed8800 Implicit null exception at 0x000001de5db38712 to 0x000001de5db38b48
Event: 2.152 Thread 0x000001de4d881000 Exception <a 'java/lang/NoSuchMethodError'{0x00000000d0293308}: 'int java.lang.invoke.DirectMethodHandle$Holder.invokeSpecial(java.lang.Object, java.lang.Object, java.lang.Object, java.lang.Object)'> (0x00000000d0293308) thrown at [./src/hotspot/share/interpreter/linkResolver.cpp, line 773]
Event: 2.163 Thread 0x000001de4d881000 Exception <a 'java/lang/NoSuchMethodError'{0x00000000d02fb590}: 'void java.lang.invoke.DirectMethodHandle$Holder.invokeSpecial(java.lang.Object, java.lang.Object)'> (0x00000000d02fb590) thrown at [./src/hotspot/share/interpreter/linkResolver.cpp, line 773]
Event: 2.197 Thread 0x000001de4d881000 Exception <a 'java/lang/IncompatibleClassChangeError'{0x00000000d01cf398}: Found class java.lang.Object, but interface was expected> (0x00000000d01cf398) thrown at [./src/hotspot/share/interpreter/linkResolver.cpp, line 839]
Event: 2.198 Thread 0x000001de4d881000 Exception <a 'java/lang/NoSuchMethodError'{0x00000000d01d4068}: 'java.lang.Object java.lang.invoke.DirectMethodHandle$Holder.invokeStatic(java.lang.Object, java.lang.Object, java.lang.Object, int)'> (0x00000000d01d4068) thrown at [./src/hotspot/share/interpreter/linkResolver.cpp, line 773]
Event: 2.199 Thread 0x000001de4d881000 Exception <a 'java/lang/NoSuchMethodError'{0x00000000d01ddeb8}: 'void java.lang.invoke.DirectMethodHandle$Holder.invokeStatic(java.lang.Object, java.lang.Object, java.lang.Object, java.lang.Object, java.lang.Object, java.lang.Object)'> (0x00000000d01ddeb8) thrown at [./src/hotspot/share/interpreter/linkResolver.cpp, line 773]
Event: 2.203 Thread 0x000001de4d881000 Exception <a 'java/lang/NoSuchMethodError'{0x00000000d01ec190}: 'java.lang.Object java.lang.invoke.Invokers$Holder.linkToTargetMethod(java.lang.Object, java.lang.Object, int, java.lang.Object)'> (0x00000000d01ec190) thrown at [./src/hotspot/share/interpreter/linkResolver.cpp, line 773]
Event: 2.451 Thread 0x000001de6aed7800 Implicit null exception at 0x000001de5db57cec to 0x000001de5db57d94
Event: 3.204 Thread 0x000001de4d881000 Exception <a 'java/lang/NoSuchMethodError'{0x00000000cf4d7260}: 'java.lang.Object java.lang.invoke.DirectMethodHandle$Holder.invokeStaticInit(java.lang.Object, java.lang.Object, java.lang.Object)'> (0x00000000cf4d7260) thrown at [./src/hotspot/share/interpreter/linkResolver.cpp, line 773]
Event: 3.228 Thread 0x000001de4d881000 Exception <a 'java/lang/NoSuchMethodError'{0x00000000cf352838}: 'java.lang.Object java.lang.invoke.DirectMethodHandle$Holder.invokeStatic(java.lang.Object, int, java.lang.Object, java.lang.Object)'> (0x00000000cf352838) thrown at [./src/hotspot/share/interpreter/linkResolver.cpp, line 773]

Events (20 events):
Event: 3.294 loading class com/android/tools/r8/graph/n0 done
Event: 3.294 loading class com/android/tools/r8/graph/W0
Event: 3.294 loading class com/android/tools/r8/graph/W0 done
Event: 3.294 loading class com/android/tools/r8/graph/n0
Event: 3.294 loading class com/android/tools/r8/graph/n0 done
Event: 3.295 loading class com/android/tools/r8/graph/d3
Event: 3.295 loading class com/android/tools/r8/graph/d3 done
Event: 3.295 loading class com/android/tools/r8/internal/B7
Event: 3.295 loading class com/android/tools/r8/internal/B7 done
Event: 3.295 loading class com/android/tools/r8/graph/d3
Event: 3.295 loading class com/android/tools/r8/graph/d3 done
Event: 3.295 loading class com/android/tools/r8/graph/d3
Event: 3.295 loading class com/android/tools/r8/graph/d3 done
Event: 3.296 loading class com/android/tools/r8/internal/A7
Event: 3.296 loading class com/android/tools/r8/internal/A7 done
Event: 3.296 loading class com/android/tools/r8/internal/mH
Event: 3.296 loading class com/android/tools/r8/internal/mH done
Event: 3.388 loading class com/android/tools/r8/internal/mR
Event: 3.388 loading class com/android/tools/r8/internal/mR done
Event: 3.485 Executing VM operation: G1CollectForAllocation


Dynamic libraries:
0x00007ff6d85d0000 - 0x00007ff6d85dd000 	C:\Program Files\Microsoft\jdk-11.0.16.101-hotspot\bin\java.exe
0x00007ffcf0fd0000 - 0x00007ffcf11c8000 	C:\Windows\SYSTEM32\ntdll.dll
0x00007ffceffd0000 - 0x00007ffcf008f000 	C:\Windows\System32\KERNEL32.DLL
0x00007ffceed30000 - 0x00007ffcef026000 	C:\Windows\System32\KERNELBASE.dll
0x00007ffceea50000 - 0x00007ffceeb50000 	C:\Windows\System32\ucrtbase.dll
0x00007ffc93190000 - 0x00007ffc931a5000 	C:\Program Files\Microsoft\jdk-11.0.16.101-hotspot\bin\VCRUNTIME140.dll
0x00007ffc37650000 - 0x00007ffc37667000 	C:\Program Files\Microsoft\jdk-11.0.16.101-hotspot\bin\jli.dll
0x00007ffcf07a0000 - 0x00007ffcf093d000 	C:\Windows\System32\USER32.dll
0x00007ffcd6260000 - 0x00007ffcd64fa000 	C:\Windows\WinSxS\amd64_microsoft.windows.common-controls_6595b64144ccf1df_6.0.19041.1110_none_60b5254171f9507e\COMCTL32.dll
0x00007ffceebe0000 - 0x00007ffceec02000 	C:\Windows\System32\win32u.dll
0x00007ffcef8a0000 - 0x00007ffcef93e000 	C:\Windows\System32\msvcrt.dll
0x00007ffceff10000 - 0x00007ffceff3c000 	C:\Windows\System32\GDI32.dll
0x00007ffceec10000 - 0x00007ffceed25000 	C:\Windows\System32\gdi32full.dll
0x00007ffcee7e0000 - 0x00007ffcee87d000 	C:\Windows\System32\msvcp_win.dll
0x00007ffcf0090000 - 0x00007ffcf00c0000 	C:\Windows\System32\IMM32.DLL
0x00007ffc36b70000 - 0x00007ffc36c0b000 	C:\Program Files\Microsoft\jdk-11.0.16.101-hotspot\bin\msvcp140.dll
0x00007ffc2bd30000 - 0x00007ffc2c8ba000 	C:\Program Files\Microsoft\jdk-11.0.16.101-hotspot\bin\server\jvm.dll
0x00007ffcf0e80000 - 0x00007ffcf0f2f000 	C:\Windows\System32\ADVAPI32.dll
0x00007ffcefcc0000 - 0x00007ffcefd5c000 	C:\Windows\System32\sechost.dll
0x00007ffcf0950000 - 0x00007ffcf0a76000 	C:\Windows\System32\RPCRT4.dll
0x00007ffcf0e70000 - 0x00007ffcf0e78000 	C:\Windows\System32\PSAPI.DLL
0x00007ffce3000000 - 0x00007ffce3027000 	C:\Windows\SYSTEM32\WINMM.dll
0x00007ffca99b0000 - 0x00007ffca99b9000 	C:\Windows\SYSTEM32\WSOCK32.dll
0x00007ffcf00c0000 - 0x00007ffcf012b000 	C:\Windows\System32\WS2_32.dll
0x00007ffce65f0000 - 0x00007ffce65fa000 	C:\Windows\SYSTEM32\VERSION.dll
0x00007ffcec570000 - 0x00007ffcec582000 	C:\Windows\SYSTEM32\kernel.appcore.dll
0x00007ffcd5b40000 - 0x00007ffcd5b50000 	C:\Program Files\Microsoft\jdk-11.0.16.101-hotspot\bin\verify.dll
0x00007ffcdab20000 - 0x00007ffcdad04000 	C:\Windows\SYSTEM32\DBGHELP.DLL
0x00007ffcd39f0000 - 0x00007ffcd3a24000 	C:\Windows\SYSTEM32\dbgcore.DLL
0x00007ffceeb50000 - 0x00007ffceebd2000 	C:\Windows\System32\bcryptPrimitives.dll
0x00007ffc37620000 - 0x00007ffc37648000 	C:\Program Files\Microsoft\jdk-11.0.16.101-hotspot\bin\java.dll
0x00007ffcaf6d0000 - 0x00007ffcaf6da000 	C:\Program Files\Microsoft\jdk-11.0.16.101-hotspot\bin\jimage.dll
0x00007ffc37400000 - 0x00007ffc37418000 	C:\Program Files\Microsoft\jdk-11.0.16.101-hotspot\bin\zip.dll
0x00007ffcef030000 - 0x00007ffcef774000 	C:\Windows\System32\SHELL32.dll
0x00007ffcec770000 - 0x00007ffcecf03000 	C:\Windows\SYSTEM32\windows.storage.dll
0x00007ffcef960000 - 0x00007ffcefcb4000 	C:\Windows\System32\combase.dll
0x00007ffcee030000 - 0x00007ffcee05e000 	C:\Windows\SYSTEM32\Wldp.dll
0x00007ffcf0130000 - 0x00007ffcf01dd000 	C:\Windows\System32\SHCORE.dll
0x00007ffcf0a80000 - 0x00007ffcf0ad5000 	C:\Windows\System32\shlwapi.dll
0x00007ffcee5f0000 - 0x00007ffcee60f000 	C:\Windows\SYSTEM32\profapi.dll
0x00007ffc36ad0000 - 0x00007ffc36ae9000 	C:\Program Files\Microsoft\jdk-11.0.16.101-hotspot\bin\net.dll
0x00007ffce2df0000 - 0x00007ffce2efa000 	C:\Windows\SYSTEM32\WINHTTP.dll
0x00007ffcedd90000 - 0x00007ffceddfa000 	C:\Windows\system32\mswsock.dll
0x00007ffc36ab0000 - 0x00007ffc36ac3000 	C:\Program Files\Microsoft\jdk-11.0.16.101-hotspot\bin\nio.dll

dbghelp: loaded successfully - version: 4.0.5 - missing functions: none
symbol engine: initialized successfully - sym options: 0x614 - pdb path: .;C:\Program Files\Microsoft\jdk-11.0.16.101-hotspot\bin;C:\Windows\SYSTEM32;C:\Windows\WinSxS\amd64_microsoft.windows.common-controls_6595b64144ccf1df_6.0.19041.1110_none_60b5254171f9507e;C:\Program Files\Microsoft\jdk-11.0.16.101-hotspot\bin\server

VM Arguments:
jvm_args: -Xmx1G 
java_command: com.android.tools.r8.D8 --debug --min-api 21 --output obj\Debug\110\android\bin\ --lib C:\Android\android-sdk\platforms\android-30\android.jar obj\Debug\110\android\bin\classes.zip D:\Visual Studio 2022\Common7\IDE\ReferenceAssemblies\Microsoft\Framework\MonoAndroid\v11.0\mono.android.jar D:\Visual Studio 2022\MSBuild\Xamarin\Android\java_runtime_fastdev.jar C:\Users\osmin\.nuget\packages\xamarin.google.guava.listenablefuture\1.0.0.2\buildTransitive\monoandroid50\guava-listenablefuture.jar C:\Users\osmin\.nuget\packages\xamarin.androidx.annotation\1.2.0.1\buildTransitive\monoandroid90\..\..\jar\androidx.annotation.annotation.jar C:\Users\osmin\.nuget\packages\xamarin.androidx.collection\1.1.0.8\buildTransitive\monoandroid90\..\..\jar\androidx.collection.collection.jar C:\Users\osmin\.nuget\packages\xamarin.androidx.lifecycle.common\2.3.1.1\buildTransitive\monoandroid90\..\..\jar\androidx.lifecycle.lifecycle-common.jar C:\Users\osmin\.nuget\packages\xamarin.androidx.arch.core.common\2.1.0.9\buildTransitive\monoandroid90\..\..\jar\androidx.arch.core.core-common.jar C:\Users\osmin\.nuget\packages\xamarin.androidx.constraintlayout.core\1.0.0\buildTransitive\monoandroid90\..\..\jar\androidx.constraintlayout.constraintlayout-core.jar C:\Users\osmin\.nuget\packages\xamarin.androidx.concurrent.futures\1.1.0.3\buildTransitive\monoandroid90\..\..\jar\androidx.concurrent.concurrent-futures.jar obj\Debug\110\lp\0\jl\formsviewgroup.jar obj\Debug\110\lp\100\jl\classes.jar obj\Debug\110\lp\101\jl\classes.jar obj\Debug\110\lp\102\jl\classes.jar obj\Debug\110\lp\103\jl\classes.jar obj\Debug\110\lp\105\jl\classes.jar obj\Debug\110\lp\60\jl\classes.jar obj\Debug\110\lp\61\jl\classes.jar obj\Debug\110\lp\62\jl\classes.jar obj\Debug\110\lp\63\jl\classes.jar obj\Debug\110\lp\64\jl\classes.jar obj\Debug\110\lp\65\jl\classes.jar obj\Debug\110\lp\66\jl\classes.jar obj\Debug\110\lp\67\jl\classes.jar obj\Debug\110\lp\68\jl\classes.jar obj\Debug\110\lp\69\jl\classes.jar obj\Deb
java_class_path (initial): D:\Visual Studio 2022\MSBuild\Xamarin\Android\r8.jar
Launcher Type: SUN_STANDARD

[Global flags]
     intx CICompilerCount                          = 3                                         {product} {ergonomic}
     uint ConcGCThreads                            = 1                                         {product} {ergonomic}
     uint G1ConcRefinementThreads                  = 4                                         {product} {ergonomic}
   size_t G1HeapRegionSize                         = 1048576                                   {product} {ergonomic}
    uintx GCDrainStackTargetSize                   = 64                                        {product} {ergonomic}
   size_t InitialHeapSize                          = 100663296                                 {product} {ergonomic}
   size_t MarkStackSize                            = 4194304                                   {product} {ergonomic}
   size_t MaxHeapSize                              = 1073741824                                {product} {command line}
   size_t MaxNewSize                               = 643825664                                 {product} {ergonomic}
   size_t MinHeapDeltaBytes                        = 1048576                                   {product} {ergonomic}
    uintx NonNMethodCodeHeapSize                   = 5830732                                {pd product} {ergonomic}
    uintx NonProfiledCodeHeapSize                  = 122913754                              {pd product} {ergonomic}
    uintx ProfiledCodeHeapSize                     = 122913754                              {pd product} {ergonomic}
    uintx ReservedCodeCacheSize                    = 251658240                              {pd product} {ergonomic}
     bool SegmentedCodeCache                       = true                                      {product} {ergonomic}
     bool UseCompressedClassPointers               = true                                 {lp64_product} {ergonomic}
     bool UseCompressedOops                        = true                                 {lp64_product} {ergonomic}
     bool UseG1GC                                  = true                                      {product} {ergonomic}
     bool UseLargePagesIndividualAllocation        = false                                  {pd product} {ergonomic}

Logging:
Log output configuration:
 #0: stdout all=warning uptime,level,tags
 #1: stderr all=off uptime,level,tags

Environment Variables:
PATH=C:\Program Files\Microsoft\jdk-11.0.16.101-hotspot\bin;C:\Windows\system32;C:\Windows;C:\Windows\System32\Wbem;C:\Windows\System32\WindowsPowerShell\v1.0\;C:\Windows\System32\OpenSSH\;C:\Program Files\Microsoft SQL Server\150\Tools\Binn\;C:\Program Files\Microsoft SQL Server\Client SDK\ODBC\170\Tools\Binn\;C:\Program Files\dotnet\;C:\Program Files\Git\cmd;C:\Users\osmin\AppData\Local\Microsoft\WindowsApps;C:\Users\osmin\.dotnet\tools
USERNAME=osmin
OS=Windows_NT
PROCESSOR_IDENTIFIER=AMD64 Family 23 Model 24 Stepping 1, AuthenticAMD
TMP=C:\Users\osmin\AppData\Local\Temp
TEMP=C:\Users\osmin\AppData\Local\Temp



---------------  S Y S T E M  ---------------

OS: Windows 10 , 64 bit Build 19041 (10.0.19041.2913)
OS uptime: 2 days 4:39 hours

CPU:total 4 (initial active 4) (4 cores per cpu, 2 threads per core) family 23 model 24 stepping 1 microcode 0x0, cmov, cx8, fxsr, mmx, sse, sse2, sse3, ssse3, sse4.1, sse4.2, popcnt, avx, avx2, aes, clmul, mmxext, 3dnowpref, lzcnt, sse4a, ht, tsc, tscinvbit, tscinv, bmi1, bmi2, adx, sha, fma

Memory: 4k page, system-wide physical 6058M (580M free)
TotalPageFile size 24490M (AvailPageFile size 135M)
current process WorkingSet (physical memory assigned to process): 311M, peak: 314M
current process commit charge ("private bytes"): 397M, peak: 586M

vm_info: OpenJDK 64-Bit Server VM (11.0.16.1+1-LTS) for windows-amd64 JRE (11.0.16.1+1-LTS), built on Aug 20 2022 20:09:04 by "" with MS VC++ 15.9 (VS2017)

END.
