#
# There is insufficient memory for the Java Runtime Environment to continue.
# Native memory allocation (mmap) failed to map 125829120 bytes for Failed to commit area from 0x00000000c7500000 to 0x00000000ced00000 of length 125829120.
# Possible reasons:
#   The system is out of physical RAM or swap space
#   The process is running with CompressedOops enabled, and the Java Heap may be blocking the growth of the native heap
# Possible solutions:
#   Reduce memory load on the system
#   Increase physical memory or swap space
#   Check if swap backing store is full
#   Decrease Java heap size (-Xmx/-Xms)
#   Decrease number of Java threads
#   Decrease Java thread stack sizes (-Xss)
#   Set larger code cache with -XX:ReservedCodeCacheSize=
#   JVM is running with Unscaled Compressed Oops mode in which the Java heap is
#     placed in the first 4GB address space. The Java Heap base address is the
#     maximum limit for the native heap growth. Please use -XX:HeapBaseMinAddress
#     to set the Java Heap base and to place the Java Heap above 4GB virtual address.
# This output file may be truncated or incomplete.
#
#  Out of Memory Error (./src/hotspot/os/windows/os_windows.cpp:3386), pid=1204, tid=16504
#
# JRE version: OpenJDK Runtime Environment Microsoft-40648 (11.0.16.1+1) (build 11.0.16.1+1-LTS)
# Java VM: OpenJDK 64-Bit Server VM Microsoft-40648 (11.0.16.1+1-LTS, mixed mode, tiered, compressed oops, g1 gc, windows-amd64)
# No core dump will be written. Minidumps are not enabled by default on client versions of Windows
#

---------------  S U M M A R Y ------------

Command Line: -Xmx1G com.android.tools.r8.D8 --debug --min-api 21 --output obj\Debug\110\android\bin\ --lib C:\Android\android-sdk\platforms\android-30\android.jar obj\Debug\110\android\bin\classes.zip D:\Visual Studio 2022\Common7\IDE\ReferenceAssemblies\Microsoft\Framework\MonoAndroid\v11.0\mono.android.jar D:\Visual Studio 2022\MSBuild\Xamarin\Android\java_runtime_fastdev.jar C:\Users\osmin\.nuget\packages\xamarin.google.guava.listenablefuture\1.0.0.2\buildTransitive\monoandroid50\guava-listenablefuture.jar C:\Users\osmin\.nuget\packages\xamarin.androidx.annotation\1.2.0.1\buildTransitive\monoandroid90\..\..\jar\androidx.annotation.annotation.jar C:\Users\osmin\.nuget\packages\xamarin.androidx.collection\1.1.0.8\buildTransitive\monoandroid90\..\..\jar\androidx.collection.collection.jar C:\Users\osmin\.nuget\packages\xamarin.androidx.lifecycle.common\2.3.1.1\buildTransitive\monoandroid90\..\..\jar\androidx.lifecycle.lifecycle-common.jar C:\Users\osmin\.nuget\packages\xamarin.androidx.arch.core.common\2.1.0.9\buildTransitive\monoandroid90\..\..\jar\androidx.arch.core.core-common.jar C:\Users\osmin\.nuget\packages\xamarin.androidx.constraintlayout.core\1.0.0\buildTransitive\monoandroid90\..\..\jar\androidx.constraintlayout.constraintlayout-core.jar C:\Users\osmin\.nuget\packages\xamarin.androidx.concurrent.futures\1.1.0.3\buildTransitive\monoandroid90\..\..\jar\androidx.concurrent.concurrent-futures.jar obj\Debug\110\lp\0\jl\formsviewgroup.jar obj\Debug\110\lp\100\jl\classes.jar obj\Debug\110\lp\101\jl\classes.jar obj\Debug\110\lp\102\jl\classes.jar obj\Debug\110\lp\103\jl\classes.jar obj\Debug\110\lp\105\jl\classes.jar obj\Debug\110\lp\60\jl\classes.jar obj\Debug\110\lp\61\jl\classes.jar obj\Debug\110\lp\62\jl\classes.jar obj\Debug\110\lp\63\jl\classes.jar obj\Debug\110\lp\64\jl\classes.jar obj\Debug\110\lp\65\jl\classes.jar obj\Debug\110\lp\66\jl\classes.jar obj\Debug\110\lp\67\jl\classes.jar obj\Debug\110\lp\68\jl\classes.jar obj\Debug\110\lp\69\jl\classes.jar obj\Debug\110\lp\70\jl\classes.jar obj\Debug\110\lp\71\jl\classes.jar obj\Debug\110\lp\72\jl\classes.jar obj\Debug\110\lp\73\jl\classes.jar obj\Debug\110\lp\74\jl\classes.jar obj\Debug\110\lp\75\jl\classes.jar obj\Debug\110\lp\76\jl\classes.jar obj\Debug\110\lp\77\jl\classes.jar obj\Debug\110\lp\78\jl\classes.jar obj\Debug\110\lp\79\jl\classes.jar obj\Debug\110\lp\80\jl\classes.jar obj\Debug\110\lp\81\jl\classes.jar obj\Debug\110\lp\82\jl\classes.jar obj\Debug\110\lp\83\jl\classes.jar obj\Debug\110\lp\84\jl\classes.jar obj\Debug\110\lp\85\jl\classes.jar obj\Debug\110\lp\86\jl\classes.jar obj\Debug\110\lp\87\jl\classes.jar obj\Debug\110\lp\88\jl\classes.jar obj\Debug\110\lp\89\jl\classes.jar obj\Debug\110\lp\90\jl\classes.jar obj\Debug\110\lp\91\jl\classes.jar obj\Debug\110\lp\92\jl\classes.jar obj\Debug\110\lp\93\jl\classes.jar obj\Debug\110\lp\94\jl\classes.jar obj\Debug\110\lp\95\jl\classes.jar obj\Debug\110\lp\96\jl\classes.jar obj\Debug\110\lp\97\jl\classes.jar obj\Debug\110\lp\98\jl\classes.jar obj\Debug\110\lp\99\jl\classes.jar

Host: AMD Ryzen 3 3250U with Radeon Graphics         , 4 cores, 5G,  Windows 10 , 64 bit Build 19041 (10.0.19041.2913)
Time: Thu May 25 19:58:46 2023  Windows 10 , 64 bit Build 19041 (10.0.19041.2913) elapsed time: 1.955483 seconds (0d 0h 0m 1s)

---------------  T H R E A D  ---------------

Current thread (0x0000017751561000):  VMThread "VM Thread" [stack: 0x000000177c300000,0x000000177c400000] [id=16504]

Stack: [0x000000177c300000,0x000000177c400000]
[error occurred during error reporting (printing stack bounds), id 0xc0000005, EXCEPTION_ACCESS_VIOLATION (0xc0000005) at pc=0x000001773dab112d]

Native frames: (J=compiled Java code, j=interpreted, Vv=VM code, C=native code)
V  [jvm.dll+0x62652a]
V  [jvm.dll+0x7b3249]
V  [jvm.dll+0x7b4938]
V  [jvm.dll+0x7b4f75]
V  [jvm.dll+0x7b4f2b]
V  [jvm.dll+0x6258b7]
V  [jvm.dll+0x625fc8]
C  [ntdll.dll+0xa23df]
C  [ntdll.dll+0x514a4]
C  [ntdll.dll+0xa0f0e]
C  0x000001773dab112d

VM_Operation (0x000000177d3fe580): G1CollectForAllocation, mode: safepoint, requested by thread 0x0000017752582000


---------------  P R O C E S S  ---------------

Threads class SMR info:
_java_thread_list=0x0000017752c164e0, length=13, elements={
0x0000017735356800, 0x0000017751575800, 0x000001775157f800, 0x00000177515c6800,
0x00000177515c7000, 0x00000177515c8000, 0x00000177515cc800, 0x00000177515ce800,
0x0000017751f10800, 0x0000017752075800, 0x000001775210e800, 0x0000017752c8b000,
0x0000017752582000
}

Java Threads: ( => current thread )
  0x0000017735356800 JavaThread "main" [_thread_blocked, id=14568, stack(0x000000177bd00000,0x000000177be00000)]
  0x0000017751575800 JavaThread "Reference Handler" daemon [_thread_blocked, id=11296, stack(0x000000177c400000,0x000000177c500000)]
  0x000001775157f800 JavaThread "Finalizer" daemon [_thread_blocked, id=18084, stack(0x000000177c500000,0x000000177c600000)]
  0x00000177515c6800 JavaThread "Signal Dispatcher" daemon [_thread_blocked, id=5964, stack(0x000000177c600000,0x000000177c700000)]
  0x00000177515c7000 JavaThread "Attach Listener" daemon [_thread_blocked, id=13060, stack(0x000000177c700000,0x000000177c800000)]
  0x00000177515c8000 JavaThread "Service Thread" daemon [_thread_blocked, id=17612, stack(0x000000177c800000,0x000000177c900000)]
  0x00000177515cc800 JavaThread "C2 CompilerThread0" daemon [_thread_blocked, id=17664, stack(0x000000177c900000,0x000000177ca00000)]
  0x00000177515ce800 JavaThread "C1 CompilerThread0" daemon [_thread_blocked, id=11456, stack(0x000000177ca00000,0x000000177cb00000)]
  0x0000017751f10800 JavaThread "Sweeper thread" daemon [_thread_blocked, id=11080, stack(0x000000177cb00000,0x000000177cc00000)]
  0x0000017752075800 JavaThread "Common-Cleaner" daemon [_thread_blocked, id=11124, stack(0x000000177cd00000,0x000000177ce00000)]
  0x000001775210e800 JavaThread "C2 CompilerThread1" daemon [_thread_blocked, id=18192, stack(0x000000177ce00000,0x000000177cf00000)]
  0x0000017752c8b000 JavaThread "ForkJoinPool-1-worker-3" daemon [_thread_blocked, id=12872, stack(0x000000177d200000,0x000000177d300000)]
  0x0000017752582000 JavaThread "ForkJoinPool-1-worker-1" daemon [_thread_blocked, id=9380, stack(0x000000177d300000,0x000000177d400000)]

Other Threads:
=>0x0000017751561000 VMThread "VM Thread" [stack: 0x000000177c300000,0x000000177c400000] [id=16504]
  0x000001775206b800 WatcherThread [stack: 0x000000177cc00000,0x000000177cd00000] [id=13372]
  0x000001773536d800 GCTaskThread "GC Thread#0" [stack: 0x000000177be00000,0x000000177bf00000] [id=11868]
  0x0000017752305000 GCTaskThread "GC Thread#1" [stack: 0x000000177cf00000,0x000000177d000000] [id=11716]
  0x0000017735388800 ConcurrentGCThread "G1 Main Marker" [stack: 0x000000177bf00000,0x000000177c000000] [id=5940]
  0x000001773538d800 ConcurrentGCThread "G1 Conc#0" [stack: 0x000000177c000000,0x000000177c100000] [id=6160]
  0x00000177353fe000 ConcurrentGCThread "G1 Refine#0" [stack: 0x000000177c100000,0x000000177c200000] [id=16224]
  0x0000017752177000 ConcurrentGCThread "G1 Refine#1" [stack: 0x000000177d000000,0x000000177d100000] [id=6240]
  0x0000017752bf2800 ConcurrentGCThread "G1 Refine#2" [stack: 0x000000177d100000,0x000000177d200000] [id=13604]
  0x00000177525e8000 ConcurrentGCThread "G1 Refine#3" [stack: 0x000000177d400000,0x000000177d500000] [id=11632]
  0x00000177353ff800 ConcurrentGCThread "G1 Young RemSet Sampling" [stack: 0x000000177c200000,0x000000177c300000] [id=7384]

Threads with active compile tasks:
C2 CompilerThread0     1967 1435       4       com.android.tools.r8.graph.s2::a (583 bytes)
C2 CompilerThread1     1967 1617       4       com.android.tools.r8.internal.Ef::e (297 bytes)

VM state:at safepoint (normal execution)

VM Mutex/Monitor currently owned by a thread:  ([mutex/lock_event])
[0x0000017735353050] Threads_lock - owner thread: 0x0000017751561000
[0x0000017735352510] Heap_lock - owner thread: 0x0000017752582000

Heap address: 0x00000000c0000000, size: 1024 MB, Compressed Oops mode: 32-bit
Narrow klass base: 0x0000000000000000, Narrow klass shift: 3
Compressed class space size: 1073741824 Address: 0x0000000100000000

Heap:
 garbage-first heap   total 242688K, used 50688K [0x00000000c0000000, 0x0000000100000000)
  region size 1024K, 2 young (2048K), 2 survivors (2048K)
 Metaspace       used 13549K, capacity 13740K, committed 13952K, reserved 1062912K
  class space    used 1300K, capacity 1392K, committed 1408K, reserved 1048576K
Heap Regions: E=young(eden), S=young(survivor), O=old, HS=humongous(starts), HC=humongous(continues), CS=collection set, F=free, A=archive, TAMS=top-at-mark-start (previous, next)
|   0|0x00000000c0000000, 0x00000000c0100000, 0x00000000c0100000|100%|HS|  |TAMS 0x00000000c0000000, 0x00000000c0000000| Complete 
|   1|0x00000000c0100000, 0x00000000c0200000, 0x00000000c0200000|100%|HC|  |TAMS 0x00000000c0100000, 0x00000000c0100000| Complete 
|   2|0x00000000c0200000, 0x00000000c0300000, 0x00000000c0300000|100%| O|  |TAMS 0x00000000c0200000, 0x00000000c0200000| Untracked 
|   3|0x00000000c0300000, 0x00000000c0400000, 0x00000000c0400000|100%| O|  |TAMS 0x00000000c0300000, 0x00000000c0300000| Untracked 
|   4|0x00000000c0400000, 0x00000000c0500000, 0x00000000c0500000|100%| O|  |TAMS 0x00000000c0400000, 0x00000000c0400000| Untracked 
|   5|0x00000000c0500000, 0x00000000c0600000, 0x00000000c0600000|100%| O|  |TAMS 0x00000000c0500000, 0x00000000c0500000| Untracked 
|   6|0x00000000c0600000, 0x00000000c0700000, 0x00000000c0700000|100%| O|  |TAMS 0x00000000c0600000, 0x00000000c0600000| Untracked 
|   7|0x00000000c0700000, 0x00000000c0800000, 0x00000000c0800000|100%| O|  |TAMS 0x00000000c0700000, 0x00000000c0700000| Untracked 
|   8|0x00000000c0800000, 0x00000000c0900000, 0x00000000c0900000|100%| O|  |TAMS 0x00000000c0800000, 0x00000000c0800000| Untracked 
|   9|0x00000000c0900000, 0x00000000c0a00000, 0x00000000c0a00000|100%| O|  |TAMS 0x00000000c0900000, 0x00000000c0900000| Untracked 
|  10|0x00000000c0a00000, 0x00000000c0b00000, 0x00000000c0b00000|100%| O|  |TAMS 0x00000000c0a00000, 0x00000000c0a00000| Untracked 
|  11|0x00000000c0b00000, 0x00000000c0c00000, 0x00000000c0c00000|100%| O|  |TAMS 0x00000000c0b00000, 0x00000000c0b00000| Untracked 
|  12|0x00000000c0c00000, 0x00000000c0d00000, 0x00000000c0d00000|100%| O|  |TAMS 0x00000000c0c00000, 0x00000000c0c00000| Untracked 
|  13|0x00000000c0d00000, 0x00000000c0e00000, 0x00000000c0e00000|100%| O|  |TAMS 0x00000000c0d00000, 0x00000000c0d00000| Untracked 
|  14|0x00000000c0e00000, 0x00000000c0f00000, 0x00000000c0f00000|100%| O|  |TAMS 0x00000000c0e00000, 0x00000000c0e00000| Untracked 
|  15|0x00000000c0f00000, 0x00000000c1000000, 0x00000000c1000000|100%| O|  |TAMS 0x00000000c0f00000, 0x00000000c0f00000| Untracked 
|  16|0x00000000c1000000, 0x00000000c1100000, 0x00000000c1100000|100%| O|  |TAMS 0x00000000c1000000, 0x00000000c1000000| Untracked 
|  17|0x00000000c1100000, 0x00000000c1200000, 0x00000000c1200000|100%| O|  |TAMS 0x00000000c1100000, 0x00000000c1100000| Untracked 
|  18|0x00000000c1200000, 0x00000000c1300000, 0x00000000c1300000|100%| O|  |TAMS 0x00000000c1200000, 0x00000000c1200000| Untracked 
|  19|0x00000000c1300000, 0x00000000c1400000, 0x00000000c1400000|100%| O|  |TAMS 0x00000000c1300000, 0x00000000c1300000| Untracked 
|  20|0x00000000c1400000, 0x00000000c1500000, 0x00000000c1500000|100%| O|  |TAMS 0x00000000c1400000, 0x00000000c1400000| Untracked 
|  21|0x00000000c1500000, 0x00000000c1600000, 0x00000000c1600000|100%| O|  |TAMS 0x00000000c1500000, 0x00000000c1500000| Untracked 
|  22|0x00000000c1600000, 0x00000000c1700000, 0x00000000c1700000|100%| O|  |TAMS 0x00000000c1600000, 0x00000000c1600000| Untracked 
|  23|0x00000000c1700000, 0x00000000c1800000, 0x00000000c1800000|100%| O|  |TAMS 0x00000000c1700000, 0x00000000c1700000| Untracked 
|  24|0x00000000c1800000, 0x00000000c1900000, 0x00000000c1900000|100%| O|  |TAMS 0x00000000c1800000, 0x00000000c1800000| Untracked 
|  25|0x00000000c1900000, 0x00000000c1a00000, 0x00000000c1a00000|100%| O|  |TAMS 0x00000000c1900000, 0x00000000c1900000| Untracked 
|  26|0x00000000c1a00000, 0x00000000c1b00000, 0x00000000c1b00000|100%| O|  |TAMS 0x00000000c1a00000, 0x00000000c1a00000| Untracked 
|  27|0x00000000c1b00000, 0x00000000c1c00000, 0x00000000c1c00000|100%| O|  |TAMS 0x00000000c1b00000, 0x00000000c1b00000| Untracked 
|  28|0x00000000c1c00000, 0x00000000c1d00000, 0x00000000c1d00000|100%| O|  |TAMS 0x00000000c1c00000, 0x00000000c1c00000| Untracked 
|  29|0x00000000c1d00000, 0x00000000c1e00000, 0x00000000c1e00000|100%| O|  |TAMS 0x00000000c1d00000, 0x00000000c1d00000| Untracked 
|  30|0x00000000c1e00000, 0x00000000c1f00000, 0x00000000c1f00000|100%| O|  |TAMS 0x00000000c1e00000, 0x00000000c1e00000| Untracked 
|  31|0x00000000c1f00000, 0x00000000c2000000, 0x00000000c2000000|100%| O|  |TAMS 0x00000000c1f00000, 0x00000000c1f00000| Untracked 
|  32|0x00000000c2000000, 0x00000000c2100000, 0x00000000c2100000|100%| O|  |TAMS 0x00000000c2000000, 0x00000000c2000000| Untracked 
|  33|0x00000000c2100000, 0x00000000c2200000, 0x00000000c2200000|100%| O|  |TAMS 0x00000000c2100000, 0x00000000c2100000| Untracked 
|  34|0x00000000c2200000, 0x00000000c2300000, 0x00000000c2300000|100%| O|  |TAMS 0x00000000c2200000, 0x00000000c2200000| Untracked 
|  35|0x00000000c2300000, 0x00000000c2400000, 0x00000000c2400000|100%| O|  |TAMS 0x00000000c2300000, 0x00000000c2300000| Untracked 
|  36|0x00000000c2400000, 0x00000000c2500000, 0x00000000c2500000|100%| O|  |TAMS 0x00000000c2400000, 0x00000000c2400000| Untracked 
|  37|0x00000000c2500000, 0x00000000c2600000, 0x00000000c2600000|100%| O|  |TAMS 0x00000000c2500000, 0x00000000c2500000| Untracked 
|  38|0x00000000c2600000, 0x00000000c2700000, 0x00000000c2700000|100%| O|  |TAMS 0x00000000c2600000, 0x00000000c2600000| Untracked 
|  39|0x00000000c2700000, 0x00000000c2800000, 0x00000000c2800000|100%| O|  |TAMS 0x00000000c2700000, 0x00000000c2700000| Untracked 
|  40|0x00000000c2800000, 0x00000000c2900000, 0x00000000c2900000|100%| O|  |TAMS 0x00000000c2800000, 0x00000000c2800000| Untracked 
|  41|0x00000000c2900000, 0x00000000c2a00000, 0x00000000c2a00000|100%| O|  |TAMS 0x00000000c2900000, 0x00000000c2900000| Untracked 
|  42|0x00000000c2a00000, 0x00000000c2b00000, 0x00000000c2b00000|100%| O|  |TAMS 0x00000000c2a00000, 0x00000000c2a00000| Untracked 
|  43|0x00000000c2b00000, 0x00000000c2c00000, 0x00000000c2c00000|100%| O|  |TAMS 0x00000000c2b00000, 0x00000000c2b00000| Untracked 
|  44|0x00000000c2c00000, 0x00000000c2d00000, 0x00000000c2d00000|100%| O|  |TAMS 0x00000000c2c00000, 0x00000000c2c00000| Untracked 
|  45|0x00000000c2d00000, 0x00000000c2e00000, 0x00000000c2e00000|100%| O|  |TAMS 0x00000000c2d00000, 0x00000000c2d00000| Untracked 
|  46|0x00000000c2e00000, 0x00000000c2f00000, 0x00000000c2f00000|100%| O|  |TAMS 0x00000000c2e00000, 0x00000000c2e00000| Untracked 
|  47|0x00000000c2f00000, 0x00000000c2f80000, 0x00000000c3000000| 50%| O|  |TAMS 0x00000000c2f00000, 0x00000000c2f00000| Untracked 
|  48|0x00000000c3000000, 0x00000000c3000000, 0x00000000c3100000|  0%| F|  |TAMS 0x00000000c3000000, 0x00000000c3000000| Untracked 
|  49|0x00000000c3100000, 0x00000000c3100000, 0x00000000c3200000|  0%| F|  |TAMS 0x00000000c3100000, 0x00000000c3100000| Untracked 
|  50|0x00000000c3200000, 0x00000000c3200000, 0x00000000c3300000|  0%| F|  |TAMS 0x00000000c3200000, 0x00000000c3200000| Untracked 
|  51|0x00000000c3300000, 0x00000000c3300000, 0x00000000c3400000|  0%| F|  |TAMS 0x00000000c3300000, 0x00000000c3300000| Untracked 
|  52|0x00000000c3400000, 0x00000000c3400000, 0x00000000c3500000|  0%| F|  |TAMS 0x00000000c3400000, 0x00000000c3400000| Untracked 
|  53|0x00000000c3500000, 0x00000000c3500000, 0x00000000c3600000|  0%| F|  |TAMS 0x00000000c3500000, 0x00000000c3500000| Untracked 
|  54|0x00000000c3600000, 0x00000000c3600000, 0x00000000c3700000|  0%| F|  |TAMS 0x00000000c3600000, 0x00000000c3600000| Untracked 
|  55|0x00000000c3700000, 0x00000000c3700000, 0x00000000c3800000|  0%| F|  |TAMS 0x00000000c3700000, 0x00000000c3700000| Untracked 
|  56|0x00000000c3800000, 0x00000000c3800000, 0x00000000c3900000|  0%| F|  |TAMS 0x00000000c3800000, 0x00000000c3800000| Untracked 
|  57|0x00000000c3900000, 0x00000000c3900000, 0x00000000c3a00000|  0%| F|  |TAMS 0x00000000c3900000, 0x00000000c3900000| Untracked 
|  58|0x00000000c3a00000, 0x00000000c3a00000, 0x00000000c3b00000|  0%| F|  |TAMS 0x00000000c3a00000, 0x00000000c3a00000| Untracked 
|  59|0x00000000c3b00000, 0x00000000c3b00000, 0x00000000c3c00000|  0%| F|  |TAMS 0x00000000c3b00000, 0x00000000c3b00000| Untracked 
|  60|0x00000000c3c00000, 0x00000000c3c00000, 0x00000000c3d00000|  0%| F|  |TAMS 0x00000000c3c00000, 0x00000000c3c00000| Untracked 
|  61|0x00000000c3d00000, 0x00000000c3d00000, 0x00000000c3e00000|  0%| F|  |TAMS 0x00000000c3d00000, 0x00000000c3d00000| Untracked 
|  62|0x00000000c3e00000, 0x00000000c3e00000, 0x00000000c3f00000|  0%| F|  |TAMS 0x00000000c3e00000, 0x00000000c3e00000| Untracked 
|  63|0x00000000c3f00000, 0x00000000c3f00000, 0x00000000c4000000|  0%| F|  |TAMS 0x00000000c3f00000, 0x00000000c3f00000| Untracked 
|  64|0x00000000c4000000, 0x00000000c4000000, 0x00000000c4100000|  0%| F|  |TAMS 0x00000000c4000000, 0x00000000c4000000| Untracked 
|  65|0x00000000c4100000, 0x00000000c4100000, 0x00000000c4200000|  0%| F|  |TAMS 0x00000000c4100000, 0x00000000c4100000| Untracked 
|  66|0x00000000c4200000, 0x00000000c4200000, 0x00000000c4300000|  0%| F|  |TAMS 0x00000000c4200000, 0x00000000c4200000| Untracked 
|  67|0x00000000c4300000, 0x00000000c4300000, 0x00000000c4400000|  0%| F|  |TAMS 0x00000000c4300000, 0x00000000c4300000| Untracked 
|  68|0x00000000c4400000, 0x00000000c4400000, 0x00000000c4500000|  0%| F|  |TAMS 0x00000000c4400000, 0x00000000c4400000| Untracked 
|  69|0x00000000c4500000, 0x00000000c4500000, 0x00000000c4600000|  0%| F|  |TAMS 0x00000000c4500000, 0x00000000c4500000| Untracked 
|  70|0x00000000c4600000, 0x00000000c4600000, 0x00000000c4700000|  0%| F|  |TAMS 0x00000000c4600000, 0x00000000c4600000| Untracked 
|  71|0x00000000c4700000, 0x00000000c4700000, 0x00000000c4800000|  0%| F|  |TAMS 0x00000000c4700000, 0x00000000c4700000| Untracked 
|  72|0x00000000c4800000, 0x00000000c4800000, 0x00000000c4900000|  0%| F|  |TAMS 0x00000000c4800000, 0x00000000c4800000| Untracked 
|  73|0x00000000c4900000, 0x00000000c4900000, 0x00000000c4a00000|  0%| F|  |TAMS 0x00000000c4900000, 0x00000000c4900000| Untracked 
|  74|0x00000000c4a00000, 0x00000000c4a00000, 0x00000000c4b00000|  0%| F|  |TAMS 0x00000000c4a00000, 0x00000000c4a00000| Untracked 
|  75|0x00000000c4b00000, 0x00000000c4b00000, 0x00000000c4c00000|  0%| F|  |TAMS 0x00000000c4b00000, 0x00000000c4b00000| Untracked 
|  76|0x00000000c4c00000, 0x00000000c4c00000, 0x00000000c4d00000|  0%| F|  |TAMS 0x00000000c4c00000, 0x00000000c4c00000| Untracked 
|  77|0x00000000c4d00000, 0x00000000c4d00000, 0x00000000c4e00000|  0%| F|  |TAMS 0x00000000c4d00000, 0x00000000c4d00000| Untracked 
|  78|0x00000000c4e00000, 0x00000000c4e00000, 0x00000000c4f00000|  0%| F|  |TAMS 0x00000000c4e00000, 0x00000000c4e00000| Untracked 
|  79|0x00000000c4f00000, 0x00000000c4f00000, 0x00000000c5000000|  0%| F|  |TAMS 0x00000000c4f00000, 0x00000000c4f00000| Untracked 
|  80|0x00000000c5000000, 0x00000000c5000000, 0x00000000c5100000|  0%| F|  |TAMS 0x00000000c5000000, 0x00000000c5000000| Untracked 
|  81|0x00000000c5100000, 0x00000000c5100000, 0x00000000c5200000|  0%| F|  |TAMS 0x00000000c5100000, 0x00000000c5100000| Untracked 
|  82|0x00000000c5200000, 0x00000000c5200000, 0x00000000c5300000|  0%| F|  |TAMS 0x00000000c5200000, 0x00000000c5200000| Untracked 
|  83|0x00000000c5300000, 0x00000000c5300000, 0x00000000c5400000|  0%| F|  |TAMS 0x00000000c5300000, 0x00000000c5300000| Untracked 
|  84|0x00000000c5400000, 0x00000000c5400000, 0x00000000c5500000|  0%| F|  |TAMS 0x00000000c5400000, 0x00000000c5400000| Untracked 
|  85|0x00000000c5500000, 0x00000000c5500000, 0x00000000c5600000|  0%| F|  |TAMS 0x00000000c5500000, 0x00000000c5500000| Untracked 
|  86|0x00000000c5600000, 0x00000000c5600000, 0x00000000c5700000|  0%| F|  |TAMS 0x00000000c5600000, 0x00000000c5600000| Untracked 
|  87|0x00000000c5700000, 0x00000000c5700000, 0x00000000c5800000|  0%| F|  |TAMS 0x00000000c5700000, 0x00000000c5700000| Untracked 
|  88|0x00000000c5800000, 0x00000000c5800000, 0x00000000c5900000|  0%| F|  |TAMS 0x00000000c5800000, 0x00000000c5800000| Untracked 
|  89|0x00000000c5900000, 0x00000000c5900000, 0x00000000c5a00000|  0%| F|  |TAMS 0x00000000c5900000, 0x00000000c5900000| Untracked 
|  90|0x00000000c5a00000, 0x00000000c5a00000, 0x00000000c5b00000|  0%| F|  |TAMS 0x00000000c5a00000, 0x00000000c5a00000| Untracked 
|  91|0x00000000c5b00000, 0x00000000c5b00000, 0x00000000c5c00000|  0%| F|  |TAMS 0x00000000c5b00000, 0x00000000c5b00000| Untracked 
|  92|0x00000000c5c00000, 0x00000000c5c00000, 0x00000000c5d00000|  0%| F|  |TAMS 0x00000000c5c00000, 0x00000000c5c00000| Untracked 
|  93|0x00000000c5d00000, 0x00000000c5d00000, 0x00000000c5e00000|  0%| F|  |TAMS 0x00000000c5d00000, 0x00000000c5d00000| Untracked 
|  94|0x00000000c5e00000, 0x00000000c5e00000, 0x00000000c5f00000|  0%| F|  |TAMS 0x00000000c5e00000, 0x00000000c5e00000| Untracked 
|  95|0x00000000c5f00000, 0x00000000c5f00000, 0x00000000c6000000|  0%| F|  |TAMS 0x00000000c5f00000, 0x00000000c5f00000| Untracked 
|  96|0x00000000c6000000, 0x00000000c6000000, 0x00000000c6100000|  0%| F|  |TAMS 0x00000000c6000000, 0x00000000c6000000| Untracked 
|  97|0x00000000c6100000, 0x00000000c6100000, 0x00000000c6200000|  0%| F|  |TAMS 0x00000000c6100000, 0x00000000c6100000| Untracked 
|  98|0x00000000c6200000, 0x00000000c6200000, 0x00000000c6300000|  0%| F|  |TAMS 0x00000000c6200000, 0x00000000c6200000| Untracked 
|  99|0x00000000c6300000, 0x00000000c6300000, 0x00000000c6400000|  0%| F|  |TAMS 0x00000000c6300000, 0x00000000c6300000| Untracked 
| 100|0x00000000c6400000, 0x00000000c6400000, 0x00000000c6500000|  0%| F|  |TAMS 0x00000000c6400000, 0x00000000c6400000| Untracked 
| 101|0x00000000c6500000, 0x00000000c6500000, 0x00000000c6600000|  0%| F|  |TAMS 0x00000000c6500000, 0x00000000c6500000| Untracked 
| 102|0x00000000c6600000, 0x00000000c6600000, 0x00000000c6700000|  0%| F|  |TAMS 0x00000000c6600000, 0x00000000c6600000| Untracked 
| 103|0x00000000c6700000, 0x00000000c6700000, 0x00000000c6800000|  0%| F|  |TAMS 0x00000000c6700000, 0x00000000c6700000| Untracked 
| 104|0x00000000c6800000, 0x00000000c6800000, 0x00000000c6900000|  0%| F|  |TAMS 0x00000000c6800000, 0x00000000c6800000| Untracked 
| 105|0x00000000c6900000, 0x00000000c6900000, 0x00000000c6a00000|  0%| F|  |TAMS 0x00000000c6900000, 0x00000000c6900000| Untracked 
| 106|0x00000000c6a00000, 0x00000000c6a00000, 0x00000000c6b00000|  0%| F|  |TAMS 0x00000000c6a00000, 0x00000000c6a00000| Untracked 
| 107|0x00000000c6b00000, 0x00000000c6b00000, 0x00000000c6c00000|  0%| F|  |TAMS 0x00000000c6b00000, 0x00000000c6b00000| Untracked 
| 108|0x00000000c6c00000, 0x00000000c6c00000, 0x00000000c6d00000|  0%| F|  |TAMS 0x00000000c6c00000, 0x00000000c6c00000| Untracked 
| 109|0x00000000c6d00000, 0x00000000c6d00000, 0x00000000c6e00000|  0%| F|  |TAMS 0x00000000c6d00000, 0x00000000c6d00000| Untracked 
| 110|0x00000000c6e00000, 0x00000000c6e00000, 0x00000000c6f00000|  0%| F|  |TAMS 0x00000000c6e00000, 0x00000000c6e00000| Untracked 
| 111|0x00000000c6f00000, 0x00000000c7000000, 0x00000000c7000000|100%| S|CS|TAMS 0x00000000c6f00000, 0x00000000c6f00000| Complete 
| 112|0x00000000c7000000, 0x00000000c7100000, 0x00000000c7100000|100%| S|CS|TAMS 0x00000000c7000000, 0x00000000c7000000| Complete 
| 113|0x00000000c7100000, 0x00000000c7100000, 0x00000000c7200000|  0%| F|  |TAMS 0x00000000c7100000, 0x00000000c7100000| Untracked 
| 114|0x00000000c7200000, 0x00000000c7200000, 0x00000000c7300000|  0%| F|  |TAMS 0x00000000c7200000, 0x00000000c7200000| Untracked 
| 115|0x00000000c7300000, 0x00000000c7300000, 0x00000000c7400000|  0%| F|  |TAMS 0x00000000c7300000, 0x00000000c7300000| Untracked 
| 116|0x00000000c7400000, 0x00000000c7400000, 0x00000000c7500000|  0%| F|  |TAMS 0x00000000c7400000, 0x00000000c7400000| Untracked 

Card table byte_map: [0x000001774ccb0000,0x000001774ceb0000] _byte_map_base: 0x000001774c6b0000

Marking Bits (Prev, Next): (CMBitMap*) 0x0000017735383d48, (CMBitMap*) 0x0000017735383d80
 Prev Bits: [0x000001774d0b0000, 0x000001774e0b0000)
 Next Bits: [0x000001774e0b0000, 0x000001774f0b0000)

Polling page: 0x00000177330e0000

Metaspace:

Usage:
  Non-class:     12.06 MB capacity,    11.96 MB (>99%) used,    80.73 KB ( <1%) free+waste,    18.56 KB ( <1%) overhead. 
      Class:      1.36 MB capacity,     1.27 MB ( 93%) used,    83.33 KB (  6%) free+waste,     8.31 KB ( <1%) overhead. 
       Both:     13.42 MB capacity,    13.23 MB ( 99%) used,   164.05 KB (  1%) free+waste,    26.88 KB ( <1%) overhead. 

Virtual space:
  Non-class space:       14.00 MB reserved,      12.25 MB ( 88%) committed 
      Class space:        1.00 GB reserved,       1.38 MB ( <1%) committed 
             Both:        1.01 GB reserved,      13.63 MB (  1%) committed 

Chunk freelists:
   Non-Class:  4.00 KB
       Class:  16.00 KB
        Both:  20.00 KB

MaxMetaspaceSize: 17179869184.00 GB
CompressedClassSpaceSize: 1.00 GB
Initial GC threshold: 20.80 MB
Current GC threshold: 20.80 MB
CDS: off

CodeHeap 'non-profiled nmethods': size=120064Kb used=682Kb max_used=682Kb free=119381Kb
 bounds [0x0000017745570000, 0x00000177457e0000, 0x000001774cab0000]
CodeHeap 'profiled nmethods': size=120000Kb used=3232Kb max_used=3232Kb free=116767Kb
 bounds [0x000001773e040000, 0x000001773e370000, 0x0000017745570000]
CodeHeap 'non-nmethods': size=5696Kb used=1133Kb max_used=1158Kb free=4562Kb
 bounds [0x000001773dab0000, 0x000001773dd20000, 0x000001773e040000]
 total_blobs=2020 nmethods=1635 adapters=298
 compilation: enabled
              stopped_count=0, restarted_count=0
 full_count=0

Compilation events (20 events):
Event: 1.817 Thread 0x00000177515ce800 1663       2       java.lang.StrictMath::ceil (10 bytes)
Event: 1.817 Thread 0x00000177515ce800 nmethod 1663 0x000001773e35ef90 code [0x000001773e35f180, 0x000001773e35f288]
Event: 1.825 Thread 0x000001775210e800 nmethod 1580 0x0000017745617390 code [0x0000017745617620, 0x0000017745619130]
Event: 1.825 Thread 0x000001775210e800 1656       4       java.lang.StringUTF16::compress (50 bytes)
Event: 1.827 Thread 0x00000177515ce800 1665   !   2       com.android.tools.r8.graph.L1::b (69 bytes)
Event: 1.828 Thread 0x00000177515ce800 nmethod 1665 0x000001773e35f310 code [0x000001773e35f580, 0x000001773e35fcd8]
Event: 1.838 Thread 0x000001775210e800 nmethod 1656 0x000001774561a310 code [0x000001774561a4a0, 0x000001774561a798]
Event: 1.838 Thread 0x000001775210e800 1617       4       com.android.tools.r8.internal.Ef::e (297 bytes)
Event: 1.916 Thread 0x00000177515ce800 1668       2       com.android.tools.r8.graph.J1::<init> (59 bytes)
Event: 1.916 Thread 0x00000177515ce800 nmethod 1668 0x000001773e360210 code [0x000001773e3603c0, 0x000001773e3604f8]
Event: 1.917 Thread 0x00000177515ce800 1669 % !   3       java.util.concurrent.ConcurrentHashMap::putVal @ 212 (432 bytes)
Event: 1.920 Thread 0x00000177515ce800 nmethod 1669% 0x000001773e360590 code [0x000001773e360940, 0x000001773e362e98]
Event: 1.921 Thread 0x00000177515ce800 1670   !   3       java.util.concurrent.ConcurrentHashMap::putVal (432 bytes)
Event: 1.924 Thread 0x00000177515ce800 nmethod 1670 0x000001773e363a90 code [0x000001773e363e20, 0x000001773e365f58]
Event: 1.924 Thread 0x00000177515ce800 1671       2       java.lang.Math::getExponent (17 bytes)
Event: 1.925 Thread 0x00000177515ce800 nmethod 1671 0x000001773e366a10 code [0x000001773e366bc0, 0x000001773e366cd8]
Event: 1.925 Thread 0x00000177515ce800 1672       2       com.android.tools.r8.graph.r2::a (88 bytes)
Event: 1.927 Thread 0x00000177515ce800 nmethod 1672 0x000001773e366d90 code [0x000001773e366fc0, 0x000001773e367688]
Event: 1.927 Thread 0x00000177515ce800 1673       2       com.android.tools.r8.graph.P0::h (62 bytes)
Event: 1.928 Thread 0x00000177515ce800 nmethod 1673 0x000001773e367b10 code [0x000001773e367d00, 0x000001773e368068]

GC Heap History (17 events):
Event: 0.471 GC heap before
{Heap before GC invocations=0 (full 0):
 garbage-first heap   total 98304K, used 19456K [0x00000000c0000000, 0x0000000100000000)
  region size 1024K, 14 young (14336K), 0 survivors (0K)
 Metaspace       used 8647K, capacity 8766K, committed 9088K, reserved 1056768K
  class space    used 765K, capacity 792K, committed 896K, reserved 1048576K
}
Event: 0.479 GC heap after
{Heap after GC invocations=1 (full 0):
 garbage-first heap   total 98304K, used 4236K [0x00000000c0000000, 0x0000000100000000)
  region size 1024K, 2 young (2048K), 2 survivors (2048K)
 Metaspace       used 8647K, capacity 8766K, committed 9088K, reserved 1056768K
  class space    used 765K, capacity 792K, committed 896K, reserved 1048576K
}
Event: 0.702 GC heap before
{Heap before GC invocations=1 (full 0):
 garbage-first heap   total 98304K, used 14476K [0x00000000c0000000, 0x0000000100000000)
  region size 1024K, 10 young (10240K), 2 survivors (2048K)
 Metaspace       used 10530K, capacity 10701K, committed 10880K, reserved 1058816K
  class space    used 989K, capacity 1033K, committed 1152K, reserved 1048576K
}
Event: 0.708 GC heap after
{Heap after GC invocations=2 (full 0):
 garbage-first heap   total 98304K, used 7764K [0x00000000c0000000, 0x0000000100000000)
  region size 1024K, 2 young (2048K), 2 survivors (2048K)
 Metaspace       used 10530K, capacity 10701K, committed 10880K, reserved 1058816K
  class space    used 989K, capacity 1033K, committed 1152K, reserved 1048576K
}
Event: 0.944 GC heap before
{Heap before GC invocations=2 (full 0):
 garbage-first heap   total 98304K, used 29268K [0x00000000c0000000, 0x0000000100000000)
  region size 1024K, 17 young (17408K), 2 survivors (2048K)
 Metaspace       used 11666K, capacity 11803K, committed 11904K, reserved 1060864K
  class space    used 1103K, capacity 1146K, committed 1152K, reserved 1048576K
}
Event: 0.951 GC heap after
{Heap after GC invocations=3 (full 0):
 garbage-first heap   total 98304K, used 10906K [0x00000000c0000000, 0x0000000100000000)
  region size 1024K, 3 young (3072K), 3 survivors (3072K)
 Metaspace       used 11666K, capacity 11803K, committed 11904K, reserved 1060864K
  class space    used 1103K, capacity 1146K, committed 1152K, reserved 1048576K
}
Event: 0.999 GC heap before
{Heap before GC invocations=3 (full 0):
 garbage-first heap   total 98304K, used 29338K [0x00000000c0000000, 0x0000000100000000)
  region size 1024K, 21 young (21504K), 3 survivors (3072K)
 Metaspace       used 11686K, capacity 11867K, committed 11904K, reserved 1060864K
  class space    used 1104K, capacity 1146K, committed 1152K, reserved 1048576K
}
Event: 1.006 GC heap after
{Heap after GC invocations=4 (full 0):
 garbage-first heap   total 98304K, used 14925K [0x00000000c0000000, 0x0000000100000000)
  region size 1024K, 3 young (3072K), 3 survivors (3072K)
 Metaspace       used 11686K, capacity 11867K, committed 11904K, reserved 1060864K
  class space    used 1104K, capacity 1146K, committed 1152K, reserved 1048576K
}
Event: 1.080 GC heap before
{Heap before GC invocations=4 (full 0):
 garbage-first heap   total 98304K, used 38477K [0x00000000c0000000, 0x0000000100000000)
  region size 1024K, 27 young (27648K), 3 survivors (3072K)
 Metaspace       used 11689K, capacity 11867K, committed 11904K, reserved 1060864K
  class space    used 1104K, capacity 1146K, committed 1152K, reserved 1048576K
}
Event: 1.085 GC heap after
{Heap after GC invocations=5 (full 0):
 garbage-first heap   total 119808K, used 20363K [0x00000000c0000000, 0x0000000100000000)
  region size 1024K, 4 young (4096K), 4 survivors (4096K)
 Metaspace       used 11689K, capacity 11867K, committed 11904K, reserved 1060864K
  class space    used 1104K, capacity 1146K, committed 1152K, reserved 1048576K
}
Event: 1.190 GC heap before
{Heap before GC invocations=5 (full 0):
 garbage-first heap   total 119808K, used 55179K [0x00000000c0000000, 0x0000000100000000)
  region size 1024K, 38 young (38912K), 4 survivors (4096K)
 Metaspace       used 11693K, capacity 11867K, committed 11904K, reserved 1060864K
  class space    used 1104K, capacity 1146K, committed 1152K, reserved 1048576K
}
Event: 1.194 GC heap after
{Heap after GC invocations=6 (full 0):
 garbage-first heap   total 119808K, used 28039K [0x00000000c0000000, 0x0000000100000000)
  region size 1024K, 5 young (5120K), 5 survivors (5120K)
 Metaspace       used 11693K, capacity 11867K, committed 11904K, reserved 1060864K
  class space    used 1104K, capacity 1146K, committed 1152K, reserved 1048576K
}
Event: 1.635 GC heap before
{Heap before GC invocations=6 (full 0):
 garbage-first heap   total 119808K, used 66951K [0x00000000c0000000, 0x0000000100000000)
  region size 1024K, 43 young (44032K), 5 survivors (5120K)
 Metaspace       used 13507K, capacity 13673K, committed 13696K, reserved 1060864K
  class space    used 1299K, capacity 1392K, committed 1408K, reserved 1048576K
}
Event: 1.671 GC heap after
{Heap after GC invocations=7 (full 0):
 garbage-first heap   total 119808K, used 38912K [0x00000000c0000000, 0x0000000100000000)
  region size 1024K, 6 young (6144K), 6 survivors (6144K)
 Metaspace       used 13507K, capacity 13673K, committed 13696K, reserved 1060864K
  class space    used 1299K, capacity 1392K, committed 1408K, reserved 1048576K
}
Event: 1.840 GC heap before
{Heap before GC invocations=7 (full 0):
 garbage-first heap   total 119808K, used 75776K [0x00000000c0000000, 0x0000000100000000)
  region size 1024K, 42 young (43008K), 6 survivors (6144K)
 Metaspace       used 13546K, capacity 13740K, committed 13952K, reserved 1062912K
  class space    used 1300K, capacity 1392K, committed 1408K, reserved 1048576K
}
Event: 1.905 GC heap after
{Heap after GC invocations=8 (full 0):
 garbage-first heap   total 119808K, used 48128K [0x00000000c0000000, 0x0000000100000000)
  region size 1024K, 6 young (6144K), 6 survivors (6144K)
 Metaspace       used 13546K, capacity 13740K, committed 13952K, reserved 1062912K
  class space    used 1300K, capacity 1392K, committed 1408K, reserved 1048576K
}
Event: 1.928 GC heap before
{Heap before GC invocations=8 (full 0):
 garbage-first heap   total 119808K, used 52224K [0x00000000c0000000, 0x0000000100000000)
  region size 1024K, 10 young (10240K), 6 survivors (6144K)
 Metaspace       used 13549K, capacity 13740K, committed 13952K, reserved 1062912K
  class space    used 1300K, capacity 1392K, committed 1408K, reserved 1048576K
}

Deoptimization events (20 events):
Event: 1.750 Thread 0x0000017752582000 Uncommon trap: trap_request=0xffffff4d fr.pc=0x00000177455ef9b8 relative=0x0000000000000578
Event: 1.750 Thread 0x0000017752582000 Uncommon trap: reason=unstable_if action=reinterpret pc=0x00000177455ef9b8 method=com.android.tools.r8.graph.a1.a(Ljava/lang/String;)[B @ 19 c2
Event: 1.750 Thread 0x0000017752582000 DEOPT PACKING pc=0x00000177455ef9b8 sp=0x000000177d3fe3b0
Event: 1.750 Thread 0x0000017752582000 DEOPT UNPACKING pc=0x000001773dafa1af sp=0x000000177d3fe360 mode 2
Event: 1.750 Thread 0x0000017752582000 Uncommon trap: trap_request=0xffffff4d fr.pc=0x00000177455bd38c relative=0x000000000000006c
Event: 1.750 Thread 0x0000017752582000 Uncommon trap: reason=unstable_if action=reinterpret pc=0x00000177455bd38c method=com.android.tools.r8.graph.a1.a(C[BI)I @ 1 c2
Event: 1.750 Thread 0x0000017752582000 DEOPT PACKING pc=0x00000177455bd38c sp=0x000000177d3fe340
Event: 1.750 Thread 0x0000017752582000 DEOPT UNPACKING pc=0x000001773dafa1af sp=0x000000177d3fe2e0 mode 2
Event: 1.763 Thread 0x0000017752c8b000 DEOPT PACKING pc=0x000001773e34b020 sp=0x000000177d2fe070
Event: 1.763 Thread 0x0000017752c8b000 DEOPT UNPACKING pc=0x000001773dafa95e sp=0x000000177d2fd598 mode 0
Event: 1.784 Thread 0x0000017752c8b000 Uncommon trap: trap_request=0xffffff4d fr.pc=0x00000177455eee14 relative=0x00000000000002f4
Event: 1.784 Thread 0x0000017752c8b000 Uncommon trap: reason=unstable_if action=reinterpret pc=0x00000177455eee14 method=java.lang.StringUTF16.compress([CI[BII)I @ 20 c2
Event: 1.784 Thread 0x0000017752c8b000 DEOPT PACKING pc=0x00000177455eee14 sp=0x000000177d2fe320
Event: 1.784 Thread 0x0000017752c8b000 DEOPT UNPACKING pc=0x000001773dafa1af sp=0x000000177d2fe2a0 mode 2
Event: 1.789 Thread 0x0000017752c8b000 DEOPT PACKING pc=0x000001773e35d0ea sp=0x000000177d2fe4a0
Event: 1.789 Thread 0x0000017752c8b000 DEOPT UNPACKING pc=0x000001773dafa95e sp=0x000000177d2fd910 mode 0
Event: 1.791 Thread 0x0000017752582000 Uncommon trap: trap_request=0xffffff4d fr.pc=0x00000177455f0f30 relative=0x0000000000000090
Event: 1.791 Thread 0x0000017752582000 Uncommon trap: reason=unstable_if action=reinterpret pc=0x00000177455f0f30 method=com.android.tools.r8.internal.qo.d(I)Z @ 45 c2
Event: 1.791 Thread 0x0000017752582000 DEOPT PACKING pc=0x00000177455f0f30 sp=0x000000177d3fe140
Event: 1.791 Thread 0x0000017752582000 DEOPT UNPACKING pc=0x000001773dafa1af sp=0x000000177d3fe070 mode 2

Classes redefined (0 events):
No events

Internal exceptions (20 events):
Event: 0.501 Thread 0x0000017735356800 Exception <a 'sun/nio/fs/WindowsException'{0x00000000c5f90ae0}> (0x00000000c5f90ae0) thrown at [./src/hotspot/share/prims/jni.cpp, line 617]
Event: 0.501 Thread 0x0000017735356800 Exception <a 'sun/nio/fs/WindowsException'{0x00000000c5f91630}> (0x00000000c5f91630) thrown at [./src/hotspot/share/prims/jni.cpp, line 617]
Event: 0.502 Thread 0x0000017735356800 Exception <a 'sun/nio/fs/WindowsException'{0x00000000c5f91920}> (0x00000000c5f91920) thrown at [./src/hotspot/share/prims/jni.cpp, line 617]
Event: 0.571 Thread 0x0000017735356800 Exception <a 'sun/nio/fs/WindowsException'{0x00000000c5a89658}> (0x00000000c5a89658) thrown at [./src/hotspot/share/prims/jni.cpp, line 617]
Event: 0.625 Thread 0x0000017735356800 Exception <a 'java/lang/NoSuchMethodError'{0x00000000c59bf210}: 'java.lang.Object java.lang.invoke.DirectMethodHandle$Holder.newInvokeSpecial(java.lang.Object, int)'> (0x00000000c59bf210) thrown at [./src/hotspot/share/interpreter/linkResolver.cpp, line 773]
Event: 1.206 Thread 0x0000017735356800 Exception <a 'java/lang/NoSuchMethodError'{0x00000000c713db80}: 'void java.lang.invoke.DirectMethodHandle$Holder.invokeSpecial(java.lang.Object, java.lang.Object, java.lang.Object, java.lang.Object)'> (0x00000000c713db80) thrown at [./src/hotspot/share/interpreter/linkResolver.cpp, line 773]
Event: 1.210 Thread 0x0000017735356800 Exception <a 'java/lang/NoSuchMethodError'{0x00000000c716c938}: 'java.lang.Object java.lang.invoke.DirectMethodHandle$Holder.invokeStaticInit(java.lang.Object, java.lang.Object, java.lang.Object, java.lang.Object, java.lang.Object, java.lang.Object, java.lang.Object, java.lang.Object, java.lang.Object, java.lang.Object, java.lang.Object, java.lang.Object, java.lang.Object, java.lang.Object, java.lang.Object, java.lang.Object, java.lang.Object, java.lang.Object, int, java.lang.Object, java.lang.Object)'> (0
Event: 1.211 Thread 0x0000017735356800 Exception <a 'java/lang/NoSuchMethodError'{0x00000000c717a010}: 'int java.lang.invoke.DirectMethodHandle$Holder.invokeVirtual(java.lang.Object, java.lang.Object)'> (0x00000000c717a010) thrown at [./src/hotspot/share/interpreter/linkResolver.cpp, line 773]
Event: 1.247 Thread 0x0000017752c8b000 Exception <a 'java/lang/NoSuchMethodError'{0x00000000c7024690}: 'int java.lang.invoke.DirectMethodHandle$Holder.invokeInterface(java.lang.Object, java.lang.Object, java.lang.Object, java.lang.Object)'> (0x00000000c7024690) thrown at [./src/hotspot/share/interpreter/linkResolver.cpp, line 773]
Event: 1.247 Thread 0x0000017752582000 Exception <a 'java/lang/NoSuchMethodError'{0x00000000c70e6bc0}: 'int java.lang.invoke.DirectMethodHandle$Holder.invokeInterface(java.lang.Object, java.lang.Object, java.lang.Object, java.lang.Object)'> (0x00000000c70e6bc0) thrown at [./src/hotspot/share/interpreter/linkResolver.cpp, line 773]
Event: 1.247 Thread 0x0000017752c8b000 Exception <a 'java/lang/IncompatibleClassChangeError'{0x00000000c7027b08}: Found class java.lang.Object, but interface was expected> (0x00000000c7027b08) thrown at [./src/hotspot/share/interpreter/linkResolver.cpp, line 839]
Event: 1.247 Thread 0x0000017752582000 Exception <a 'java/lang/IncompatibleClassChangeError'{0x00000000c70e9de0}: Found class java.lang.Object, but interface was expected> (0x00000000c70e9de0) thrown at [./src/hotspot/share/interpreter/linkResolver.cpp, line 839]
Event: 1.256 Thread 0x0000017752c8b000 Exception <a 'java/lang/NoSuchMethodError'{0x00000000c7042080}: 'java.lang.Object java.lang.invoke.DirectMethodHandle$Holder.invokeVirtual(java.lang.Object, java.lang.Object, java.lang.Object)'> (0x00000000c7042080) thrown at [./src/hotspot/share/interpreter/linkResolver.cpp, line 773]
Event: 1.256 Thread 0x0000017752582000 Exception <a 'java/lang/NoSuchMethodError'{0x00000000c6f8d2d0}: 'java.lang.Object java.lang.invoke.DirectMethodHandle$Holder.invokeVirtual(java.lang.Object, java.lang.Object, java.lang.Object)'> (0x00000000c6f8d2d0) thrown at [./src/hotspot/share/interpreter/linkResolver.cpp, line 773]
Event: 1.311 Thread 0x0000017752c8b000 Exception <a 'java/lang/NoSuchMethodError'{0x00000000c6eae790}: 'long java.lang.invoke.DirectMethodHandle$Holder.invokeStatic(java.lang.Object, java.lang.Object)'> (0x00000000c6eae790) thrown at [./src/hotspot/share/interpreter/linkResolver.cpp, line 773]
Event: 1.311 Thread 0x0000017752582000 Exception <a 'java/lang/NoSuchMethodError'{0x00000000c6d21d70}: 'long java.lang.invoke.DirectMethodHandle$Holder.invokeStatic(java.lang.Object, java.lang.Object)'> (0x00000000c6d21d70) thrown at [./src/hotspot/share/interpreter/linkResolver.cpp, line 773]
Event: 1.312 Thread 0x0000017752c8b000 Exception <a 'java/lang/NoSuchMethodError'{0x00000000c6eb1428}: 'long java.lang.invoke.DirectMethodHandle$Holder.invokeStaticInit(java.lang.Object, java.lang.Object)'> (0x00000000c6eb1428) thrown at [./src/hotspot/share/interpreter/linkResolver.cpp, line 773]
Event: 1.312 Thread 0x0000017752582000 Exception <a 'java/lang/NoSuchMethodError'{0x00000000c6d24b50}: 'long java.lang.invoke.DirectMethodHandle$Holder.invokeStaticInit(java.lang.Object, java.lang.Object)'> (0x00000000c6d24b50) thrown at [./src/hotspot/share/interpreter/linkResolver.cpp, line 773]
Event: 1.598 Thread 0x0000017752582000 Exception <a 'java/lang/NoSuchMethodError'{0x00000000c4d29c90}: 'void java.lang.invoke.DirectMethodHandle$Holder.invokeSpecial(java.lang.Object, java.lang.Object, java.lang.Object, java.lang.Object, java.lang.Object)'> (0x00000000c4d29c90) thrown at [./src/hotspot/share/interpreter/linkResolver.cpp, line 773]
Event: 1.599 Thread 0x0000017752c8b000 Exception <a 'java/lang/NoSuchMethodError'{0x00000000c4c67270}: 'void java.lang.invoke.DirectMethodHandle$Holder.invokeSpecial(java.lang.Object, java.lang.Object, java.lang.Object, java.lang.Object, java.lang.Object)'> (0x00000000c4c67270) thrown at [./src/hotspot/share/interpreter/linkResolver.cpp, line 773]

Events (20 events):
Event: 1.629 loading class com/android/tools/r8/internal/il done
Event: 1.634 Executing VM operation: G1CollectForAllocation
Event: 1.671 Executing VM operation: G1CollectForAllocation done
Event: 1.676 loading class com/android/tools/r8/internal/cW
Event: 1.676 loading class com/android/tools/r8/internal/cW done
Event: 1.777 Executing VM operation: RevokeBias
Event: 1.778 Executing VM operation: RevokeBias done
Event: 1.782 Executing VM operation: RevokeBias
Event: 1.782 Executing VM operation: RevokeBias done
Event: 1.795 Executing VM operation: RevokeBias
Event: 1.795 Executing VM operation: RevokeBias done
Event: 1.800 Executing VM operation: RevokeBias
Event: 1.800 Executing VM operation: RevokeBias done
Event: 1.803 Executing VM operation: RevokeBias
Event: 1.803 Executing VM operation: RevokeBias done
Event: 1.815 Executing VM operation: RevokeBias
Event: 1.815 Executing VM operation: RevokeBias done
Event: 1.840 Executing VM operation: G1CollectForAllocation
Event: 1.905 Executing VM operation: G1CollectForAllocation done
Event: 1.928 Executing VM operation: G1CollectForAllocation


Dynamic libraries:
0x00007ff6d85d0000 - 0x00007ff6d85dd000 	C:\Program Files\Microsoft\jdk-11.0.16.101-hotspot\bin\java.exe
0x00007ffcf0fd0000 - 0x00007ffcf11c8000 	C:\Windows\SYSTEM32\ntdll.dll
0x00007ffceffd0000 - 0x00007ffcf008f000 	C:\Windows\System32\KERNEL32.DLL
0x00007ffceed30000 - 0x00007ffcef026000 	C:\Windows\System32\KERNELBASE.dll
0x00007ffceea50000 - 0x00007ffceeb50000 	C:\Windows\System32\ucrtbase.dll
0x00007ffc93190000 - 0x00007ffc931a7000 	C:\Program Files\Microsoft\jdk-11.0.16.101-hotspot\bin\jli.dll
0x00007ffc37650000 - 0x00007ffc37665000 	C:\Program Files\Microsoft\jdk-11.0.16.101-hotspot\bin\VCRUNTIME140.dll
0x00007ffcf07a0000 - 0x00007ffcf093d000 	C:\Windows\System32\USER32.dll
0x00007ffceebe0000 - 0x00007ffceec02000 	C:\Windows\System32\win32u.dll
0x00007ffcd6260000 - 0x00007ffcd64fa000 	C:\Windows\WinSxS\amd64_microsoft.windows.common-controls_6595b64144ccf1df_6.0.19041.1110_none_60b5254171f9507e\COMCTL32.dll
0x00007ffceff10000 - 0x00007ffceff3c000 	C:\Windows\System32\GDI32.dll
0x00007ffcef8a0000 - 0x00007ffcef93e000 	C:\Windows\System32\msvcrt.dll
0x00007ffceec10000 - 0x00007ffceed25000 	C:\Windows\System32\gdi32full.dll
0x00007ffcee7e0000 - 0x00007ffcee87d000 	C:\Windows\System32\msvcp_win.dll
0x00007ffcf0090000 - 0x00007ffcf00c0000 	C:\Windows\System32\IMM32.DLL
0x00007ffc36b70000 - 0x00007ffc36c0b000 	C:\Program Files\Microsoft\jdk-11.0.16.101-hotspot\bin\msvcp140.dll
0x00007ffc2bd30000 - 0x00007ffc2c8ba000 	C:\Program Files\Microsoft\jdk-11.0.16.101-hotspot\bin\server\jvm.dll
0x00007ffcf0e80000 - 0x00007ffcf0f2f000 	C:\Windows\System32\ADVAPI32.dll
0x00007ffcefcc0000 - 0x00007ffcefd5c000 	C:\Windows\System32\sechost.dll
0x00007ffcf0950000 - 0x00007ffcf0a76000 	C:\Windows\System32\RPCRT4.dll
0x00007ffcf0e70000 - 0x00007ffcf0e78000 	C:\Windows\System32\PSAPI.DLL
0x00007ffce3000000 - 0x00007ffce3027000 	C:\Windows\SYSTEM32\WINMM.dll
0x00007ffca99b0000 - 0x00007ffca99b9000 	C:\Windows\SYSTEM32\WSOCK32.dll
0x00007ffcf00c0000 - 0x00007ffcf012b000 	C:\Windows\System32\WS2_32.dll
0x00007ffce65f0000 - 0x00007ffce65fa000 	C:\Windows\SYSTEM32\VERSION.dll
0x00007ffcec570000 - 0x00007ffcec582000 	C:\Windows\SYSTEM32\kernel.appcore.dll
0x00007ffcd5b40000 - 0x00007ffcd5b50000 	C:\Program Files\Microsoft\jdk-11.0.16.101-hotspot\bin\verify.dll
0x00007ffcdab20000 - 0x00007ffcdad04000 	C:\Windows\SYSTEM32\DBGHELP.DLL
0x00007ffcd39f0000 - 0x00007ffcd3a24000 	C:\Windows\SYSTEM32\dbgcore.DLL
0x00007ffceeb50000 - 0x00007ffceebd2000 	C:\Windows\System32\bcryptPrimitives.dll
0x00007ffc37620000 - 0x00007ffc37648000 	C:\Program Files\Microsoft\jdk-11.0.16.101-hotspot\bin\java.dll
0x00007ffcaf6d0000 - 0x00007ffcaf6da000 	C:\Program Files\Microsoft\jdk-11.0.16.101-hotspot\bin\jimage.dll
0x00007ffc37400000 - 0x00007ffc37418000 	C:\Program Files\Microsoft\jdk-11.0.16.101-hotspot\bin\zip.dll
0x00007ffcef030000 - 0x00007ffcef774000 	C:\Windows\System32\SHELL32.dll
0x00007ffcec770000 - 0x00007ffcecf03000 	C:\Windows\SYSTEM32\windows.storage.dll
0x00007ffcef960000 - 0x00007ffcefcb4000 	C:\Windows\System32\combase.dll
0x00007ffcee030000 - 0x00007ffcee05e000 	C:\Windows\SYSTEM32\Wldp.dll
0x00007ffcf0130000 - 0x00007ffcf01dd000 	C:\Windows\System32\SHCORE.dll
0x00007ffcf0a80000 - 0x00007ffcf0ad5000 	C:\Windows\System32\shlwapi.dll
0x00007ffcee5f0000 - 0x00007ffcee60f000 	C:\Windows\SYSTEM32\profapi.dll
0x00007ffc36ad0000 - 0x00007ffc36ae9000 	C:\Program Files\Microsoft\jdk-11.0.16.101-hotspot\bin\net.dll
0x00007ffce2df0000 - 0x00007ffce2efa000 	C:\Windows\SYSTEM32\WINHTTP.dll
0x00007ffcedd90000 - 0x00007ffceddfa000 	C:\Windows\system32\mswsock.dll
0x00007ffc36ab0000 - 0x00007ffc36ac3000 	C:\Program Files\Microsoft\jdk-11.0.16.101-hotspot\bin\nio.dll

dbghelp: loaded successfully - version: 4.0.5 - missing functions: none
symbol engine: initialized successfully - sym options: 0x614 - pdb path: .;C:\Program Files\Microsoft\jdk-11.0.16.101-hotspot\bin;C:\Windows\SYSTEM32;C:\Windows\WinSxS\amd64_microsoft.windows.common-controls_6595b64144ccf1df_6.0.19041.1110_none_60b5254171f9507e;C:\Program Files\Microsoft\jdk-11.0.16.101-hotspot\bin\server

VM Arguments:
jvm_args: -Xmx1G 
java_command: com.android.tools.r8.D8 --debug --min-api 21 --output obj\Debug\110\android\bin\ --lib C:\Android\android-sdk\platforms\android-30\android.jar obj\Debug\110\android\bin\classes.zip D:\Visual Studio 2022\Common7\IDE\ReferenceAssemblies\Microsoft\Framework\MonoAndroid\v11.0\mono.android.jar D:\Visual Studio 2022\MSBuild\Xamarin\Android\java_runtime_fastdev.jar C:\Users\osmin\.nuget\packages\xamarin.google.guava.listenablefuture\1.0.0.2\buildTransitive\monoandroid50\guava-listenablefuture.jar C:\Users\osmin\.nuget\packages\xamarin.androidx.annotation\1.2.0.1\buildTransitive\monoandroid90\..\..\jar\androidx.annotation.annotation.jar C:\Users\osmin\.nuget\packages\xamarin.androidx.collection\1.1.0.8\buildTransitive\monoandroid90\..\..\jar\androidx.collection.collection.jar C:\Users\osmin\.nuget\packages\xamarin.androidx.lifecycle.common\2.3.1.1\buildTransitive\monoandroid90\..\..\jar\androidx.lifecycle.lifecycle-common.jar C:\Users\osmin\.nuget\packages\xamarin.androidx.arch.core.common\2.1.0.9\buildTransitive\monoandroid90\..\..\jar\androidx.arch.core.core-common.jar C:\Users\osmin\.nuget\packages\xamarin.androidx.constraintlayout.core\1.0.0\buildTransitive\monoandroid90\..\..\jar\androidx.constraintlayout.constraintlayout-core.jar C:\Users\osmin\.nuget\packages\xamarin.androidx.concurrent.futures\1.1.0.3\buildTransitive\monoandroid90\..\..\jar\androidx.concurrent.concurrent-futures.jar obj\Debug\110\lp\0\jl\formsviewgroup.jar obj\Debug\110\lp\100\jl\classes.jar obj\Debug\110\lp\101\jl\classes.jar obj\Debug\110\lp\102\jl\classes.jar obj\Debug\110\lp\103\jl\classes.jar obj\Debug\110\lp\105\jl\classes.jar obj\Debug\110\lp\60\jl\classes.jar obj\Debug\110\lp\61\jl\classes.jar obj\Debug\110\lp\62\jl\classes.jar obj\Debug\110\lp\63\jl\classes.jar obj\Debug\110\lp\64\jl\classes.jar obj\Debug\110\lp\65\jl\classes.jar obj\Debug\110\lp\66\jl\classes.jar obj\Debug\110\lp\67\jl\classes.jar obj\Debug\110\lp\68\jl\classes.jar obj\Debug\110\lp\69\jl\classes.jar obj\Deb
java_class_path (initial): D:\Visual Studio 2022\MSBuild\Xamarin\Android\r8.jar
Launcher Type: SUN_STANDARD

[Global flags]
     intx CICompilerCount                          = 3                                         {product} {ergonomic}
     uint ConcGCThreads                            = 1                                         {product} {ergonomic}
     uint G1ConcRefinementThreads                  = 4                                         {product} {ergonomic}
   size_t G1HeapRegionSize                         = 1048576                                   {product} {ergonomic}
    uintx GCDrainStackTargetSize                   = 64                                        {product} {ergonomic}
   size_t InitialHeapSize                          = 100663296                                 {product} {ergonomic}
   size_t MarkStackSize                            = 4194304                                   {product} {ergonomic}
   size_t MaxHeapSize                              = 1073741824                                {product} {command line}
   size_t MaxNewSize                               = 643825664                                 {product} {ergonomic}
   size_t MinHeapDeltaBytes                        = 1048576                                   {product} {ergonomic}
    uintx NonNMethodCodeHeapSize                   = 5830732                                {pd product} {ergonomic}
    uintx NonProfiledCodeHeapSize                  = 122913754                              {pd product} {ergonomic}
    uintx ProfiledCodeHeapSize                     = 122913754                              {pd product} {ergonomic}
    uintx ReservedCodeCacheSize                    = 251658240                              {pd product} {ergonomic}
     bool SegmentedCodeCache                       = true                                      {product} {ergonomic}
     bool UseCompressedClassPointers               = true                                 {lp64_product} {ergonomic}
     bool UseCompressedOops                        = true                                 {lp64_product} {ergonomic}
     bool UseG1GC                                  = true                                      {product} {ergonomic}
     bool UseLargePagesIndividualAllocation        = false                                  {pd product} {ergonomic}

Logging:
Log output configuration:
 #0: stdout all=warning uptime,level,tags
 #1: stderr all=off uptime,level,tags

Environment Variables:
PATH=C:\Program Files\Microsoft\jdk-11.0.16.101-hotspot\bin;C:\Windows\system32;C:\Windows;C:\Windows\System32\Wbem;C:\Windows\System32\WindowsPowerShell\v1.0\;C:\Windows\System32\OpenSSH\;C:\Program Files\Microsoft SQL Server\150\Tools\Binn\;C:\Program Files\Microsoft SQL Server\Client SDK\ODBC\170\Tools\Binn\;C:\Program Files\dotnet\;C:\Program Files\Git\cmd;C:\Users\osmin\AppData\Local\Microsoft\WindowsApps;C:\Users\osmin\.dotnet\tools
USERNAME=osmin
OS=Windows_NT
PROCESSOR_IDENTIFIER=AMD64 Family 23 Model 24 Stepping 1, AuthenticAMD
TMP=C:\Users\osmin\AppData\Local\Temp
TEMP=C:\Users\osmin\AppData\Local\Temp



---------------  S Y S T E M  ---------------

OS: Windows 10 , 64 bit Build 19041 (10.0.19041.2913)
OS uptime: 2 days 4:40 hours

CPU:total 4 (initial active 4) (4 cores per cpu, 2 threads per core) family 23 model 24 stepping 1 microcode 0x0, cmov, cx8, fxsr, mmx, sse, sse2, sse3, ssse3, sse4.1, sse4.2, popcnt, avx, avx2, aes, clmul, mmxext, 3dnowpref, lzcnt, sse4a, ht, tsc, tscinvbit, tscinv, bmi1, bmi2, adx, sha, fma

Memory: 4k page, system-wide physical 6058M (543M free)
TotalPageFile size 24490M (AvailPageFile size 102M)
current process WorkingSet (physical memory assigned to process): 162M, peak: 162M
current process commit charge ("private bytes"): 215M, peak: 335M

vm_info: OpenJDK 64-Bit Server VM (11.0.16.1+1-LTS) for windows-amd64 JRE (11.0.16.1+1-LTS), built on Aug 20 2022 20:09:04 by "" with MS VC++ 15.9 (VS2017)

END.
