#
# There is insufficient memory for the Java Runtime Environment to continue.
# Native memory allocation (malloc) failed to allocate 786416 bytes for Chunk::new
# Possible reasons:
#   The system is out of physical RAM or swap space
#   The process is running with CompressedOops enabled, and the Java Heap may be blocking the growth of the native heap
# Possible solutions:
#   Reduce memory load on the system
#   Increase physical memory or swap space
#   Check if swap backing store is full
#   Decrease Java heap size (-Xmx/-Xms)
#   Decrease number of Java threads
#   Decrease Java thread stack sizes (-Xss)
#   Set larger code cache with -XX:ReservedCodeCacheSize=
#   JVM is running with Unscaled Compressed Oops mode in which the Java heap is
#     placed in the first 4GB address space. The Java Heap base address is the
#     maximum limit for the native heap growth. Please use -XX:HeapBaseMinAddress
#     to set the Java Heap base and to place the Java Heap above 4GB virtual address.
# This output file may be truncated or incomplete.
#
#  Out of Memory Error (./src/hotspot/share/memory/arena.cpp:197), pid=12048, tid=1496
#
# JRE version: OpenJDK Runtime Environment Microsoft-40648 (11.0.16.1+1) (build 11.0.16.1+1-LTS)
# Java VM: OpenJDK 64-Bit Server VM Microsoft-40648 (11.0.16.1+1-LTS, mixed mode, tiered, compressed oops, g1 gc, windows-amd64)
# No core dump will be written. Minidumps are not enabled by default on client versions of Windows
#

---------------  S U M M A R Y ------------

Command Line: com.xamarin.manifestmerger.Main obj\Debug\110\android\manifestmerger.rsp

Host: AMD Ryzen 3 3250U with Radeon Graphics         , 4 cores, 5G,  Windows 10 , 64 bit Build 19041 (10.0.19041.2913)
Time: Thu May 25 19:56:38 2023  Windows 10 , 64 bit Build 19041 (10.0.19041.2913) elapsed time: 0.276509 seconds (0d 0h 0m 0s)

---------------  T H R E A D  ---------------

Current thread (0x000001bf7e4a3000):  JavaThread "C2 CompilerThread0" daemon [_thread_in_native, id=1496, stack(0x0000006ebe700000,0x0000006ebe800000)]


Current CompileTask:
C2:    276  199   !   4       java.util.jar.Attributes::read (354 bytes)

Stack: [0x0000006ebe700000,0x0000006ebe800000]
Native frames: (J=compiled Java code, j=interpreted, Vv=VM code, C=native code)
V  [jvm.dll+0x62652a]
V  [jvm.dll+0x7b3249]
V  [jvm.dll+0x7b4938]
V  [jvm.dll+0x7b5013]
V  [jvm.dll+0x24fca8]
V  [jvm.dll+0xc262c]
V  [jvm.dll+0xc2bec]
V  [jvm.dll+0x359e77]
V  [jvm.dll+0x326003]
V  [jvm.dll+0x32533a]
V  [jvm.dll+0x208fd5]
V  [jvm.dll+0x2080fd]
V  [jvm.dll+0x18a411]
V  [jvm.dll+0x217954]
V  [jvm.dll+0x215b9b]
V  [jvm.dll+0x775d50]
V  [jvm.dll+0x76ec84]
V  [jvm.dll+0x625395]
C  [ucrtbase.dll+0x21bb2]
C  [KERNEL32.DLL+0x17614]
C  [ntdll.dll+0x526a1]


---------------  P R O C E S S  ---------------

Threads class SMR info:
_java_thread_list=0x000001bf7ef59190, length=10, elements={
0x000001bf5f0aa800, 0x000001bf7e484800, 0x000001bf7e48e000, 0x000001bf7e49d000,
0x000001bf7e49e000, 0x000001bf7e49f000, 0x000001bf7e4a3000, 0x000001bf7e4a7800,
0x000001bf7e4a9800, 0x000001bf7ef8c800
}

Java Threads: ( => current thread )
  0x000001bf5f0aa800 JavaThread "main" [_thread_in_Java, id=3768, stack(0x0000006ebdb00000,0x0000006ebdc00000)]
  0x000001bf7e484800 JavaThread "Reference Handler" daemon [_thread_blocked, id=13364, stack(0x0000006ebe200000,0x0000006ebe300000)]
  0x000001bf7e48e000 JavaThread "Finalizer" daemon [_thread_blocked, id=14248, stack(0x0000006ebe300000,0x0000006ebe400000)]
  0x000001bf7e49d000 JavaThread "Signal Dispatcher" daemon [_thread_blocked, id=16612, stack(0x0000006ebe400000,0x0000006ebe500000)]
  0x000001bf7e49e000 JavaThread "Attach Listener" daemon [_thread_blocked, id=19416, stack(0x0000006ebe500000,0x0000006ebe600000)]
  0x000001bf7e49f000 JavaThread "Service Thread" daemon [_thread_blocked, id=7516, stack(0x0000006ebe600000,0x0000006ebe700000)]
=>0x000001bf7e4a3000 JavaThread "C2 CompilerThread0" daemon [_thread_in_native, id=1496, stack(0x0000006ebe700000,0x0000006ebe800000)]
  0x000001bf7e4a7800 JavaThread "C1 CompilerThread0" daemon [_thread_blocked, id=8620, stack(0x0000006ebe800000,0x0000006ebe900000)]
  0x000001bf7e4a9800 JavaThread "Sweeper thread" daemon [_thread_blocked, id=17480, stack(0x0000006ebe900000,0x0000006ebea00000)]
  0x000001bf7ef8c800 JavaThread "Common-Cleaner" daemon [_thread_blocked, id=11172, stack(0x0000006ebeb00000,0x0000006ebec00000)]

Other Threads:
  0x000001bf7e459800 VMThread "VM Thread" [stack: 0x0000006ebe100000,0x0000006ebe200000] [id=10848]
  0x000001bf7ef7d800 WatcherThread [stack: 0x0000006ebea00000,0x0000006ebeb00000] [id=13756]
  0x000001bf5f0c3000 GCTaskThread "GC Thread#0" [stack: 0x0000006ebdc00000,0x0000006ebdd00000] [id=15476]
  0x000001bf7ef89800 GCTaskThread "GC Thread#1" [stack: 0x0000006ebec00000,0x0000006ebed00000] [id=18360]
  0x000001bf5f0e9800 ConcurrentGCThread "G1 Main Marker" [stack: 0x0000006ebdd00000,0x0000006ebde00000] [id=12792]
  0x000001bf5f0ec000 ConcurrentGCThread "G1 Conc#0" [stack: 0x0000006ebde00000,0x0000006ebdf00000] [id=14888]
  0x000001bf5f161800 ConcurrentGCThread "G1 Refine#0" [stack: 0x0000006ebdf00000,0x0000006ebe000000] [id=4820]
  0x000001bf7f0c7800 ConcurrentGCThread "G1 Refine#1" [stack: 0x0000006ebed00000,0x0000006ebee00000] [id=11428]
  0x000001bf7f061000 ConcurrentGCThread "G1 Refine#2" [stack: 0x0000006ebee00000,0x0000006ebef00000] [id=9124]
  0x000001bf5f162800 ConcurrentGCThread "G1 Young RemSet Sampling" [stack: 0x0000006ebe000000,0x0000006ebe100000] [id=7292]

Threads with active compile tasks:
C2 CompilerThread0      307  199   !   4       java.util.jar.Attributes::read (354 bytes)

VM state:not at safepoint (normal execution)

VM Mutex/Monitor currently owned by a thread: None

Heap address: 0x00000000a1400000, size: 1516 MB, Compressed Oops mode: 32-bit
Narrow klass base: 0x0000000000000000, Narrow klass shift: 3
Compressed class space size: 1073741824 Address: 0x0000000100000000

Heap:
 garbage-first heap   total 98304K, used 15692K [0x00000000a1400000, 0x0000000100000000)
  region size 1024K, 7 young (7168K), 2 survivors (2048K)
 Metaspace       used 4724K, capacity 4792K, committed 5120K, reserved 1056768K
  class space    used 396K, capacity 424K, committed 512K, reserved 1048576K
Heap Regions: E=young(eden), S=young(survivor), O=old, HS=humongous(starts), HC=humongous(continues), CS=collection set, F=free, A=archive, TAMS=top-at-mark-start (previous, next)
|   0|0x00000000a1400000, 0x00000000a1500000, 0x00000000a1500000|100%|HS|  |TAMS 0x00000000a1400000, 0x00000000a1400000| Complete 
|   1|0x00000000a1500000, 0x00000000a1600000, 0x00000000a1600000|100%|HC|  |TAMS 0x00000000a1500000, 0x00000000a1500000| Complete 
|   2|0x00000000a1600000, 0x00000000a1700000, 0x00000000a1700000|100%|HC|  |TAMS 0x00000000a1600000, 0x00000000a1600000| Complete 
|   3|0x00000000a1700000, 0x00000000a1700000, 0x00000000a1800000|  0%| F|  |TAMS 0x00000000a1700000, 0x00000000a1700000| Untracked 
|   4|0x00000000a1800000, 0x00000000a1800000, 0x00000000a1900000|  0%| F|  |TAMS 0x00000000a1800000, 0x00000000a1800000| Untracked 
|   5|0x00000000a1900000, 0x00000000a1900000, 0x00000000a1a00000|  0%| F|  |TAMS 0x00000000a1900000, 0x00000000a1900000| Untracked 
|   6|0x00000000a1a00000, 0x00000000a1b00000, 0x00000000a1b00000|100%|HS|  |TAMS 0x00000000a1a00000, 0x00000000a1a00000| Complete 
|   7|0x00000000a1b00000, 0x00000000a1c00000, 0x00000000a1c00000|100%|HC|  |TAMS 0x00000000a1b00000, 0x00000000a1b00000| Complete 
|   8|0x00000000a1c00000, 0x00000000a1d00000, 0x00000000a1d00000|100%|HC|  |TAMS 0x00000000a1c00000, 0x00000000a1c00000| Complete 
|   9|0x00000000a1d00000, 0x00000000a1e00000, 0x00000000a1e00000|100%| O|  |TAMS 0x00000000a1d00000, 0x00000000a1d00000| Untracked 
|  10|0x00000000a1e00000, 0x00000000a1f00000, 0x00000000a1f00000|100%| O|  |TAMS 0x00000000a1e00000, 0x00000000a1e00000| Untracked 
|  11|0x00000000a1f00000, 0x00000000a2000000, 0x00000000a2000000|100%| O|  |TAMS 0x00000000a1f00000, 0x00000000a1f00000| Untracked 
|  12|0x00000000a2000000, 0x00000000a2053000, 0x00000000a2100000| 32%| O|  |TAMS 0x00000000a2000000, 0x00000000a2000000| Untracked 
|  13|0x00000000a2100000, 0x00000000a2100000, 0x00000000a2200000|  0%| F|  |TAMS 0x00000000a2100000, 0x00000000a2100000| Untracked 
|  14|0x00000000a2200000, 0x00000000a2200000, 0x00000000a2300000|  0%| F|  |TAMS 0x00000000a2200000, 0x00000000a2200000| Untracked 
|  15|0x00000000a2300000, 0x00000000a2300000, 0x00000000a2400000|  0%| F|  |TAMS 0x00000000a2300000, 0x00000000a2300000| Untracked 
|  16|0x00000000a2400000, 0x00000000a2400000, 0x00000000a2500000|  0%| F|  |TAMS 0x00000000a2400000, 0x00000000a2400000| Untracked 
|  17|0x00000000a2500000, 0x00000000a2500000, 0x00000000a2600000|  0%| F|  |TAMS 0x00000000a2500000, 0x00000000a2500000| Untracked 
|  18|0x00000000a2600000, 0x00000000a2600000, 0x00000000a2700000|  0%| F|  |TAMS 0x00000000a2600000, 0x00000000a2600000| Untracked 
|  19|0x00000000a2700000, 0x00000000a2700000, 0x00000000a2800000|  0%| F|  |TAMS 0x00000000a2700000, 0x00000000a2700000| Untracked 
|  20|0x00000000a2800000, 0x00000000a2800000, 0x00000000a2900000|  0%| F|  |TAMS 0x00000000a2800000, 0x00000000a2800000| Untracked 
|  21|0x00000000a2900000, 0x00000000a2900000, 0x00000000a2a00000|  0%| F|  |TAMS 0x00000000a2900000, 0x00000000a2900000| Untracked 
|  22|0x00000000a2a00000, 0x00000000a2a00000, 0x00000000a2b00000|  0%| F|  |TAMS 0x00000000a2a00000, 0x00000000a2a00000| Untracked 
|  23|0x00000000a2b00000, 0x00000000a2b00000, 0x00000000a2c00000|  0%| F|  |TAMS 0x00000000a2b00000, 0x00000000a2b00000| Untracked 
|  24|0x00000000a2c00000, 0x00000000a2c00000, 0x00000000a2d00000|  0%| F|  |TAMS 0x00000000a2c00000, 0x00000000a2c00000| Untracked 
|  25|0x00000000a2d00000, 0x00000000a2d00000, 0x00000000a2e00000|  0%| F|  |TAMS 0x00000000a2d00000, 0x00000000a2d00000| Untracked 
|  26|0x00000000a2e00000, 0x00000000a2e00000, 0x00000000a2f00000|  0%| F|  |TAMS 0x00000000a2e00000, 0x00000000a2e00000| Untracked 
|  27|0x00000000a2f00000, 0x00000000a2f00000, 0x00000000a3000000|  0%| F|  |TAMS 0x00000000a2f00000, 0x00000000a2f00000| Untracked 
|  28|0x00000000a3000000, 0x00000000a3000000, 0x00000000a3100000|  0%| F|  |TAMS 0x00000000a3000000, 0x00000000a3000000| Untracked 
|  29|0x00000000a3100000, 0x00000000a3100000, 0x00000000a3200000|  0%| F|  |TAMS 0x00000000a3100000, 0x00000000a3100000| Untracked 
|  30|0x00000000a3200000, 0x00000000a3200000, 0x00000000a3300000|  0%| F|  |TAMS 0x00000000a3200000, 0x00000000a3200000| Untracked 
|  31|0x00000000a3300000, 0x00000000a3300000, 0x00000000a3400000|  0%| F|  |TAMS 0x00000000a3300000, 0x00000000a3300000| Untracked 
|  32|0x00000000a3400000, 0x00000000a3400000, 0x00000000a3500000|  0%| F|  |TAMS 0x00000000a3400000, 0x00000000a3400000| Untracked 
|  33|0x00000000a3500000, 0x00000000a3500000, 0x00000000a3600000|  0%| F|  |TAMS 0x00000000a3500000, 0x00000000a3500000| Untracked 
|  34|0x00000000a3600000, 0x00000000a3600000, 0x00000000a3700000|  0%| F|  |TAMS 0x00000000a3600000, 0x00000000a3600000| Untracked 
|  35|0x00000000a3700000, 0x00000000a3700000, 0x00000000a3800000|  0%| F|  |TAMS 0x00000000a3700000, 0x00000000a3700000| Untracked 
|  36|0x00000000a3800000, 0x00000000a3800000, 0x00000000a3900000|  0%| F|  |TAMS 0x00000000a3800000, 0x00000000a3800000| Untracked 
|  37|0x00000000a3900000, 0x00000000a3900000, 0x00000000a3a00000|  0%| F|  |TAMS 0x00000000a3900000, 0x00000000a3900000| Untracked 
|  38|0x00000000a3a00000, 0x00000000a3a00000, 0x00000000a3b00000|  0%| F|  |TAMS 0x00000000a3a00000, 0x00000000a3a00000| Untracked 
|  39|0x00000000a3b00000, 0x00000000a3b00000, 0x00000000a3c00000|  0%| F|  |TAMS 0x00000000a3b00000, 0x00000000a3b00000| Untracked 
|  40|0x00000000a3c00000, 0x00000000a3c00000, 0x00000000a3d00000|  0%| F|  |TAMS 0x00000000a3c00000, 0x00000000a3c00000| Untracked 
|  41|0x00000000a3d00000, 0x00000000a3d00000, 0x00000000a3e00000|  0%| F|  |TAMS 0x00000000a3d00000, 0x00000000a3d00000| Untracked 
|  42|0x00000000a3e00000, 0x00000000a3e00000, 0x00000000a3f00000|  0%| F|  |TAMS 0x00000000a3e00000, 0x00000000a3e00000| Untracked 
|  43|0x00000000a3f00000, 0x00000000a3f00000, 0x00000000a4000000|  0%| F|  |TAMS 0x00000000a3f00000, 0x00000000a3f00000| Untracked 
|  44|0x00000000a4000000, 0x00000000a4000000, 0x00000000a4100000|  0%| F|  |TAMS 0x00000000a4000000, 0x00000000a4000000| Untracked 
|  45|0x00000000a4100000, 0x00000000a4100000, 0x00000000a4200000|  0%| F|  |TAMS 0x00000000a4100000, 0x00000000a4100000| Untracked 
|  46|0x00000000a4200000, 0x00000000a4200000, 0x00000000a4300000|  0%| F|  |TAMS 0x00000000a4200000, 0x00000000a4200000| Untracked 
|  47|0x00000000a4300000, 0x00000000a4300000, 0x00000000a4400000|  0%| F|  |TAMS 0x00000000a4300000, 0x00000000a4300000| Untracked 
|  48|0x00000000a4400000, 0x00000000a4400000, 0x00000000a4500000|  0%| F|  |TAMS 0x00000000a4400000, 0x00000000a4400000| Untracked 
|  49|0x00000000a4500000, 0x00000000a4500000, 0x00000000a4600000|  0%| F|  |TAMS 0x00000000a4500000, 0x00000000a4500000| Untracked 
|  50|0x00000000a4600000, 0x00000000a4600000, 0x00000000a4700000|  0%| F|  |TAMS 0x00000000a4600000, 0x00000000a4600000| Untracked 
|  51|0x00000000a4700000, 0x00000000a4700000, 0x00000000a4800000|  0%| F|  |TAMS 0x00000000a4700000, 0x00000000a4700000| Untracked 
|  52|0x00000000a4800000, 0x00000000a4800000, 0x00000000a4900000|  0%| F|  |TAMS 0x00000000a4800000, 0x00000000a4800000| Untracked 
|  53|0x00000000a4900000, 0x00000000a4900000, 0x00000000a4a00000|  0%| F|  |TAMS 0x00000000a4900000, 0x00000000a4900000| Untracked 
|  54|0x00000000a4a00000, 0x00000000a4a00000, 0x00000000a4b00000|  0%| F|  |TAMS 0x00000000a4a00000, 0x00000000a4a00000| Untracked 
|  55|0x00000000a4b00000, 0x00000000a4b00000, 0x00000000a4c00000|  0%| F|  |TAMS 0x00000000a4b00000, 0x00000000a4b00000| Untracked 
|  56|0x00000000a4c00000, 0x00000000a4c00000, 0x00000000a4d00000|  0%| F|  |TAMS 0x00000000a4c00000, 0x00000000a4c00000| Untracked 
|  57|0x00000000a4d00000, 0x00000000a4d00000, 0x00000000a4e00000|  0%| F|  |TAMS 0x00000000a4d00000, 0x00000000a4d00000| Untracked 
|  58|0x00000000a4e00000, 0x00000000a4e00000, 0x00000000a4f00000|  0%| F|  |TAMS 0x00000000a4e00000, 0x00000000a4e00000| Untracked 
|  59|0x00000000a4f00000, 0x00000000a4f00000, 0x00000000a5000000|  0%| F|  |TAMS 0x00000000a4f00000, 0x00000000a4f00000| Untracked 
|  60|0x00000000a5000000, 0x00000000a5000000, 0x00000000a5100000|  0%| F|  |TAMS 0x00000000a5000000, 0x00000000a5000000| Untracked 
|  61|0x00000000a5100000, 0x00000000a5100000, 0x00000000a5200000|  0%| F|  |TAMS 0x00000000a5100000, 0x00000000a5100000| Untracked 
|  62|0x00000000a5200000, 0x00000000a5200000, 0x00000000a5300000|  0%| F|  |TAMS 0x00000000a5200000, 0x00000000a5200000| Untracked 
|  63|0x00000000a5300000, 0x00000000a5300000, 0x00000000a5400000|  0%| F|  |TAMS 0x00000000a5300000, 0x00000000a5300000| Untracked 
|  64|0x00000000a5400000, 0x00000000a5400000, 0x00000000a5500000|  0%| F|  |TAMS 0x00000000a5400000, 0x00000000a5400000| Untracked 
|  65|0x00000000a5500000, 0x00000000a5500000, 0x00000000a5600000|  0%| F|  |TAMS 0x00000000a5500000, 0x00000000a5500000| Untracked 
|  66|0x00000000a5600000, 0x00000000a5600000, 0x00000000a5700000|  0%| F|  |TAMS 0x00000000a5600000, 0x00000000a5600000| Untracked 
|  67|0x00000000a5700000, 0x00000000a5700000, 0x00000000a5800000|  0%| F|  |TAMS 0x00000000a5700000, 0x00000000a5700000| Untracked 
|  68|0x00000000a5800000, 0x00000000a5800000, 0x00000000a5900000|  0%| F|  |TAMS 0x00000000a5800000, 0x00000000a5800000| Untracked 
|  69|0x00000000a5900000, 0x00000000a5900000, 0x00000000a5a00000|  0%| F|  |TAMS 0x00000000a5900000, 0x00000000a5900000| Untracked 
|  70|0x00000000a5a00000, 0x00000000a5a00000, 0x00000000a5b00000|  0%| F|  |TAMS 0x00000000a5a00000, 0x00000000a5a00000| Untracked 
|  71|0x00000000a5b00000, 0x00000000a5b00000, 0x00000000a5c00000|  0%| F|  |TAMS 0x00000000a5b00000, 0x00000000a5b00000| Untracked 
|  72|0x00000000a5c00000, 0x00000000a5c00000, 0x00000000a5d00000|  0%| F|  |TAMS 0x00000000a5c00000, 0x00000000a5c00000| Untracked 
|  73|0x00000000a5d00000, 0x00000000a5d00000, 0x00000000a5e00000|  0%| F|  |TAMS 0x00000000a5d00000, 0x00000000a5d00000| Untracked 
|  74|0x00000000a5e00000, 0x00000000a5e00000, 0x00000000a5f00000|  0%| F|  |TAMS 0x00000000a5e00000, 0x00000000a5e00000| Untracked 
|  75|0x00000000a5f00000, 0x00000000a5f00000, 0x00000000a6000000|  0%| F|  |TAMS 0x00000000a5f00000, 0x00000000a5f00000| Untracked 
|  76|0x00000000a6000000, 0x00000000a6000000, 0x00000000a6100000|  0%| F|  |TAMS 0x00000000a6000000, 0x00000000a6000000| Untracked 
|  77|0x00000000a6100000, 0x00000000a6100000, 0x00000000a6200000|  0%| F|  |TAMS 0x00000000a6100000, 0x00000000a6100000| Untracked 
|  78|0x00000000a6200000, 0x00000000a6200000, 0x00000000a6300000|  0%| F|  |TAMS 0x00000000a6200000, 0x00000000a6200000| Untracked 
|  79|0x00000000a6300000, 0x00000000a6300000, 0x00000000a6400000|  0%| F|  |TAMS 0x00000000a6300000, 0x00000000a6300000| Untracked 
|  80|0x00000000a6400000, 0x00000000a6500000, 0x00000000a6500000|100%| S|CS|TAMS 0x00000000a6400000, 0x00000000a6400000| Complete 
|  81|0x00000000a6500000, 0x00000000a6600000, 0x00000000a6600000|100%| S|CS|TAMS 0x00000000a6500000, 0x00000000a6500000| Complete 
|  82|0x00000000a6600000, 0x00000000a6600000, 0x00000000a6700000|  0%| F|  |TAMS 0x00000000a6600000, 0x00000000a6600000| Untracked 
|  83|0x00000000a6700000, 0x00000000a6700000, 0x00000000a6800000|  0%| F|  |TAMS 0x00000000a6700000, 0x00000000a6700000| Untracked 
|  84|0x00000000a6800000, 0x00000000a6800000, 0x00000000a6900000|  0%| F|  |TAMS 0x00000000a6800000, 0x00000000a6800000| Untracked 
|  85|0x00000000a6900000, 0x00000000a6900000, 0x00000000a6a00000|  0%| F|  |TAMS 0x00000000a6900000, 0x00000000a6900000| Untracked 
|  86|0x00000000a6a00000, 0x00000000a6a00000, 0x00000000a6b00000|  0%| F|  |TAMS 0x00000000a6a00000, 0x00000000a6a00000| Untracked 
|  87|0x00000000a6b00000, 0x00000000a6b00000, 0x00000000a6c00000|  0%| F|  |TAMS 0x00000000a6b00000, 0x00000000a6b00000| Untracked 
|  88|0x00000000a6c00000, 0x00000000a6c00000, 0x00000000a6d00000|  0%| F|  |TAMS 0x00000000a6c00000, 0x00000000a6c00000| Untracked 
|  89|0x00000000a6d00000, 0x00000000a6d00000, 0x00000000a6e00000|  0%| F|  |TAMS 0x00000000a6d00000, 0x00000000a6d00000| Untracked 
|  90|0x00000000a6e00000, 0x00000000a6e712a8, 0x00000000a6f00000| 44%| E|  |TAMS 0x00000000a6e00000, 0x00000000a6e00000| Complete 
|  91|0x00000000a6f00000, 0x00000000a7000000, 0x00000000a7000000|100%| E|CS|TAMS 0x00000000a6f00000, 0x00000000a6f00000| Complete 
|  92|0x00000000a7000000, 0x00000000a7100000, 0x00000000a7100000|100%| E|CS|TAMS 0x00000000a7000000, 0x00000000a7000000| Complete 
|  93|0x00000000a7100000, 0x00000000a7200000, 0x00000000a7200000|100%| E|CS|TAMS 0x00000000a7100000, 0x00000000a7100000| Complete 
|  94|0x00000000a7200000, 0x00000000a7300000, 0x00000000a7300000|100%| E|CS|TAMS 0x00000000a7200000, 0x00000000a7200000| Complete 
|  95|0x00000000a7300000, 0x00000000a7400000, 0x00000000a7400000|100%| E|CS|TAMS 0x00000000a7300000, 0x00000000a7300000| Complete 

Card table byte_map: [0x000001bf78910000,0x000001bf78c10000] _byte_map_base: 0x000001bf78406000

Marking Bits (Prev, Next): (CMBitMap*) 0x000001bf5f0e1c88, (CMBitMap*) 0x000001bf5f0e1cc0
 Prev Bits: [0x000001bf78f10000, 0x000001bf7a6c0000)
 Next Bits: [0x000001bf7a6c0000, 0x000001bf7be70000)

Polling page: 0x000001bf68fc0000

Metaspace:

Usage:
  Non-class:      4.27 MB capacity,     4.23 MB (>99%) used,    39.23 KB ( <1%) free+waste,   576 bytes ( <1%) overhead. 
      Class:    424.00 KB capacity,   396.09 KB ( 93%) used,    27.53 KB (  6%) free+waste,   384 bytes ( <1%) overhead. 
       Both:      4.68 MB capacity,     4.61 MB ( 99%) used,    66.76 KB (  1%) free+waste,   960 bytes ( <1%) overhead. 

Virtual space:
  Non-class space:        8.00 MB reserved,       4.50 MB ( 56%) committed 
      Class space:        1.00 GB reserved,     512.00 KB ( <1%) committed 
             Both:        1.01 GB reserved,       5.00 MB ( <1%) committed 

Chunk freelists:
   Non-Class:  48.00 KB
       Class:  24.00 KB
        Both:  72.00 KB

MaxMetaspaceSize: 17179869184.00 GB
CompressedClassSpaceSize: 1.00 GB
Initial GC threshold: 20.80 MB
Current GC threshold: 20.80 MB
CDS: off

CodeHeap 'non-profiled nmethods': size=120064Kb used=51Kb max_used=51Kb free=120013Kb
 bounds [0x000001bf70aa0000, 0x000001bf70d10000, 0x000001bf77fe0000]
CodeHeap 'profiled nmethods': size=120000Kb used=319Kb max_used=319Kb free=119680Kb
 bounds [0x000001bf69570000, 0x000001bf697e0000, 0x000001bf70aa0000]
CodeHeap 'non-nmethods': size=5696Kb used=1061Kb max_used=1074Kb free=4634Kb
 bounds [0x000001bf68fe0000, 0x000001bf69250000, 0x000001bf69570000]
 total_blobs=495 nmethods=201 adapters=207
 compilation: enabled
              stopped_count=0, restarted_count=0
 full_count=0

Compilation events (20 events):
Event: 0.221 Thread 0x000001bf7e4a7800  184       3       java.util.jar.Attributes::put (18 bytes)
Event: 0.221 Thread 0x000001bf7e4a7800 nmethod 184 0x000001bf695ba790 code [0x000001bf695ba960, 0x000001bf695bace8]
Event: 0.221 Thread 0x000001bf7e4a7800  193       3       java.util.jar.Attributes::<init> (17 bytes)
Event: 0.222 Thread 0x000001bf7e4a7800 nmethod 193 0x000001bf695bae10 code [0x000001bf695bb000, 0x000001bf695bb348]
Event: 0.222 Thread 0x000001bf7e4a7800  194       3       java.util.LinkedHashMap::<init> (11 bytes)
Event: 0.222 Thread 0x000001bf7e4a7800 nmethod 194 0x000001bf695bb490 code [0x000001bf695bb680, 0x000001bf695bb828]
Event: 0.222 Thread 0x000001bf7e4a7800  171       1       java.util.jar.Manifest::getEntries (5 bytes)
Event: 0.222 Thread 0x000001bf7e4a7800 nmethod 171 0x000001bf70aabb90 code [0x000001bf70aabd40, 0x000001bf70aabdf8]
Event: 0.222 Thread 0x000001bf7e4a7800  195       3       java.util.jar.Manifest::parseName (84 bytes)
Event: 0.222 Thread 0x000001bf7e4a7800 nmethod 195 0x000001bf695bb910 code [0x000001bf695bbb20, 0x000001bf695bc2a8]
Event: 0.222 Thread 0x000001bf7e4a7800  196       3       java.util.jar.Manifest::getAttributes (14 bytes)
Event: 0.223 Thread 0x000001bf7e4a7800 nmethod 196 0x000001bf695bc490 code [0x000001bf695bc660, 0x000001bf695bc928]
Event: 0.223 Thread 0x000001bf7e4a7800  197       3       java.util.jar.Attributes::size (10 bytes)
Event: 0.223 Thread 0x000001bf7e4a7800 nmethod 197 0x000001bf695bca10 code [0x000001bf695bcbc0, 0x000001bf695bcd88]
Event: 0.226 Thread 0x000001bf7e4a3000 nmethod 175 0x000001bf70aabe90 code [0x000001bf70aac060, 0x000001bf70aac798]
Event: 0.226 Thread 0x000001bf7e4a3000  199   !   4       java.util.jar.Attributes::read (354 bytes)
Event: 0.228 Thread 0x000001bf7e4a7800  204 %     3       java.util.jar.Manifest$FastInputStream::readLine @ 86 (296 bytes)
Event: 0.229 Thread 0x000001bf7e4a7800 nmethod 204% 0x000001bf695bce90 code [0x000001bf695bd0c0, 0x000001bf695bdb68]
Event: 0.229 Thread 0x000001bf7e4a7800  205       3       java.util.jar.Manifest$FastInputStream::readLine (296 bytes)
Event: 0.230 Thread 0x000001bf7e4a7800 nmethod 205 0x000001bf695bdf10 code [0x000001bf695be140, 0x000001bf695bea28]

GC Heap History (2 events):
Event: 0.258 GC heap before
{Heap before GC invocations=0 (full 0):
 garbage-first heap   total 98304K, used 22528K [0x00000000a1400000, 0x0000000100000000)
  region size 1024K, 14 young (14336K), 0 survivors (0K)
 Metaspace       used 4722K, capacity 4792K, committed 5120K, reserved 1056768K
  class space    used 396K, capacity 424K, committed 512K, reserved 1048576K
}
Event: 0.272 GC heap after
{Heap after GC invocations=1 (full 0):
 garbage-first heap   total 98304K, used 11596K [0x00000000a1400000, 0x0000000100000000)
  region size 1024K, 2 young (2048K), 2 survivors (2048K)
 Metaspace       used 4722K, capacity 4792K, committed 5120K, reserved 1056768K
  class space    used 396K, capacity 424K, committed 512K, reserved 1048576K
}

Deoptimization events (20 events):
Event: 0.148 Thread 0x000001bf5f0aa800 DEOPT PACKING pc=0x000001bf6958f58e sp=0x0000006ebdbfaa60
Event: 0.148 Thread 0x000001bf5f0aa800 DEOPT UNPACKING pc=0x000001bf6902a95e sp=0x0000006ebdbf9f00 mode 0
Event: 0.209 Thread 0x000001bf5f0aa800 DEOPT PACKING pc=0x000001bf695a55d5 sp=0x0000006ebdbfe030
Event: 0.209 Thread 0x000001bf5f0aa800 DEOPT UNPACKING pc=0x000001bf6902a95e sp=0x0000006ebdbfd490 mode 0
Event: 0.210 Thread 0x000001bf5f0aa800 DEOPT PACKING pc=0x000001bf6959e9d0 sp=0x0000006ebdbfe050
Event: 0.210 Thread 0x000001bf5f0aa800 DEOPT UNPACKING pc=0x000001bf6902a95e sp=0x0000006ebdbfd4f0 mode 0
Event: 0.211 Thread 0x000001bf5f0aa800 DEOPT PACKING pc=0x000001bf6959e9d0 sp=0x0000006ebdbfdfc0
Event: 0.211 Thread 0x000001bf5f0aa800 DEOPT UNPACKING pc=0x000001bf6902a95e sp=0x0000006ebdbfd448 mode 0
Event: 0.211 Thread 0x000001bf5f0aa800 DEOPT PACKING pc=0x000001bf6959e9d0 sp=0x0000006ebdbfdfc0
Event: 0.211 Thread 0x000001bf5f0aa800 DEOPT UNPACKING pc=0x000001bf6902a95e sp=0x0000006ebdbfd448 mode 0
Event: 0.212 Thread 0x000001bf5f0aa800 DEOPT PACKING pc=0x000001bf6959e9d0 sp=0x0000006ebdbfe000
Event: 0.212 Thread 0x000001bf5f0aa800 DEOPT UNPACKING pc=0x000001bf6902a95e sp=0x0000006ebdbfd488 mode 0
Event: 0.212 Thread 0x000001bf5f0aa800 DEOPT PACKING pc=0x000001bf6959e9d0 sp=0x0000006ebdbfe000
Event: 0.212 Thread 0x000001bf5f0aa800 DEOPT UNPACKING pc=0x000001bf6902a95e sp=0x0000006ebdbfd488 mode 0
Event: 0.213 Thread 0x000001bf5f0aa800 DEOPT PACKING pc=0x000001bf6959e9d0 sp=0x0000006ebdbfe000
Event: 0.213 Thread 0x000001bf5f0aa800 DEOPT UNPACKING pc=0x000001bf6902a95e sp=0x0000006ebdbfd488 mode 0
Event: 0.228 Thread 0x000001bf5f0aa800 Uncommon trap: trap_request=0xffffff4d fr.pc=0x000001bf70aac690 relative=0x0000000000000630
Event: 0.228 Thread 0x000001bf5f0aa800 Uncommon trap: reason=unstable_if action=reinterpret pc=0x000001bf70aac690 method=java.util.jar.Manifest$FastInputStream.readLine([BII)I @ 130 c2
Event: 0.228 Thread 0x000001bf5f0aa800 DEOPT PACKING pc=0x000001bf70aac690 sp=0x0000006ebdbfe0f0
Event: 0.228 Thread 0x000001bf5f0aa800 DEOPT UNPACKING pc=0x000001bf6902a1af sp=0x0000006ebdbfe080 mode 2

Classes redefined (0 events):
No events

Internal exceptions (0 events):
No events

Events (20 events):
Event: 0.188 loading class jdk/internal/loader/URLClassPath$JarLoader$2
Event: 0.188 loading class jdk/internal/loader/Resource
Event: 0.188 loading class jdk/internal/loader/Resource done
Event: 0.188 loading class jdk/internal/loader/URLClassPath$JarLoader$2 done
Event: 0.206 loading class java/util/jar/JarVerifier
Event: 0.207 loading class java/util/jar/JarVerifier done
Event: 0.207 loading class sun/security/util/Debug
Event: 0.207 loading class sun/security/util/Debug done
Event: 0.207 loading class java/security/CodeSigner
Event: 0.208 loading class java/security/CodeSigner done
Event: 0.208 loading class java/io/ByteArrayOutputStream
Event: 0.208 loading class java/io/ByteArrayOutputStream done
Event: 0.208 loading class java/util/jar/Attributes
Event: 0.208 loading class java/util/jar/Attributes done
Event: 0.208 loading class java/util/jar/Manifest$FastInputStream
Event: 0.208 loading class java/util/jar/Manifest$FastInputStream done
Event: 0.208 loading class java/util/jar/Attributes$Name
Event: 0.208 loading class java/util/jar/Attributes$Name done
Event: 0.258 Executing VM operation: G1CollectForAllocation
Event: 0.272 Executing VM operation: G1CollectForAllocation done


Dynamic libraries:
0x00007ff6d85d0000 - 0x00007ff6d85dd000 	C:\Program Files\Microsoft\jdk-11.0.16.101-hotspot\bin\java.exe
0x00007ffcf0fd0000 - 0x00007ffcf11c8000 	C:\Windows\SYSTEM32\ntdll.dll
0x00007ffceffd0000 - 0x00007ffcf008f000 	C:\Windows\System32\KERNEL32.DLL
0x00007ffceed30000 - 0x00007ffcef026000 	C:\Windows\System32\KERNELBASE.dll
0x00007ffceea50000 - 0x00007ffceeb50000 	C:\Windows\System32\ucrtbase.dll
0x00007ffc37650000 - 0x00007ffc37665000 	C:\Program Files\Microsoft\jdk-11.0.16.101-hotspot\bin\VCRUNTIME140.dll
0x00007ffc93190000 - 0x00007ffc931a7000 	C:\Program Files\Microsoft\jdk-11.0.16.101-hotspot\bin\jli.dll
0x00007ffcf07a0000 - 0x00007ffcf093d000 	C:\Windows\System32\USER32.dll
0x00007ffcd6260000 - 0x00007ffcd64fa000 	C:\Windows\WinSxS\amd64_microsoft.windows.common-controls_6595b64144ccf1df_6.0.19041.1110_none_60b5254171f9507e\COMCTL32.dll
0x00007ffceebe0000 - 0x00007ffceec02000 	C:\Windows\System32\win32u.dll
0x00007ffcef8a0000 - 0x00007ffcef93e000 	C:\Windows\System32\msvcrt.dll
0x00007ffceff10000 - 0x00007ffceff3c000 	C:\Windows\System32\GDI32.dll
0x00007ffceec10000 - 0x00007ffceed25000 	C:\Windows\System32\gdi32full.dll
0x00007ffcee7e0000 - 0x00007ffcee87d000 	C:\Windows\System32\msvcp_win.dll
0x00007ffcf0090000 - 0x00007ffcf00c0000 	C:\Windows\System32\IMM32.DLL
0x00007ffc36b70000 - 0x00007ffc36c0b000 	C:\Program Files\Microsoft\jdk-11.0.16.101-hotspot\bin\msvcp140.dll
0x00007ffc2acb0000 - 0x00007ffc2b83a000 	C:\Program Files\Microsoft\jdk-11.0.16.101-hotspot\bin\server\jvm.dll
0x00007ffcf0e80000 - 0x00007ffcf0f2f000 	C:\Windows\System32\ADVAPI32.dll
0x00007ffcefcc0000 - 0x00007ffcefd5c000 	C:\Windows\System32\sechost.dll
0x00007ffcf0950000 - 0x00007ffcf0a76000 	C:\Windows\System32\RPCRT4.dll
0x00007ffcf0e70000 - 0x00007ffcf0e78000 	C:\Windows\System32\PSAPI.DLL
0x00007ffca99b0000 - 0x00007ffca99b9000 	C:\Windows\SYSTEM32\WSOCK32.dll
0x00007ffce3000000 - 0x00007ffce3027000 	C:\Windows\SYSTEM32\WINMM.dll
0x00007ffce65f0000 - 0x00007ffce65fa000 	C:\Windows\SYSTEM32\VERSION.dll
0x00007ffcf00c0000 - 0x00007ffcf012b000 	C:\Windows\System32\WS2_32.dll
0x00007ffcec570000 - 0x00007ffcec582000 	C:\Windows\SYSTEM32\kernel.appcore.dll
0x00007ffc951b0000 - 0x00007ffc951c0000 	C:\Program Files\Microsoft\jdk-11.0.16.101-hotspot\bin\verify.dll
0x00007ffcdab20000 - 0x00007ffcdad04000 	C:\Windows\SYSTEM32\DBGHELP.DLL
0x00007ffcd39f0000 - 0x00007ffcd3a24000 	C:\Windows\SYSTEM32\dbgcore.DLL
0x00007ffceeb50000 - 0x00007ffceebd2000 	C:\Windows\System32\bcryptPrimitives.dll
0x00007ffc37620000 - 0x00007ffc37648000 	C:\Program Files\Microsoft\jdk-11.0.16.101-hotspot\bin\java.dll
0x00007ffc94830000 - 0x00007ffc9483a000 	C:\Program Files\Microsoft\jdk-11.0.16.101-hotspot\bin\jimage.dll
0x00007ffc37400000 - 0x00007ffc37418000 	C:\Program Files\Microsoft\jdk-11.0.16.101-hotspot\bin\zip.dll
0x00007ffcef030000 - 0x00007ffcef774000 	C:\Windows\System32\SHELL32.dll
0x00007ffcec770000 - 0x00007ffcecf03000 	C:\Windows\SYSTEM32\windows.storage.dll
0x00007ffcef960000 - 0x00007ffcefcb4000 	C:\Windows\System32\combase.dll
0x00007ffcee030000 - 0x00007ffcee05e000 	C:\Windows\SYSTEM32\Wldp.dll
0x00007ffcf0130000 - 0x00007ffcf01dd000 	C:\Windows\System32\SHCORE.dll
0x00007ffcf0a80000 - 0x00007ffcf0ad5000 	C:\Windows\System32\shlwapi.dll
0x00007ffcee5f0000 - 0x00007ffcee60f000 	C:\Windows\SYSTEM32\profapi.dll
0x00007ffc36ad0000 - 0x00007ffc36ae9000 	C:\Program Files\Microsoft\jdk-11.0.16.101-hotspot\bin\net.dll
0x00007ffce2df0000 - 0x00007ffce2efa000 	C:\Windows\SYSTEM32\WINHTTP.dll
0x00007ffcedd90000 - 0x00007ffceddfa000 	C:\Windows\system32\mswsock.dll
0x00007ffc36ab0000 - 0x00007ffc36ac3000 	C:\Program Files\Microsoft\jdk-11.0.16.101-hotspot\bin\nio.dll

dbghelp: loaded successfully - version: 4.0.5 - missing functions: none
symbol engine: initialized successfully - sym options: 0x614 - pdb path: .;C:\Program Files\Microsoft\jdk-11.0.16.101-hotspot\bin;C:\Windows\SYSTEM32;C:\Windows\WinSxS\amd64_microsoft.windows.common-controls_6595b64144ccf1df_6.0.19041.1110_none_60b5254171f9507e;C:\Program Files\Microsoft\jdk-11.0.16.101-hotspot\bin\server

VM Arguments:
java_command: com.xamarin.manifestmerger.Main obj\Debug\110\android\manifestmerger.rsp
java_class_path (initial): D:\Visual Studio 2022\MSBuild\Xamarin\Android\manifestmerger.jar
Launcher Type: SUN_STANDARD

[Global flags]
     intx CICompilerCount                          = 3                                         {product} {ergonomic}
     uint ConcGCThreads                            = 1                                         {product} {ergonomic}
     uint G1ConcRefinementThreads                  = 4                                         {product} {ergonomic}
   size_t G1HeapRegionSize                         = 1048576                                   {product} {ergonomic}
    uintx GCDrainStackTargetSize                   = 64                                        {product} {ergonomic}
   size_t InitialHeapSize                          = 100663296                                 {product} {ergonomic}
   size_t MarkStackSize                            = 4194304                                   {product} {ergonomic}
   size_t MaxHeapSize                              = 1589641216                                {product} {ergonomic}
   size_t MaxNewSize                               = 953155584                                 {product} {ergonomic}
   size_t MinHeapDeltaBytes                        = 1048576                                   {product} {ergonomic}
    uintx NonNMethodCodeHeapSize                   = 5830732                                {pd product} {ergonomic}
    uintx NonProfiledCodeHeapSize                  = 122913754                              {pd product} {ergonomic}
    uintx ProfiledCodeHeapSize                     = 122913754                              {pd product} {ergonomic}
    uintx ReservedCodeCacheSize                    = 251658240                              {pd product} {ergonomic}
     bool SegmentedCodeCache                       = true                                      {product} {ergonomic}
     bool UseCompressedClassPointers               = true                                 {lp64_product} {ergonomic}
     bool UseCompressedOops                        = true                                 {lp64_product} {ergonomic}
     bool UseG1GC                                  = true                                      {product} {ergonomic}
     bool UseLargePagesIndividualAllocation        = false                                  {pd product} {ergonomic}

Logging:
Log output configuration:
 #0: stdout all=warning uptime,level,tags
 #1: stderr all=off uptime,level,tags

Environment Variables:
PATH=C:\Program Files\Microsoft\jdk-11.0.16.101-hotspot\bin;C:\Windows\system32;C:\Windows;C:\Windows\System32\Wbem;C:\Windows\System32\WindowsPowerShell\v1.0\;C:\Windows\System32\OpenSSH\;C:\Program Files\Microsoft SQL Server\150\Tools\Binn\;C:\Program Files\Microsoft SQL Server\Client SDK\ODBC\170\Tools\Binn\;C:\Program Files\dotnet\;C:\Program Files\Git\cmd;C:\Users\osmin\AppData\Local\Microsoft\WindowsApps;C:\Users\osmin\.dotnet\tools
USERNAME=osmin
OS=Windows_NT
PROCESSOR_IDENTIFIER=AMD64 Family 23 Model 24 Stepping 1, AuthenticAMD
TMP=C:\Users\osmin\AppData\Local\Temp
TEMP=C:\Users\osmin\AppData\Local\Temp



---------------  S Y S T E M  ---------------

OS: Windows 10 , 64 bit Build 19041 (10.0.19041.2913)
OS uptime: 2 days 4:38 hours

CPU:total 4 (initial active 4) (4 cores per cpu, 2 threads per core) family 23 model 24 stepping 1 microcode 0x0, cmov, cx8, fxsr, mmx, sse, sse2, sse3, ssse3, sse4.1, sse4.2, popcnt, avx, avx2, aes, clmul, mmxext, 3dnowpref, lzcnt, sse4a, ht, tsc, tscinvbit, tscinv, bmi1, bmi2, adx, sha, fma

Memory: 4k page, system-wide physical 6058M (391M free)
TotalPageFile size 24490M (AvailPageFile size 4M)
current process WorkingSet (physical memory assigned to process): 62M, peak: 62M
current process commit charge ("private bytes"): 167M, peak: 168M

vm_info: OpenJDK 64-Bit Server VM (11.0.16.1+1-LTS) for windows-amd64 JRE (11.0.16.1+1-LTS), built on Aug 20 2022 20:09:04 by "" with MS VC++ 15.9 (VS2017)

END.
