#
# There is insufficient memory for the Java Runtime Environment to continue.
# Native memory allocation (mmap) failed to map 100663296 bytes for Failed to commit area from 0x00000000a1400000 to 0x00000000a7400000 of length 100663296.
# Possible reasons:
#   The system is out of physical RAM or swap space
#   The process is running with CompressedOops enabled, and the Java Heap may be blocking the growth of the native heap
# Possible solutions:
#   Reduce memory load on the system
#   Increase physical memory or swap space
#   Check if swap backing store is full
#   Decrease Java heap size (-Xmx/-Xms)
#   Decrease number of Java threads
#   Decrease Java thread stack sizes (-Xss)
#   Set larger code cache with -XX:ReservedCodeCacheSize=
# This output file may be truncated or incomplete.
#
#  Out of Memory Error (./src/hotspot/os/windows/os_windows.cpp:3386), pid=20320, tid=7432
#
# JRE version:  (11.0.16.1+1) (build )
# Java VM: OpenJDK 64-Bit Server VM (11.0.16.1+1-LTS, mixed mode, sharing, tiered, compressed oops, g1 gc, windows-amd64)
# No core dump will be written. Minidumps are not enabled by default on client versions of Windows
#

---------------  S U M M A R Y ------------

Command Line: 

Host: AMD Ryzen 3 3250U with Radeon Graphics         , 4 cores, 5G,  Windows 10 , 64 bit Build 19041 (10.0.19041.2913)
Time: Thu May 25 22:50:42 2023  Windows 10 , 64 bit Build 19041 (10.0.19041.2913) elapsed time: 0.012325 seconds (0d 0h 0m 0s)

---------------  T H R E A D  ---------------

Current thread (0x0000023d9338d800):  JavaThread "Unknown thread" [_thread_in_vm, id=7432, stack(0x000000de58800000,0x000000de58900000)]

Stack: [0x000000de58800000,0x000000de58900000]
Native frames: (J=compiled Java code, j=interpreted, Vv=VM code, C=native code)
V  [jvm.dll+0x62652a]
V  [jvm.dll+0x7b3249]
V  [jvm.dll+0x7b4938]
V  [jvm.dll+0x7b5013]
V  [jvm.dll+0x24fca8]
V  [jvm.dll+0x62383a]
V  [jvm.dll+0x617fe5]
V  [jvm.dll+0x307bac]
V  [jvm.dll+0x307a32]
V  [jvm.dll+0x30c746]
V  [jvm.dll+0x352b9f]
V  [jvm.dll+0x3525d0]
V  [jvm.dll+0x2e4ba8]
V  [jvm.dll+0x2e5d06]
V  [jvm.dll+0x78d097]
V  [jvm.dll+0x78e81f]
V  [jvm.dll+0x35f8e9]
V  [jvm.dll+0x770000]
V  [jvm.dll+0x3cd40f]
V  [jvm.dll+0x3cf7a1]
C  [jli.dll+0x5207]
C  [ucrtbase.dll+0x21bb2]
C  [KERNEL32.DLL+0x17614]
C  [ntdll.dll+0x526a1]


---------------  P R O C E S S  ---------------

Threads class SMR info:
_java_thread_list=0x0000023d912efb70, length=0, elements={
}

Java Threads: ( => current thread )

Other Threads:
  0x0000023d913cc000 GCTaskThread "GC Thread#0" [stack: 0x000000de58900000,0x000000de58a00000] [id=1456]
  0x0000023d933c6000 ConcurrentGCThread "G1 Main Marker" [stack: 0x000000de58a00000,0x000000de58b00000] [id=20360]
  0x0000023d933c8000 ConcurrentGCThread "G1 Conc#0" [stack: 0x000000de58b00000,0x000000de58c00000] [id=14664]

[error occurred during error reporting (printing all threads), id 0xc0000005, EXCEPTION_ACCESS_VIOLATION (0xc0000005) at pc=0x00007ffcad734377]

VM state:not at safepoint (not fully initialized)

VM Mutex/Monitor currently owned by a thread:  ([mutex/lock_event])
[0x0000023d93389320] Heap_lock - owner thread: 0x0000023d9338d800

Heap address: 0x00000000a1400000, size: 1516 MB, Compressed Oops mode: Non-zero based: 0x00000000a1400000
Narrow klass base: 0x0000000000000000, Narrow klass shift: 0

GC Heap History (0 events):
No events

Deoptimization events (0 events):
No events

Classes redefined (0 events):
No events

Internal exceptions (0 events):
No events

Events (1 events):
Event: 0.007 Loaded shared library C:\Program Files\Microsoft\jdk-11.0.16.101-hotspot\bin\zip.dll


Dynamic libraries:
0x00007ff6d8e60000 - 0x00007ff6d8e6d000 	C:\Program Files\Microsoft\jdk-11.0.16.101-hotspot\bin\java.exe
0x00007ffcf0fd0000 - 0x00007ffcf11c8000 	C:\Windows\SYSTEM32\ntdll.dll
0x00007ffceffd0000 - 0x00007ffcf008f000 	C:\Windows\System32\KERNEL32.DLL
0x00007ffceed30000 - 0x00007ffcef026000 	C:\Windows\System32\KERNELBASE.dll
0x00007ffceea50000 - 0x00007ffceeb50000 	C:\Windows\System32\ucrtbase.dll
0x00007ffce8ea0000 - 0x00007ffce8eb7000 	C:\Program Files\Microsoft\jdk-11.0.16.101-hotspot\bin\jli.dll
0x00007ffce8b60000 - 0x00007ffce8b75000 	C:\Program Files\Microsoft\jdk-11.0.16.101-hotspot\bin\VCRUNTIME140.dll
0x00007ffcf07a0000 - 0x00007ffcf093d000 	C:\Windows\System32\USER32.dll
0x00007ffceebe0000 - 0x00007ffceec02000 	C:\Windows\System32\win32u.dll
0x00007ffcd6260000 - 0x00007ffcd64fa000 	C:\Windows\WinSxS\amd64_microsoft.windows.common-controls_6595b64144ccf1df_6.0.19041.1110_none_60b5254171f9507e\COMCTL32.dll
0x00007ffceff10000 - 0x00007ffceff3c000 	C:\Windows\System32\GDI32.dll
0x00007ffcef8a0000 - 0x00007ffcef93e000 	C:\Windows\System32\msvcrt.dll
0x00007ffceec10000 - 0x00007ffceed25000 	C:\Windows\System32\gdi32full.dll
0x00007ffcee7e0000 - 0x00007ffcee87d000 	C:\Windows\System32\msvcp_win.dll
0x00007ffcf0090000 - 0x00007ffcf00c0000 	C:\Windows\System32\IMM32.DLL
0x00007ffce76b0000 - 0x00007ffce774b000 	C:\Program Files\Microsoft\jdk-11.0.16.101-hotspot\bin\msvcp140.dll
0x00007ffcad440000 - 0x00007ffcadfca000 	C:\Program Files\Microsoft\jdk-11.0.16.101-hotspot\bin\server\jvm.dll
0x00007ffcf0e80000 - 0x00007ffcf0f2f000 	C:\Windows\System32\ADVAPI32.dll
0x00007ffcefcc0000 - 0x00007ffcefd5c000 	C:\Windows\System32\sechost.dll
0x00007ffcf0950000 - 0x00007ffcf0a76000 	C:\Windows\System32\RPCRT4.dll
0x00007ffcf0e70000 - 0x00007ffcf0e78000 	C:\Windows\System32\PSAPI.DLL
0x00007ffce3000000 - 0x00007ffce3027000 	C:\Windows\SYSTEM32\WINMM.dll
0x00007ffca99b0000 - 0x00007ffca99b9000 	C:\Windows\SYSTEM32\WSOCK32.dll
0x00007ffcf00c0000 - 0x00007ffcf012b000 	C:\Windows\System32\WS2_32.dll
0x00007ffce65f0000 - 0x00007ffce65fa000 	C:\Windows\SYSTEM32\VERSION.dll
0x00007ffcec570000 - 0x00007ffcec582000 	C:\Windows\SYSTEM32\kernel.appcore.dll
0x00007ffce90a0000 - 0x00007ffce90b0000 	C:\Program Files\Microsoft\jdk-11.0.16.101-hotspot\bin\verify.dll
0x00007ffcdab20000 - 0x00007ffcdad04000 	C:\Windows\SYSTEM32\DBGHELP.DLL
0x00007ffcd39f0000 - 0x00007ffcd3a24000 	C:\Windows\SYSTEM32\dbgcore.DLL
0x00007ffceeb50000 - 0x00007ffceebd2000 	C:\Windows\System32\bcryptPrimitives.dll
0x00007ffce8940000 - 0x00007ffce8968000 	C:\Program Files\Microsoft\jdk-11.0.16.101-hotspot\bin\java.dll
0x00007ffce8b50000 - 0x00007ffce8b5a000 	C:\Program Files\Microsoft\jdk-11.0.16.101-hotspot\bin\jimage.dll
0x00007ffce7690000 - 0x00007ffce76a8000 	C:\Program Files\Microsoft\jdk-11.0.16.101-hotspot\bin\zip.dll

dbghelp: loaded successfully - version: 4.0.5 - missing functions: none
symbol engine: initialized successfully - sym options: 0x614 - pdb path: .;C:\Program Files\Microsoft\jdk-11.0.16.101-hotspot\bin;C:\Windows\SYSTEM32;C:\Windows\WinSxS\amd64_microsoft.windows.common-controls_6595b64144ccf1df_6.0.19041.1110_none_60b5254171f9507e;C:\Program Files\Microsoft\jdk-11.0.16.101-hotspot\bin\server

VM Arguments:
java_command: <unknown>
java_class_path (initial): <not set>
Launcher Type: SUN_STANDARD

[Global flags]
     intx CICompilerCount                          = 3                                         {product} {ergonomic}
     uint ConcGCThreads                            = 1                                         {product} {ergonomic}
     uint G1ConcRefinementThreads                  = 4                                         {product} {ergonomic}
   size_t G1HeapRegionSize                         = 1048576                                   {product} {ergonomic}
    uintx GCDrainStackTargetSize                   = 64                                        {product} {ergonomic}
   size_t InitialHeapSize                          = 100663296                                 {product} {ergonomic}
   size_t MarkStackSize                            = 4194304                                   {product} {ergonomic}
   size_t MaxHeapSize                              = 1589641216                                {product} {ergonomic}
   size_t MinHeapDeltaBytes                        = 1048576                                   {product} {ergonomic}
    uintx NonNMethodCodeHeapSize                   = 5830732                                {pd product} {ergonomic}
    uintx NonProfiledCodeHeapSize                  = 122913754                              {pd product} {ergonomic}
    uintx ProfiledCodeHeapSize                     = 122913754                              {pd product} {ergonomic}
    uintx ReservedCodeCacheSize                    = 251658240                              {pd product} {ergonomic}
     bool SegmentedCodeCache                       = true                                      {product} {ergonomic}
     bool UseCompressedClassPointers               = true                                 {lp64_product} {ergonomic}
     bool UseCompressedOops                        = true                                 {lp64_product} {ergonomic}
     bool UseG1GC                                  = true                                      {product} {ergonomic}
     bool UseLargePagesIndividualAllocation        = false                                  {pd product} {ergonomic}

Logging:
Log output configuration:
 #0: stdout all=warning uptime,level,tags
 #1: stderr all=off uptime,level,tags

Environment Variables:
PATH=C:\Program Files\Microsoft\jdk-11.0.16.101-hotspot\bin;C:\Windows\system32;C:\Windows;C:\Windows\System32\Wbem;C:\Windows\System32\WindowsPowerShell\v1.0\;C:\Windows\System32\OpenSSH\;C:\Program Files\Microsoft SQL Server\150\Tools\Binn\;C:\Program Files\Microsoft SQL Server\Client SDK\ODBC\170\Tools\Binn\;C:\Program Files\dotnet\;C:\Program Files\Git\cmd;C:\Users\osmin\AppData\Local\Microsoft\WindowsApps;C:\Users\osmin\.dotnet\tools
USERNAME=osmin
OS=Windows_NT
PROCESSOR_IDENTIFIER=AMD64 Family 23 Model 24 Stepping 1, AuthenticAMD
TMP=C:\Users\osmin\AppData\Local\Temp
TEMP=C:\Users\osmin\AppData\Local\Temp



---------------  S Y S T E M  ---------------

OS: Windows 10 , 64 bit Build 19041 (10.0.19041.2913)
OS uptime: 2 days 7:32 hours

CPU:total 4 (initial active 4) (4 cores per cpu, 2 threads per core) family 23 model 24 stepping 1 microcode 0x0, cmov, cx8, fxsr, mmx, sse, sse2, sse3, ssse3, sse4.1, sse4.2, popcnt, avx, avx2, aes, clmul, mmxext, 3dnowpref, lzcnt, sse4a, ht, tsc, tscinvbit, tscinv, bmi1, bmi2, adx, sha, fma

Memory: 4k page, system-wide physical 6058M (703M free)
TotalPageFile size 24490M (AvailPageFile size 84M)
current process WorkingSet (physical memory assigned to process): 10M, peak: 10M
current process commit charge ("private bytes"): 51M, peak: 147M

vm_info: OpenJDK 64-Bit Server VM (11.0.16.1+1-LTS) for windows-amd64 JRE (11.0.16.1+1-LTS), built on Aug 20 2022 20:09:04 by "" with MS VC++ 15.9 (VS2017)

END.
